26.0692 	WARNING 	User requested fullscreen with size [2880 1800], but screen is actually [1440, 900]. Using actual size
29.6910 	DATA 	Keypress: space
30.3121 	DATA 	Keypress: space
36.3583 	DATA 	Mouse: Left button down, pos=(1000,421)
36.6762 	DATA 	Mouse:  Left button up, pos=(1000,421)
43.9132 	DATA 	Mouse: Left button down, pos=(1097,388)
44.2494 	DATA 	Mouse:  Left button up, pos=(1097,388)
51.2762 	DATA 	Mouse: Left button down, pos=(240,620)
51.6002 	DATA 	Mouse:  Left button up, pos=(240,620)
57.6244 	DATA 	Mouse: Left button down, pos=(774,602)
57.9400 	DATA 	Mouse:  Left button up, pos=(774,602)
64.1105 	DATA 	Mouse: Left button down, pos=(568,441)
64.4493 	DATA 	Mouse:  Left button up, pos=(568,441)
71.0756 	DATA 	Mouse: Left button down, pos=(202,78)
71.4004 	DATA 	Mouse:  Left button up, pos=(202,78)
78.8635 	DATA 	Mouse: Left button down, pos=(590,100)
79.1973 	DATA 	Mouse:  Left button up, pos=(590,100)
85.5730 	DATA 	Mouse: Left button down, pos=(1043,309)
85.8883 	DATA 	Mouse:  Left button up, pos=(1043,309)
91.5737 	DATA 	Mouse: Left button down, pos=(317,677)
91.8894 	DATA 	Mouse:  Left button up, pos=(317,677)
98.4737 	DATA 	Mouse: Left button down, pos=(929,375)
98.7987 	DATA 	Mouse:  Left button up, pos=(929,375)
99.6527 	DATA 	Keypress: space
104.5745 	DATA 	Mouse: Left button down, pos=(712,35)
104.8949 	DATA 	Mouse:  Left button up, pos=(712,35)
108.7757 	DATA 	Mouse: Left button down, pos=(392,453)
109.1008 	DATA 	Mouse:  Left button up, pos=(392,453)
113.5423 	DATA 	Mouse: Left button down, pos=(284,802)
113.8664 	DATA 	Mouse:  Left button up, pos=(284,802)
118.5558 	DATA 	Mouse: Left button down, pos=(781,67)
118.8714 	DATA 	Mouse:  Left button up, pos=(781,67)
123.4573 	DATA 	Mouse: Left button down, pos=(549,547)
123.7832 	DATA 	Mouse:  Left button up, pos=(548,547)
127.9554 	DATA 	Mouse: Left button down, pos=(810,676)
128.2715 	DATA 	Mouse:  Left button up, pos=(810,676)
133.2235 	DATA 	Mouse: Left button down, pos=(1178,289)
133.5498 	DATA 	Mouse:  Left button up, pos=(1178,289)
138.3565 	DATA 	Mouse: Left button down, pos=(431,562)
138.6813 	DATA 	Mouse:  Left button up, pos=(431,562)
142.5891 	DATA 	Mouse: Left button down, pos=(729,264)
142.9059 	DATA 	Mouse:  Left button up, pos=(729,264)
147.2890 	DATA 	Mouse: Left button down, pos=(238,598)
147.6151 	DATA 	Mouse:  Left button up, pos=(238,598)
152.3066 	DATA 	Mouse: Left button down, pos=(953,680)
152.6318 	DATA 	Mouse:  Left button up, pos=(954,680)
158.2272 	DATA 	Mouse: Left button down, pos=(686,268)
158.5642 	DATA 	Mouse:  Left button up, pos=(686,268)
163.2228 	DATA 	Mouse: Left button down, pos=(891,221)
163.5485 	DATA 	Mouse:  Left button up, pos=(891,221)
168.2571 	DATA 	Mouse: Left button down, pos=(378,68)
168.5979 	DATA 	Mouse:  Left button up, pos=(378,68)
174.4730 	DATA 	Mouse: Left button down, pos=(1060,34)
174.7881 	DATA 	Mouse:  Left button up, pos=(1060,34)
179.2062 	DATA 	Mouse: Left button down, pos=(882,665)
179.5321 	DATA 	Mouse:  Left button up, pos=(882,665)
184.2080 	DATA 	Mouse: Left button down, pos=(1160,828)
184.5326 	DATA 	Mouse:  Left button up, pos=(1160,828)
189.7381 	DATA 	Mouse: Left button down, pos=(572,441)
190.0525 	DATA 	Mouse:  Left button up, pos=(572,441)
195.8048 	DATA 	Mouse: Left button down, pos=(414,208)
196.1199 	DATA 	Mouse:  Left button up, pos=(414,208)
200.7212 	DATA 	Mouse: Left button down, pos=(635,463)
201.0364 	DATA 	Mouse:  Left button up, pos=(635,463)
203.2804 	WARNING 	t of last frame was 46.76ms (=1/21)
205.4222 	DATA 	Mouse: Left button down, pos=(506,710)
205.7407 	ERROR 	trialnum=20 ERROR,1 frames were longer than 19.96 ms apparently screen refreshes skipped, interframe durs were:[46.8] and was these frames: [22]
205.7472 	DATA 	Mouse:  Left button up, pos=(506,710)
209.5499 	WARNING 	t of last frame was 99.82ms (=1/10)
209.6407 	WARNING 	t of last frame was 90.72ms (=1/11)
211.5720 	DATA 	Mouse: Left button down, pos=(218,510)
211.8923 	ERROR 	trialnum=21 ERROR,2 frames were longer than 19.96 ms apparently screen refreshes skipped, interframe durs were:[99.8 90.7] and was these frames: [27 28]
211.8985 	DATA 	Mouse:  Left button up, pos=(218,510)
216.7059 	DATA 	Mouse: Left button down, pos=(1079,206)
217.0297 	DATA 	Mouse:  Left button up, pos=(1079,206)
222.5554 	DATA 	Mouse: Left button down, pos=(799,157)
222.8812 	DATA 	Mouse:  Left button up, pos=(799,157)
227.0880 	DATA 	Mouse: Left button down, pos=(1087,334)
227.4033 	DATA 	Mouse:  Left button up, pos=(1087,334)
231.5568 	DATA 	Mouse: Left button down, pos=(1153,792)
231.8810 	DATA 	Mouse:  Left button up, pos=(1153,792)
237.0394 	DATA 	Mouse: Left button down, pos=(768,763)
237.3642 	DATA 	Mouse:  Left button up, pos=(768,763)
241.7206 	DATA 	Mouse: Left button down, pos=(334,543)
242.0358 	DATA 	Mouse:  Left button up, pos=(334,543)
247.5895 	DATA 	Mouse: Left button down, pos=(1119,112)
247.9142 	DATA 	Mouse:  Left button up, pos=(1119,112)
252.8378 	DATA 	Mouse: Left button down, pos=(974,625)
253.1642 	DATA 	Mouse:  Left button up, pos=(974,625)
258.3042 	DATA 	Mouse: Left button down, pos=(643,92)
258.6216 	DATA 	Mouse:  Left button up, pos=(643,92)
263.5602 	DATA 	Mouse: Left button down, pos=(412,485)
263.8965 	DATA 	Mouse:  Left button up, pos=(412,485)
268.7056 	DATA 	Mouse: Left button down, pos=(988,674)
269.0307 	DATA 	Mouse:  Left button up, pos=(988,674)
272.5723 	DATA 	Mouse: Left button down, pos=(582,727)
272.8963 	DATA 	Mouse:  Left button up, pos=(582,727)
276.9383 	DATA 	Mouse: Left button down, pos=(1126,737)
277.2637 	DATA 	Mouse:  Left button up, pos=(1126,737)
281.2207 	DATA 	Mouse: Left button down, pos=(1071,635)
281.5362 	DATA 	Mouse:  Left button up, pos=(1071,635)
286.1387 	DATA 	Mouse: Left button down, pos=(651,208)
286.4638 	DATA 	Mouse:  Left button up, pos=(651,208)
290.5555 	DATA 	Mouse: Left button down, pos=(1219,461)
290.8719 	DATA 	Mouse:  Left button up, pos=(1219,462)
294.6379 	DATA 	Mouse: Left button down, pos=(1105,820)
294.9543 	DATA 	Mouse:  Left button up, pos=(1105,820)
300.7259 	DATA 	Mouse: Left button down, pos=(244,400)
301.0629 	DATA 	Mouse:  Left button up, pos=(244,400)
306.2215 	DATA 	Mouse: Left button down, pos=(579,215)
306.5383 	DATA 	Mouse:  Left button up, pos=(580,215)
311.8547 	DATA 	Mouse: Left button down, pos=(204,175)
312.1797 	DATA 	Mouse:  Left button up, pos=(204,175)
316.4875 	DATA 	Mouse: Left button down, pos=(259,734)
316.8131 	DATA 	Mouse:  Left button up, pos=(259,734)
321.9033 	DATA 	Mouse: Left button down, pos=(1047,574)
322.2197 	DATA 	Mouse:  Left button up, pos=(1047,574)
326.9859 	DATA 	Mouse: Left button down, pos=(950,56)
327.3030 	DATA 	Mouse:  Left button up, pos=(950,56)
331.2217 	DATA 	Mouse: Left button down, pos=(1058,198)
331.5467 	DATA 	Mouse:  Left button up, pos=(1058,198)
336.5038 	DATA 	Mouse: Left button down, pos=(508,553)
336.8292 	DATA 	Mouse:  Left button up, pos=(508,553)
341.5188 	DATA 	Mouse: Left button down, pos=(316,124)
341.8346 	DATA 	Mouse:  Left button up, pos=(316,124)
345.7857 	DATA 	Mouse: Left button down, pos=(996,295)
346.1016 	DATA 	Mouse:  Left button up, pos=(996,295)
351.8387 	DATA 	Mouse: Left button down, pos=(577,232)
352.1627 	DATA 	Mouse:  Left button up, pos=(577,232)
358.3883 	DATA 	Mouse: Left button down, pos=(1124,139)
358.7130 	DATA 	Mouse:  Left button up, pos=(1124,139)
363.0094 	DATA 	Mouse: Left button down, pos=(326,153)
363.3454 	DATA 	Mouse:  Left button up, pos=(326,153)
367.6930 	DATA 	Mouse: Left button down, pos=(1100,67)
368.0286 	DATA 	Mouse:  Left button up, pos=(1100,67)
373.2221 	DATA 	Mouse: Left button down, pos=(431,714)
373.5444 	DATA 	Mouse:  Left button up, pos=(431,714)
377.7360 	DATA 	Mouse: Left button down, pos=(565,292)
378.0523 	DATA 	Mouse:  Left button up, pos=(565,292)
383.0047 	DATA 	Mouse: Left button down, pos=(726,188)
383.3295 	DATA 	Mouse:  Left button up, pos=(726,188)
388.5706 	DATA 	Mouse: Left button down, pos=(250,412)
388.8965 	DATA 	Mouse:  Left button up, pos=(250,412)
393.2928 	DATA 	Mouse: Left button down, pos=(624,116)
393.6281 	DATA 	Mouse:  Left button up, pos=(624,116)
398.2929 	DATA 	Mouse: Left button down, pos=(634,278)
398.6440 	DATA 	Mouse:  Left button up, pos=(634,277)
404.3543 	DATA 	Mouse: Left button down, pos=(1139,100)
404.6786 	DATA 	Mouse:  Left button up, pos=(1139,100)
408.7217 	DATA 	Mouse: Left button down, pos=(881,386)
409.0453 	DATA 	Mouse:  Left button up, pos=(881,386)
413.8347 	DATA 	Mouse: Left button down, pos=(665,767)
414.1504 	DATA 	Mouse:  Left button up, pos=(665,767)
419.7378 	DATA 	Mouse: Left button down, pos=(883,95)
420.0780 	DATA 	Mouse:  Left button up, pos=(883,95)
424.1883 	DATA 	Mouse: Left button down, pos=(753,237)
424.5292 	DATA 	Mouse:  Left button up, pos=(753,237)
428.7699 	DATA 	Mouse: Left button down, pos=(1006,282)
429.0954 	DATA 	Mouse:  Left button up, pos=(1006,282)
434.2542 	DATA 	Mouse: Left button down, pos=(368,376)
434.5794 	DATA 	Mouse:  Left button up, pos=(368,376)
438.6748 	DATA 	Mouse: Left button down, pos=(565,747)
439.0283 	DATA 	Mouse:  Left button up, pos=(565,747)
442.7364 	DATA 	Mouse: Left button down, pos=(1070,238)
443.0529 	DATA 	Mouse:  Left button up, pos=(1070,238)
447.1028 	DATA 	Mouse: Left button down, pos=(233,425)
447.4179 	DATA 	Mouse:  Left button up, pos=(233,425)
452.6686 	DATA 	Mouse: Left button down, pos=(1161,138)
452.9860 	DATA 	Mouse:  Left button up, pos=(1161,138)
456.7181 	DATA 	Mouse: Left button down, pos=(755,514)
457.0350 	DATA 	Mouse:  Left button up, pos=(755,514)
461.8243 	DATA 	Mouse: Left button down, pos=(1058,532)
462.1602 	DATA 	Mouse:  Left button up, pos=(1058,532)
465.9507 	DATA 	Mouse: Left button down, pos=(458,644)
466.2651 	DATA 	Mouse:  Left button up, pos=(458,644)
470.1039 	DATA 	Mouse: Left button down, pos=(468,528)
470.4444 	DATA 	Mouse:  Left button up, pos=(468,528)
475.9855 	DATA 	Mouse: Left button down, pos=(1212,345)
476.3016 	DATA 	Mouse:  Left button up, pos=(1212,345)
481.6353 	DATA 	Mouse: Left button down, pos=(965,500)
481.9606 	DATA 	Mouse:  Left button up, pos=(965,500)
486.2361 	DATA 	Mouse: Left button down, pos=(345,763)
486.5594 	DATA 	Mouse:  Left button up, pos=(345,763)
492.1503 	DATA 	Mouse: Left button down, pos=(653,146)
492.4679 	DATA 	Mouse:  Left button up, pos=(653,146)
496.9191 	DATA 	Mouse: Left button down, pos=(948,788)
497.2439 	DATA 	Mouse:  Left button up, pos=(948,788)
500.8848 	DATA 	Mouse: Left button down, pos=(751,344)
501.1997 	DATA 	Mouse:  Left button up, pos=(751,344)
506.7674 	DATA 	Mouse: Left button down, pos=(829,63)
507.0833 	DATA 	Mouse:  Left button up, pos=(829,63)
510.9190 	DATA 	Mouse: Left button down, pos=(528,181)
511.2451 	DATA 	Mouse:  Left button up, pos=(528,182)
516.5192 	DATA 	Mouse: Left button down, pos=(220,734)
516.8440 	DATA 	Mouse:  Left button up, pos=(220,734)
520.4013 	DATA 	Mouse: Left button down, pos=(764,574)
520.7174 	DATA 	Mouse:  Left button up, pos=(764,574)
525.1345 	DATA 	Mouse: Left button down, pos=(841,306)
525.4520 	DATA 	Mouse:  Left button up, pos=(841,306)
529.8176 	DATA 	Mouse: Left button down, pos=(714,369)
530.1352 	DATA 	Mouse:  Left button up, pos=(714,369)
535.1683 	DATA 	Mouse: Left button down, pos=(1067,191)
535.4838 	DATA 	Mouse:  Left button up, pos=(1067,191)
539.1510 	DATA 	Mouse: Left button down, pos=(584,238)
539.4681 	DATA 	Mouse:  Left button up, pos=(584,239)
544.1010 	DATA 	Mouse: Left button down, pos=(582,752)
544.4275 	DATA 	Mouse:  Left button up, pos=(582,752)
549.6522 	DATA 	Mouse: Left button down, pos=(1148,532)
549.9760 	DATA 	Mouse:  Left button up, pos=(1148,532)
554.0675 	DATA 	Mouse: Left button down, pos=(466,688)
554.3847 	DATA 	Mouse:  Left button up, pos=(466,688)
559.6017 	DATA 	Mouse: Left button down, pos=(335,448)
559.9179 	DATA 	Mouse:  Left button up, pos=(335,448)
563.9999 	DATA 	Mouse: Left button down, pos=(594,199)
564.3155 	DATA 	Mouse:  Left button up, pos=(594,199)
568.1906 	DATA 	Mouse: Left button down, pos=(492,140)
568.5250 	DATA 	Mouse:  Left button up, pos=(492,139)
572.5692 	DATA 	Mouse: Left button down, pos=(377,634)
572.8942 	DATA 	Mouse:  Left button up, pos=(377,634)
578.0696 	DATA 	Mouse: Left button down, pos=(943,264)
578.3930 	DATA 	Mouse:  Left button up, pos=(943,264)
583.2018 	DATA 	Mouse: Left button down, pos=(763,763)
583.5278 	DATA 	Mouse:  Left button up, pos=(763,763)
587.6673 	DATA 	Mouse: Left button down, pos=(682,41)
587.9824 	DATA 	Mouse:  Left button up, pos=(682,41)
592.9676 	DATA 	Mouse: Left button down, pos=(1166,795)
593.2837 	DATA 	Mouse:  Left button up, pos=(1166,795)
598.2679 	DATA 	Mouse: Left button down, pos=(727,726)
598.5934 	DATA 	Mouse:  Left button up, pos=(727,726)
602.7179 	DATA 	Mouse: Left button down, pos=(660,397)
603.0434 	DATA 	Mouse:  Left button up, pos=(660,397)
607.5398 	DATA 	Mouse: Left button down, pos=(1156,418)
607.8751 	DATA 	Mouse:  Left button up, pos=(1156,418)
613.0671 	DATA 	Mouse: Left button down, pos=(796,39)
613.3930 	DATA 	Mouse:  Left button up, pos=(796,39)
618.2510 	DATA 	Mouse: Left button down, pos=(832,237)
618.5780 	DATA 	Mouse:  Left button up, pos=(832,234)
622.6181 	DATA 	Mouse: Left button down, pos=(1207,291)
622.9341 	DATA 	Mouse:  Left button up, pos=(1207,291)
627.1672 	DATA 	Mouse: Left button down, pos=(580,166)
627.5094 	DATA 	Mouse:  Left button up, pos=(580,166)
632.9341 	DATA 	Mouse: Left button down, pos=(699,226)
633.2597 	DATA 	Mouse:  Left button up, pos=(699,226)
637.8827 	DATA 	Mouse: Left button down, pos=(630,669)
638.1984 	DATA 	Mouse:  Left button up, pos=(630,669)
642.9485 	DATA 	Mouse: Left button down, pos=(655,628)
643.2655 	DATA 	Mouse:  Left button up, pos=(655,628)
648.7843 	DATA 	Mouse: Left button down, pos=(1153,178)
649.1244 	DATA 	Mouse:  Left button up, pos=(1153,178)
653.0344 	DATA 	Mouse: Left button down, pos=(901,169)
653.3588 	DATA 	Mouse:  Left button up, pos=(901,169)
658.9011 	DATA 	Mouse: Left button down, pos=(273,797)
659.2183 	DATA 	Mouse:  Left button up, pos=(273,797)
663.2833 	DATA 	Mouse: Left button down, pos=(929,68)
663.5991 	DATA 	Mouse:  Left button up, pos=(929,68)
668.4342 	DATA 	Mouse: Left button down, pos=(1042,675)
668.7584 	DATA 	Mouse:  Left button up, pos=(1042,675)
672.9821 	DATA 	Mouse: Left button down, pos=(264,514)
673.2982 	DATA 	Mouse:  Left button up, pos=(264,514)
678.0495 	DATA 	Mouse: Left button down, pos=(1193,273)
678.3656 	DATA 	Mouse:  Left button up, pos=(1193,273)
682.0659 	DATA 	Mouse: Left button down, pos=(630,236)
682.3821 	DATA 	Mouse:  Left button up, pos=(630,236)
687.1657 	DATA 	Mouse: Left button down, pos=(575,148)
687.4827 	DATA 	Mouse:  Left button up, pos=(575,148)
693.0820 	DATA 	Mouse: Left button down, pos=(248,533)
693.3977 	DATA 	Mouse:  Left button up, pos=(248,533)
697.4334 	DATA 	Mouse: Left button down, pos=(1014,700)
697.7572 	DATA 	Mouse:  Left button up, pos=(1014,700)
702.4481 	DATA 	Mouse: Left button down, pos=(1204,545)
702.7659 	DATA 	Mouse:  Left button up, pos=(1204,545)
708.1824 	DATA 	Mouse: Left button down, pos=(384,438)
708.5004 	DATA 	Mouse:  Left button up, pos=(384,438)
712.9488 	DATA 	Mouse: Left button down, pos=(354,594)
713.2743 	DATA 	Mouse:  Left button up, pos=(354,594)
718.3813 	DATA 	Mouse: Left button down, pos=(990,43)
718.6974 	DATA 	Mouse:  Left button up, pos=(990,43)
722.2319 	DATA 	Mouse: Left button down, pos=(768,766)
722.5740 	DATA 	Mouse:  Left button up, pos=(767,766)
727.5828 	DATA 	Mouse: Left button down, pos=(1136,364)
727.9069 	DATA 	Mouse:  Left button up, pos=(1136,364)
733.0675 	DATA 	Mouse: Left button down, pos=(906,587)
733.3919 	DATA 	Mouse:  Left button up, pos=(906,587)
738.6659 	DATA 	Mouse: Left button down, pos=(616,807)
738.9909 	DATA 	Mouse:  Left button up, pos=(616,808)
742.7322 	DATA 	Mouse: Left button down, pos=(425,853)
743.0570 	DATA 	Mouse:  Left button up, pos=(425,853)
746.7500 	DATA 	Mouse: Left button down, pos=(1075,297)
747.0744 	DATA 	Mouse:  Left button up, pos=(1075,297)
751.4154 	DATA 	Mouse: Left button down, pos=(885,449)
751.7408 	DATA 	Mouse:  Left button up, pos=(885,449)
756.3821 	DATA 	Mouse: Left button down, pos=(996,578)
756.6986 	DATA 	Mouse:  Left button up, pos=(996,578)
760.2493 	DATA 	Mouse: Left button down, pos=(662,524)
760.5739 	DATA 	Mouse:  Left button up, pos=(662,524)
765.1484 	DATA 	Mouse: Left button down, pos=(544,655)
765.4739 	DATA 	Mouse:  Left button up, pos=(544,656)
770.3661 	DATA 	Mouse: Left button down, pos=(631,93)
770.7067 	DATA 	Mouse:  Left button up, pos=(631,93)
775.2498 	DATA 	Mouse: Left button down, pos=(748,447)
775.5751 	DATA 	Mouse:  Left button up, pos=(748,447)
779.3333 	DATA 	Mouse: Left button down, pos=(281,680)
779.6580 	DATA 	Mouse:  Left button up, pos=(281,680)
783.9179 	DATA 	Mouse: Left button down, pos=(734,416)
784.2570 	DATA 	Mouse:  Left button up, pos=(734,416)
788.4820 	DATA 	Mouse: Left button down, pos=(918,213)
788.7986 	DATA 	Mouse:  Left button up, pos=(918,213)
793.5835 	DATA 	Mouse: Left button down, pos=(802,198)
793.9223 	DATA 	Mouse:  Left button up, pos=(802,198)
798.0324 	DATA 	Mouse: Left button down, pos=(443,442)
798.3567 	DATA 	Mouse:  Left button up, pos=(443,441)
802.8647 	DATA 	Mouse: Left button down, pos=(729,109)
803.1892 	DATA 	Mouse:  Left button up, pos=(729,109)
807.2817 	DATA 	Mouse: Left button down, pos=(977,284)
807.6062 	DATA 	Mouse:  Left button up, pos=(977,284)
811.2658 	DATA 	Mouse: Left button down, pos=(403,128)
811.6265 	DATA 	Mouse:  Left button up, pos=(402,128)
816.5652 	DATA 	Mouse: Left button down, pos=(233,28)
816.8901 	DATA 	Mouse:  Left button up, pos=(233,28)
820.7311 	DATA 	Mouse: Left button down, pos=(919,334)
821.0574 	DATA 	Mouse:  Left button up, pos=(919,334)
826.3970 	DATA 	Mouse: Left button down, pos=(593,669)
826.7235 	DATA 	Mouse:  Left button up, pos=(593,669)
830.2986 	DATA 	Mouse: Left button down, pos=(987,383)
830.6236 	DATA 	Mouse:  Left button up, pos=(987,383)
835.8835 	DATA 	Mouse: Left button down, pos=(1132,282)
836.2236 	DATA 	Mouse:  Left button up, pos=(1133,282)
841.7970 	DATA 	Mouse: Left button down, pos=(252,318)
842.1224 	DATA 	Mouse:  Left button up, pos=(252,318)
846.9992 	DATA 	Mouse: Left button down, pos=(882,327)
847.3239 	DATA 	Mouse:  Left button up, pos=(882,327)
851.0641 	DATA 	Mouse: Left button down, pos=(642,472)
851.3799 	DATA 	Mouse:  Left button up, pos=(642,472)
856.5655 	DATA 	Mouse: Left button down, pos=(435,563)
856.8897 	DATA 	Mouse:  Left button up, pos=(435,563)
862.1705 	DATA 	Mouse: Left button down, pos=(822,294)
862.5062 	DATA 	Mouse:  Left button up, pos=(822,294)
866.3641 	DATA 	Mouse: Left button down, pos=(977,571)
866.6889 	DATA 	Mouse:  Left button up, pos=(977,571)
870.8151 	DATA 	Mouse: Left button down, pos=(978,769)
871.1405 	DATA 	Mouse:  Left button up, pos=(978,769)
875.3650 	DATA 	Mouse: Left button down, pos=(901,570)
875.6821 	DATA 	Mouse:  Left button up, pos=(901,571)
879.6482 	DATA 	Mouse: Left button down, pos=(1007,318)
879.9733 	DATA 	Mouse:  Left button up, pos=(1007,318)
884.9120 	DATA 	Mouse: Left button down, pos=(446,115)
885.2280 	DATA 	Mouse:  Left button up, pos=(446,115)
889.9818 	DATA 	Mouse: Left button down, pos=(487,553)
890.3068 	DATA 	Mouse:  Left button up, pos=(487,553)
894.8972 	DATA 	Mouse: Left button down, pos=(783,706)
895.2146 	DATA 	Mouse:  Left button up, pos=(783,706)
899.8311 	DATA 	Mouse: Left button down, pos=(758,477)
900.1562 	DATA 	Mouse:  Left button up, pos=(758,477)
904.3383 	DATA 	Mouse: Left button down, pos=(512,829)
904.6777 	DATA 	Mouse:  Left button up, pos=(512,829)
908.6637 	DATA 	Mouse: Left button down, pos=(1009,346)
908.9906 	DATA 	Mouse:  Left button up, pos=(1009,346)
912.9985 	DATA 	Mouse: Left button down, pos=(435,800)
913.3236 	DATA 	Mouse:  Left button up, pos=(431,801)
917.8788 	DATA 	Mouse: Left button down, pos=(522,543)
918.1972 	DATA 	Mouse:  Left button up, pos=(522,543)
922.0791 	DATA 	Mouse: Left button down, pos=(354,276)
922.4049 	DATA 	Mouse:  Left button up, pos=(354,276)
926.9149 	DATA 	Mouse: Left button down, pos=(883,539)
927.2385 	DATA 	Mouse:  Left button up, pos=(883,539)
929.9295 	WARNING 	t of last frame was 22.05ms (=1/45)
930.0134 	WARNING 	Multiple dropped frames have occurred - I'll stop bothering you about them!
931.4985 	DATA 	Mouse: Left button down, pos=(773,256)
931.8089 	ERROR 	trialnum=168 ERROR,2 frames were longer than 19.96 ms apparently screen refreshes skipped, interframe durs were:[22.1 22.5] and was these frames: [27 32]
931.8159 	DATA 	Mouse:  Left button up, pos=(773,256)
935.6957 	DATA 	Mouse: Left button down, pos=(904,41)
936.0224 	DATA 	Mouse:  Left button up, pos=(904,41)
940.6482 	DATA 	Mouse: Left button down, pos=(824,138)
940.9732 	DATA 	Mouse:  Left button up, pos=(824,138)
945.9121 	DATA 	Mouse: Left button down, pos=(919,400)
946.2298 	DATA 	Mouse:  Left button up, pos=(919,400)
951.7299 	DATA 	Mouse: Left button down, pos=(403,799)
952.0472 	DATA 	Mouse:  Left button up, pos=(403,799)
956.5135 	DATA 	Mouse: Left button down, pos=(439,167)
956.8385 	DATA 	Mouse:  Left button up, pos=(439,167)
961.5150 	DATA 	Mouse: Left button down, pos=(754,396)
961.8317 	ERROR 	trialnum=174 ERROR,2 frames were longer than 19.96 ms apparently screen refreshes skipped, interframe durs were:[21.3 22.5] and was these frames: [15 20]
961.8389 	DATA 	Mouse:  Left button up, pos=(754,398)
966.8136 	DATA 	Mouse: Left button down, pos=(475,285)
967.1388 	DATA 	Mouse:  Left button up, pos=(475,285)
971.2972 	DATA 	Mouse: Left button down, pos=(1202,350)
971.6217 	DATA 	Mouse:  Left button up, pos=(1202,350)
975.9276 	DATA 	Mouse: Left button down, pos=(553,750)
976.2543 	DATA 	Mouse:  Left button up, pos=(553,750)
981.6678 	DATA 	Mouse: Left button down, pos=(715,757)
982.0042 	DATA 	Mouse:  Left button up, pos=(715,757)
987.1286 	DATA 	Mouse: Left button down, pos=(964,636)
987.4544 	DATA 	Mouse:  Left button up, pos=(964,636)
992.8981 	DATA 	Mouse: Left button down, pos=(790,858)
993.2214 	DATA 	Mouse:  Left button up, pos=(790,858)
997.9442 	DATA 	Mouse: Left button down, pos=(987,509)
998.2722 	DATA 	Mouse:  Left button up, pos=(987,509)
1003.3962 	DATA 	Mouse: Left button down, pos=(1225,288)
1003.7200 	DATA 	Mouse:  Left button up, pos=(1225,288)
1008.0776 	DATA 	Mouse: Left button down, pos=(734,797)
1008.3944 	DATA 	Mouse:  Left button up, pos=(734,797)
1014.6967 	DATA 	Mouse: Left button down, pos=(656,97)
1015.0216 	DATA 	Mouse:  Left button up, pos=(656,97)
1020.1809 	DATA 	Mouse: Left button down, pos=(484,294)
1020.5210 	DATA 	Mouse:  Left button up, pos=(484,294)
1025.5981 	DATA 	Mouse: Left button down, pos=(679,823)
1025.9205 	DATA 	Mouse:  Left button up, pos=(679,823)
1031.0456 	DATA 	Mouse: Left button down, pos=(967,56)
1031.3713 	DATA 	Mouse:  Left button up, pos=(967,56)
1036.5794 	DATA 	Mouse: Left button down, pos=(1082,776)
1036.8949 	DATA 	Mouse:  Left button up, pos=(1082,776)
1042.0125 	DATA 	Mouse: Left button down, pos=(1242,73)
1042.3367 	DATA 	Mouse:  Left button up, pos=(1242,72)
1047.2449 	DATA 	Mouse: Left button down, pos=(745,828)
1047.5625 	DATA 	Mouse:  Left button up, pos=(745,828)
1052.9952 	DATA 	Mouse: Left button down, pos=(1219,248)
1053.3230 	DATA 	Mouse:  Left button up, pos=(1219,248)
1057.6130 	DATA 	Keypress: space
1062.1921 	DATA 	Mouse: Left button down, pos=(1142,351)
1062.5104 	DATA 	Mouse:  Left button up, pos=(1142,351)
1066.5788 	DATA 	Mouse: Left button down, pos=(445,366)
1066.8962 	DATA 	Mouse:  Left button up, pos=(445,366)
1072.3468 	DATA 	Mouse: Left button down, pos=(1190,295)
1072.6718 	DATA 	Mouse:  Left button up, pos=(1190,295)
1077.3645 	DATA 	Mouse: Left button down, pos=(515,271)
1077.6878 	DATA 	Mouse:  Left button up, pos=(515,271)
1083.1097 	DATA 	Mouse: Left button down, pos=(881,335)
1083.4260 	DATA 	Mouse:  Left button up, pos=(881,335)
1087.4123 	DATA 	Mouse: Left button down, pos=(473,303)
1087.7319 	ERROR 	trialnum=197 ERROR,1 frames were longer than 19.96 ms apparently screen refreshes skipped, interframe durs were:[45.8] and was these frames: [34]
1087.7389 	DATA 	Mouse:  Left button up, pos=(473,303)
1092.4621 	DATA 	Mouse: Left button down, pos=(736,823)
1092.7868 	DATA 	Mouse:  Left button up, pos=(736,823)
1096.6772 	DATA 	Mouse: Left button down, pos=(1101,550)
1096.9937 	DATA 	Mouse:  Left button up, pos=(1101,550)
1101.2431 	DATA 	Mouse: Left button down, pos=(546,608)
1101.5619 	DATA 	Mouse:  Left button up, pos=(546,608)
1106.8426 	DATA 	Mouse: Left button down, pos=(389,142)
1107.1592 	DATA 	Mouse:  Left button up, pos=(389,142)
1112.4444 	DATA 	Mouse: Left button down, pos=(908,332)
1112.7699 	DATA 	Mouse:  Left button up, pos=(908,332)
1116.5780 	DATA 	Mouse: Left button down, pos=(819,589)
1116.9029 	DATA 	Mouse:  Left button up, pos=(819,589)
1121.2956 	DATA 	Mouse: Left button down, pos=(1136,461)
1121.6180 	DATA 	Mouse:  Left button up, pos=(1136,461)
1125.7765 	DATA 	Mouse: Left button down, pos=(824,47)
1126.0951 	DATA 	Mouse:  Left button up, pos=(824,47)
1130.7607 	DATA 	Mouse: Left button down, pos=(1165,85)
1131.0862 	DATA 	Mouse:  Left button up, pos=(1165,85)
1135.1113 	DATA 	Mouse: Left button down, pos=(295,438)
1135.4297 	DATA 	Mouse:  Left button up, pos=(295,438)
1139.4947 	DATA 	Mouse: Left button down, pos=(1081,285)
1139.8185 	DATA 	Mouse:  Left button up, pos=(1081,284)
1144.3482 	DATA 	Mouse: Left button down, pos=(1033,182)
1144.6862 	DATA 	Mouse:  Left button up, pos=(1033,182)
1148.9262 	DATA 	Mouse: Left button down, pos=(1024,203)
1149.2428 	DATA 	Mouse:  Left button up, pos=(1024,203)
1152.6108 	DATA 	Mouse: Left button down, pos=(741,541)
1152.9363 	DATA 	Mouse:  Left button up, pos=(741,541)
1157.1938 	DATA 	Mouse: Left button down, pos=(737,277)
1157.5200 	DATA 	Mouse:  Left button up, pos=(737,277)
1162.6266 	DATA 	Mouse: Left button down, pos=(1199,672)
1162.9429 	DATA 	Mouse:  Left button up, pos=(1199,672)
1167.4601 	DATA 	Mouse: Left button down, pos=(219,95)
1167.7868 	DATA 	Mouse:  Left button up, pos=(219,95)
1171.7422 	DATA 	Mouse: Left button down, pos=(801,129)
1172.0602 	DATA 	Mouse:  Left button up, pos=(801,129)
1176.4609 	DATA 	Mouse: Left button down, pos=(677,484)
1176.7781 	DATA 	Mouse:  Left button up, pos=(677,484)
1181.4274 	DATA 	Mouse: Left button down, pos=(337,816)
1181.7537 	DATA 	Mouse:  Left button up, pos=(337,816)
1186.9322 	DATA 	Mouse: Left button down, pos=(464,34)
1187.2853 	DATA 	Mouse:  Left button up, pos=(464,35)
1191.7352 	DATA 	Mouse: Left button down, pos=(697,634)
1192.0748 	DATA 	Mouse:  Left button up, pos=(697,634)
1197.6607 	DATA 	Mouse: Left button down, pos=(258,600)
1197.9779 	DATA 	Mouse:  Left button up, pos=(258,600)
1202.7780 	DATA 	Mouse: Left button down, pos=(667,541)
1203.1012 	DATA 	Mouse:  Left button up, pos=(667,541)
1208.4918 	DATA 	Mouse: Left button down, pos=(398,668)
1208.8098 	DATA 	Mouse:  Left button up, pos=(398,668)
1212.9778 	DATA 	Mouse: Left button down, pos=(840,768)
1213.3012 	DATA 	Mouse:  Left button up, pos=(840,768)
1217.8453 	DATA 	Mouse: Left button down, pos=(1205,393)
1218.1696 	DATA 	Mouse:  Left button up, pos=(1205,393)
1222.4739 	DATA 	Mouse: Left button down, pos=(717,329)
1222.8180 	DATA 	Mouse:  Left button up, pos=(717,329)
1228.0926 	DATA 	Mouse: Left button down, pos=(312,274)
1228.4116 	DATA 	Mouse:  Left button up, pos=(311,274)
1232.6092 	DATA 	Mouse: Left button down, pos=(261,555)
1232.9509 	DATA 	Mouse:  Left button up, pos=(261,555)
1236.6275 	DATA 	Mouse: Left button down, pos=(934,582)
1236.9513 	DATA 	Mouse:  Left button up, pos=(934,582)
1240.6415 	DATA 	Mouse: Left button down, pos=(516,265)
1240.9585 	DATA 	Mouse:  Left button up, pos=(515,265)
1244.1402 	DATA 	Mouse: Left button down, pos=(651,506)
1244.4591 	DATA 	Mouse:  Left button up, pos=(651,506)
1248.3420 	DATA 	Mouse: Left button down, pos=(510,665)
1248.6602 	DATA 	Mouse:  Left button up, pos=(510,665)
1253.3270 	DATA 	Mouse: Left button down, pos=(523,130)
1253.6510 	DATA 	Mouse:  Left button up, pos=(523,130)
1257.4277 	DATA 	Mouse: Left button down, pos=(1004,92)
1257.7692 	DATA 	Mouse:  Left button up, pos=(1004,92)
1261.4439 	DATA 	Mouse: Left button down, pos=(290,817)
1261.7685 	DATA 	Mouse:  Left button up, pos=(290,817)
1266.7421 	DATA 	Mouse: Left button down, pos=(1206,653)
1267.0677 	DATA 	Mouse:  Left button up, pos=(1206,653)
1271.0650 	DATA 	Mouse: Left button down, pos=(261,137)
1271.4012 	DATA 	Mouse:  Left button up, pos=(261,137)
1275.6409 	DATA 	Mouse: Left button down, pos=(1089,420)
1275.9602 	DATA 	Mouse:  Left button up, pos=(1089,420)
1279.8564 	DATA 	Mouse: Left button down, pos=(841,217)
1280.1729 	DATA 	Mouse:  Left button up, pos=(841,217)
1284.6119 	DATA 	Mouse: Left button down, pos=(307,659)
1284.9341 	DATA 	Mouse:  Left button up, pos=(307,659)
