13.3167 	WARNING 	User requested fullscreen with size [2880 1800], but screen is actually [1440, 900]. Using actual size
15.6147 	DATA 	Keypress: space
16.1173 	DATA 	Keypress: space
22.0968 	DATA 	Mouse: Left button down, pos=(179,278)
22.4160 	DATA 	Mouse:  Left button up, pos=(179,278)
25.8347 	WARNING 	t of last frame was 27.46ms (=1/36)
27.6182 	DATA 	Mouse: Left button down, pos=(693,650)
27.9472 	ERROR 	trialnum=1 ERROR,1 frames were longer than 19.93 ms apparently screen refreshes skipped, interframe durs were:[27.5] and was these frames: [5]
27.9544 	DATA 	Mouse:  Left button up, pos=(693,650)
34.1124 	DATA 	Mouse: Left button down, pos=(823,451)
34.4269 	DATA 	Mouse:  Left button up, pos=(823,451)
40.3451 	DATA 	Mouse: Left button down, pos=(701,667)
40.6616 	DATA 	Mouse:  Left button up, pos=(701,667)
46.7940 	DATA 	Mouse: Left button down, pos=(323,765)
47.1091 	DATA 	Mouse:  Left button up, pos=(323,765)
52.6280 	DATA 	Mouse: Left button down, pos=(381,669)
52.9444 	DATA 	Mouse:  Left button up, pos=(381,669)
58.5662 	DATA 	Mouse: Left button down, pos=(410,206)
58.9024 	DATA 	Mouse:  Left button up, pos=(410,206)
63.9008 	DATA 	Mouse: Left button down, pos=(954,619)
64.2359 	DATA 	Mouse:  Left button up, pos=(954,619)
67.9565 	WARNING 	t of last frame was 33.33ms (=1/30)
69.7311 	DATA 	Mouse: Left button down, pos=(798,48)
70.0630 	ERROR 	trialnum=8 ERROR,1 frames were longer than 19.93 ms apparently screen refreshes skipped, interframe durs were:[33.3] and was these frames: [24]
70.0697 	DATA 	Mouse:  Left button up, pos=(798,48)
76.3956 	DATA 	Mouse: Left button down, pos=(679,563)
76.7122 	DATA 	Mouse:  Left button up, pos=(679,564)
77.5998 	DATA 	Keypress: space
80.3978 	WARNING 	t of last frame was 22.78ms (=1/43)
80.4823 	WARNING 	t of last frame was 84.56ms (=1/11)
81.8658 	DATA 	Mouse: Left button down, pos=(988,308)
82.1881 	ERROR 	trialnum=0 ERROR,2 frames were longer than 19.93 ms apparently screen refreshes skipped, interframe durs were:[22.8 84.6] and was these frames: [38 39]
82.1959 	DATA 	Mouse:  Left button up, pos=(988,308)
85.5737 	WARNING 	Multiple dropped frames have occurred - I'll stop bothering you about them!
87.0129 	DATA 	Mouse: Left button down, pos=(1003,452)
87.3250 	ERROR 	trialnum=1 ERROR,4 frames were longer than 19.93 ms apparently screen refreshes skipped, interframe durs were:[22.8 84.6 33.4 33. ] and was these frames: [ 1  2 25 28]
87.3318 	DATA 	Mouse:  Left button up, pos=(1003,452)
92.3466 	DATA 	Mouse: Left button down, pos=(696,562)
92.6717 	DATA 	Mouse:  Left button up, pos=(696,562)
97.1281 	DATA 	Mouse: Left button down, pos=(1140,629)
97.4462 	DATA 	Mouse:  Left button up, pos=(1140,629)
102.3169 	DATA 	Mouse: Left button down, pos=(572,212)
102.6393 	DATA 	Mouse:  Left button up, pos=(572,212)
106.7384 	DATA 	Mouse: Left button down, pos=(531,733)
107.0863 	DATA 	Mouse:  Left button up, pos=(531,733)
111.7943 	DATA 	Mouse: Left button down, pos=(422,557)
112.1192 	DATA 	Mouse:  Left button up, pos=(422,557)
116.9299 	DATA 	Mouse: Left button down, pos=(945,328)
117.2497 	DATA 	Mouse:  Left button up, pos=(945,328)
121.3230 	DATA 	Mouse: Left button down, pos=(919,432)
121.6511 	DATA 	Mouse:  Left button up, pos=(919,432)
126.8960 	DATA 	Mouse: Left button down, pos=(1013,536)
127.2093 	ERROR 	trialnum=9 ERROR,2 frames were longer than 19.93 ms apparently screen refreshes skipped, interframe durs were:[33.8 33.4] and was these frames: [33 37]
127.2162 	DATA 	Mouse:  Left button up, pos=(1013,536)
132.6802 	DATA 	Mouse: Left button down, pos=(639,342)
133.0002 	DATA 	Mouse:  Left button up, pos=(639,342)
138.1470 	DATA 	Mouse: Left button down, pos=(599,333)
138.4891 	DATA 	Mouse:  Left button up, pos=(599,333)
143.6073 	DATA 	Mouse: Left button down, pos=(696,63)
143.9352 	DATA 	Mouse:  Left button up, pos=(696,63)
148.6127 	DATA 	Mouse: Left button down, pos=(926,785)
148.9343 	DATA 	Mouse:  Left button up, pos=(926,786)
153.7453 	DATA 	Mouse: Left button down, pos=(389,108)
154.0654 	DATA 	Mouse:  Left button up, pos=(389,108)
159.3788 	DATA 	Mouse: Left button down, pos=(405,610)
159.6989 	DATA 	Mouse:  Left button up, pos=(405,611)
164.1121 	DATA 	Mouse: Left button down, pos=(574,461)
164.4250 	ERROR 	trialnum=16 ERROR,1 frames were longer than 19.93 ms apparently screen refreshes skipped, interframe durs were:[35.5] and was these frames: [22]
164.4321 	DATA 	Mouse:  Left button up, pos=(574,461)
169.3027 	DATA 	Mouse: Left button down, pos=(636,637)
169.6263 	DATA 	Mouse:  Left button up, pos=(636,637)
173.5392 	DATA 	Mouse: Left button down, pos=(428,844)
173.8855 	DATA 	Mouse:  Left button up, pos=(428,844)
178.1786 	DATA 	Mouse: Left button down, pos=(764,539)
178.4987 	DATA 	Mouse:  Left button up, pos=(764,539)
182.6905 	DATA 	Mouse: Left button down, pos=(414,66)
183.0119 	ERROR 	trialnum=20 ERROR,5 frames were longer than 19.93 ms apparently screen refreshes skipped, interframe durs were:[32.2 30.1 29.6 44.2 29.2] and was these frames: [27 28 29 30 31]
183.0191 	DATA 	Mouse:  Left button up, pos=(414,66)
187.8787 	DATA 	Mouse: Left button down, pos=(1185,694)
187.8798 	DATA 	Mouse:  Left button up, pos=(1185,694)
189.0967 	DATA 	Mouse: Left button down, pos=(1185,694)
189.4194 	DATA 	Mouse:  Left button up, pos=(1185,694)
195.0461 	DATA 	Mouse: Left button down, pos=(924,312)
195.3595 	ERROR 	trialnum=22 ERROR,2 frames were longer than 19.93 ms apparently screen refreshes skipped, interframe durs were:[21.3 20.6] and was these frames: [3 4]
195.3636 	DATA 	Mouse:  Left button up, pos=(924,312)
199.7854 	DATA 	Mouse: Left button down, pos=(329,630)
200.1085 	ERROR 	trialnum=23 ERROR,2 frames were longer than 19.93 ms apparently screen refreshes skipped, interframe durs were:[30.4 21.2] and was these frames: [ 9 10]
200.1155 	DATA 	Mouse:  Left button up, pos=(329,630)
204.3735 	DATA 	Mouse: Left button down, pos=(1144,790)
204.7004 	DATA 	Mouse:  Left button up, pos=(1144,790)
208.6784 	DATA 	Mouse: Left button down, pos=(316,319)
208.9981 	DATA 	Mouse:  Left button up, pos=(316,319)
214.4261 	DATA 	Mouse: Left button down, pos=(561,649)
214.7453 	DATA 	Mouse:  Left button up, pos=(561,649)
218.4857 	DATA 	Mouse: Left button down, pos=(582,230)
218.8162 	DATA 	Mouse:  Left button up, pos=(582,230)
223.6672 	DATA 	Mouse: Left button down, pos=(356,676)
223.9896 	DATA 	Mouse:  Left button up, pos=(356,676)
228.1721 	DATA 	Mouse: Left button down, pos=(592,813)
228.5005 	DATA 	Mouse:  Left button up, pos=(592,813)
232.3442 	DATA 	Mouse: Left button down, pos=(729,205)
232.7017 	DATA 	Mouse:  Left button up, pos=(729,204)
236.6876 	DATA 	Mouse: Left button down, pos=(1285,590)
237.0538 	DATA 	Mouse:  Left button up, pos=(1285,590)
242.3204 	DATA 	Mouse: Left button down, pos=(1282,613)
242.6493 	DATA 	Mouse:  Left button up, pos=(1282,613)
246.5181 	DATA 	Mouse: Left button down, pos=(470,238)
246.8498 	DATA 	Mouse:  Left button up, pos=(470,238)
251.5099 	DATA 	Mouse: Left button down, pos=(1208,626)
251.8286 	DATA 	Mouse:  Left button up, pos=(1208,626)
256.4456 	DATA 	Mouse: Left button down, pos=(737,774)
256.7683 	DATA 	Mouse:  Left button up, pos=(737,774)
262.5103 	DATA 	Mouse: Left button down, pos=(363,826)
262.8273 	ERROR 	trialnum=36 ERROR,2 frames were longer than 19.93 ms apparently screen refreshes skipped, interframe durs were:[49.2 32. ] and was these frames: [5 6]
262.8343 	DATA 	Mouse:  Left button up, pos=(363,826)
266.5557 	DATA 	Mouse: Left button down, pos=(781,290)
266.8778 	ERROR 	trialnum=37 ERROR,13 frames were longer than 19.93 ms apparently screen refreshes skipped, interframe durs were:[29.5 28.3 23.3 22.4 20.3 22.8 28.3 24.2 20.6 21.  23.6 25.7 26.4] and was these frames: [ 8  9 10 11 19 20 21 22 24 36 37 38 39]
266.8852 	DATA 	Mouse:  Left button up, pos=(781,290)
271.3449 	DATA 	Mouse: Left button down, pos=(438,641)
271.6759 	ERROR 	trialnum=38 ERROR,1 frames were longer than 19.93 ms apparently screen refreshes skipped, interframe durs were:[26.4] and was these frames: [0]
271.6843 	DATA 	Mouse:  Left button up, pos=(438,641)
277.3441 	DATA 	Mouse: Left button down, pos=(642,261)
277.6575 	ERROR 	trialnum=39 ERROR,6 frames were longer than 19.93 ms apparently screen refreshes skipped, interframe durs were:[50.5 33.6 22.2 31.9 50.8 32.1] and was these frames: [28 29 34 37 38 39]
277.6645 	DATA 	Mouse:  Left button up, pos=(642,261)
281.4082 	DATA 	Mouse: Left button down, pos=(1014,612)
281.7203 	ERROR 	trialnum=40 ERROR,6 frames were longer than 19.93 ms apparently screen refreshes skipped, interframe durs were:[31.9 50.8 32.1 33.2 34.  33.3] and was these frames: [ 0  1  2 34 35 39]
281.7276 	DATA 	Mouse:  Left button up, pos=(1014,612)
285.9860 	DATA 	Mouse: Left button down, pos=(223,344)
286.3081 	ERROR 	trialnum=41 ERROR,1 frames were longer than 19.93 ms apparently screen refreshes skipped, interframe durs were:[33.3] and was these frames: [0]
286.3130 	DATA 	Mouse:  Left button up, pos=(223,344)
291.2794 	DATA 	Mouse: Left button down, pos=(752,254)
291.6004 	ERROR 	trialnum=42 ERROR,4 frames were longer than 19.93 ms apparently screen refreshes skipped, interframe durs were:[ 21.3  25.2  27.7 100.7] and was these frames: [35 36 38 39]
291.6135 	DATA 	Mouse:  Left button up, pos=(752,254)
294.7959 	DATA 	Keypress: space
298.6046 	DATA 	Mouse: Left button down, pos=(1108,701)
298.9360 	ERROR 	trialnum=43 ERROR,2 frames were longer than 19.93 ms apparently screen refreshes skipped, interframe durs were:[ 27.7 100.7] and was these frames: [0 1]
298.9431 	DATA 	Mouse:  Left button up, pos=(1108,701)
303.5046 	DATA 	Mouse: Left button down, pos=(730,656)
303.8324 	DATA 	Mouse:  Left button up, pos=(730,656)
308.6456 	DATA 	Mouse: Left button down, pos=(299,64)
308.9654 	DATA 	Mouse:  Left button up, pos=(299,63)
312.9058 	DATA 	Mouse: Left button down, pos=(817,738)
313.2331 	DATA 	Mouse:  Left button up, pos=(817,738)
318.2535 	DATA 	Mouse: Left button down, pos=(1000,347)
318.5824 	DATA 	Mouse:  Left button up, pos=(1000,347)
324.3460 	DATA 	Mouse: Left button down, pos=(350,648)
324.6836 	DATA 	Mouse:  Left button up, pos=(350,648)
329.4268 	DATA 	Mouse: Left button down, pos=(887,816)
329.7468 	DATA 	Mouse:  Left button up, pos=(887,816)
334.1895 	DATA 	Mouse: Left button down, pos=(1247,443)
334.5239 	DATA 	Mouse:  Left button up, pos=(1247,443)
338.9526 	DATA 	Mouse: Left button down, pos=(1018,636)
339.2821 	DATA 	Mouse:  Left button up, pos=(1018,636)
345.1535 	DATA 	Mouse: Left button down, pos=(369,267)
345.4764 	ERROR 	trialnum=52 ERROR,2 frames were longer than 19.93 ms apparently screen refreshes skipped, interframe durs were:[50.7 33. ] and was these frames: [30 31]
345.4835 	DATA 	Mouse:  Left button up, pos=(369,267)
349.8097 	DATA 	Mouse: Left button down, pos=(584,732)
350.1324 	DATA 	Mouse:  Left button up, pos=(583,732)
