9.0464 	WARNING 	User requested fullscreen with size [2880 1800], but screen is actually [1440, 900]. Using actual size
11.0621 	DATA 	Keypress: space
11.5505 	DATA 	Keypress: space
17.7615 	DATA 	Mouse: Left button down, pos=(685,105)
18.0798 	DATA 	Mouse:  Left button up, pos=(685,105)
24.0440 	DATA 	Mouse: Left button down, pos=(650,433)
24.3599 	DATA 	Mouse:  Left button up, pos=(650,433)
30.6945 	DATA 	Mouse: Left button down, pos=(1070,559)
31.0094 	DATA 	Mouse:  Left button up, pos=(1070,559)
37.8279 	DATA 	Mouse: Left button down, pos=(353,477)
38.1434 	DATA 	Mouse:  Left button up, pos=(353,477)
43.5445 	DATA 	Mouse: Left button down, pos=(360,190)
43.8606 	DATA 	Mouse:  Left button up, pos=(360,190)
49.6168 	DATA 	Mouse: Left button down, pos=(448,655)
49.9520 	DATA 	Mouse:  Left button up, pos=(448,655)
52.3619 	DATA 	Keypress: space
56.8000 	DATA 	Mouse: Left button down, pos=(1228,814)
57.1404 	DATA 	Mouse:  Left button up, pos=(1228,814)
63.6595 	DATA 	Mouse: Left button down, pos=(1223,73)
63.9741 	DATA 	Mouse:  Left button up, pos=(1223,73)
70.0265 	DATA 	Mouse: Left button down, pos=(671,444)
70.3415 	DATA 	Mouse:  Left button up, pos=(671,444)
76.9982 	DATA 	Mouse: Left button down, pos=(266,664)
77.3345 	DATA 	Mouse:  Left button up, pos=(266,664)
78.0959 	DATA 	Keypress: space
78.4608 	DATA 	Keypress: space
83.3775 	DATA 	Mouse: Left button down, pos=(886,422)
83.6980 	DATA 	Mouse:  Left button up, pos=(886,422)
88.5935 	DATA 	Mouse: Left button down, pos=(954,471)
88.9109 	DATA 	Mouse:  Left button up, pos=(954,471)
93.8768 	DATA 	Mouse: Left button down, pos=(1081,596)
94.1928 	DATA 	Mouse:  Left button up, pos=(1081,596)
99.2187 	DATA 	Mouse: Left button down, pos=(225,683)
99.5498 	DATA 	Mouse:  Left button up, pos=(225,683)
103.9776 	DATA 	Mouse: Left button down, pos=(252,810)
104.2933 	DATA 	Mouse:  Left button up, pos=(252,810)
108.0270 	DATA 	Mouse: Left button down, pos=(584,265)
108.3655 	DATA 	Mouse:  Left button up, pos=(584,265)
112.2098 	DATA 	Mouse: Left button down, pos=(1029,65)
112.5261 	DATA 	Mouse:  Left button up, pos=(1029,65)
117.6726 	DATA 	Mouse: Left button down, pos=(762,616)
117.9996 	DATA 	Mouse:  Left button up, pos=(762,616)
122.7604 	DATA 	Mouse: Left button down, pos=(835,39)
123.0773 	DATA 	Mouse:  Left button up, pos=(835,39)
128.0599 	DATA 	Mouse: Left button down, pos=(638,154)
128.3761 	DATA 	Mouse:  Left button up, pos=(638,154)
134.0792 	DATA 	Mouse: Left button down, pos=(910,790)
134.3957 	DATA 	Mouse:  Left button up, pos=(910,790)
138.6267 	DATA 	Mouse: Left button down, pos=(1045,653)
138.9432 	DATA 	Mouse:  Left button up, pos=(1045,653)
143.3761 	DATA 	Mouse: Left button down, pos=(310,121)
143.6919 	DATA 	Mouse:  Left button up, pos=(310,121)
147.5766 	DATA 	Mouse: Left button down, pos=(427,128)
147.8943 	DATA 	Mouse:  Left button up, pos=(427,128)
152.8601 	DATA 	Mouse: Left button down, pos=(859,816)
153.1778 	DATA 	Mouse:  Left button up, pos=(859,816)
156.9938 	DATA 	Mouse: Left button down, pos=(235,499)
157.3101 	DATA 	Mouse:  Left button up, pos=(235,499)
162.5428 	DATA 	Mouse: Left button down, pos=(1223,345)
162.8604 	DATA 	Mouse:  Left button up, pos=(1223,345)
168.2437 	DATA 	Mouse: Left button down, pos=(821,302)
168.5606 	DATA 	Mouse:  Left button up, pos=(821,302)
172.4763 	DATA 	Mouse: Left button down, pos=(991,658)
172.7927 	DATA 	Mouse:  Left button up, pos=(991,658)
176.7748 	DATA 	Mouse: Left button down, pos=(822,44)
177.0914 	DATA 	Mouse:  Left button up, pos=(822,44)
178.9746 	WARNING 	t of last frame was 21.02ms (=1/47)
181.3430 	DATA 	Mouse: Left button down, pos=(316,702)
181.6529 	ERROR 	trialnum=20 ERROR,1 frames were longer than 20.0 ms apparently screen refreshes skipped, interframe durs were:[21.] and was these frames: [3]
181.6600 	DATA 	Mouse:  Left button up, pos=(316,702)
186.6751 	DATA 	Mouse: Left button down, pos=(830,758)
186.9910 	DATA 	Mouse:  Left button up, pos=(830,758)
191.3781 	DATA 	Mouse: Left button down, pos=(1046,216)
191.6957 	DATA 	Mouse:  Left button up, pos=(1046,216)
197.1273 	DATA 	Mouse: Left button down, pos=(632,833)
197.4647 	DATA 	Mouse:  Left button up, pos=(632,833)
201.7836 	DATA 	Mouse: Left button down, pos=(1327,710)
202.1142 	DATA 	Mouse:  Left button up, pos=(1327,710)
206.9093 	DATA 	Mouse: Left button down, pos=(1002,433)
207.2249 	DATA 	Mouse:  Left button up, pos=(1002,433)
212.2620 	DATA 	Mouse: Left button down, pos=(1212,142)
212.5791 	DATA 	Mouse:  Left button up, pos=(1212,142)
217.2080 	DATA 	Mouse: Left button down, pos=(987,518)
217.5250 	DATA 	Mouse:  Left button up, pos=(987,518)
221.4426 	DATA 	Mouse: Left button down, pos=(1012,334)
221.7602 	DATA 	Mouse:  Left button up, pos=(1012,334)
226.6411 	DATA 	Mouse: Left button down, pos=(1275,638)
226.9578 	DATA 	Mouse:  Left button up, pos=(1275,638)
231.0084 	DATA 	Mouse: Left button down, pos=(645,293)
231.3256 	DATA 	Mouse:  Left button up, pos=(645,293)
236.3597 	DATA 	Mouse: Left button down, pos=(1348,602)
236.6773 	DATA 	Mouse:  Left button up, pos=(1348,602)
241.8262 	DATA 	Mouse: Left button down, pos=(1073,768)
242.1432 	DATA 	Mouse:  Left button up, pos=(1073,768)
246.7737 	DATA 	Mouse: Left button down, pos=(455,197)
247.0903 	DATA 	Mouse:  Left button up, pos=(455,197)
252.2413 	DATA 	Mouse: Left button down, pos=(783,793)
252.5582 	DATA 	Mouse:  Left button up, pos=(783,793)
257.3092 	DATA 	Mouse: Left button down, pos=(1023,634)
257.6270 	DATA 	Mouse:  Left button up, pos=(1023,634)
262.5254 	DATA 	Mouse: Left button down, pos=(556,154)
262.8424 	DATA 	Mouse:  Left button up, pos=(556,154)
266.8771 	DATA 	Mouse: Left button down, pos=(1145,880)
267.1940 	DATA 	Mouse:  Left button up, pos=(1145,880)
271.0736 	DATA 	Mouse: Left button down, pos=(1065,788)
271.3910 	DATA 	Mouse:  Left button up, pos=(1065,788)
275.4248 	DATA 	Mouse: Left button down, pos=(661,800)
275.7411 	DATA 	Mouse:  Left button up, pos=(661,800)
279.6583 	DATA 	Mouse: Left button down, pos=(1233,532)
279.9757 	DATA 	Mouse:  Left button up, pos=(1233,532)
286.5582 	DATA 	Mouse: Left button down, pos=(311,637)
286.8987 	DATA 	Mouse:  Left button up, pos=(311,637)
290.8748 	DATA 	Mouse: Left button down, pos=(873,707)
291.1921 	DATA 	Mouse:  Left button up, pos=(873,707)
295.9427 	DATA 	Mouse: Left button down, pos=(793,264)
296.2602 	DATA 	Mouse:  Left button up, pos=(793,264)
301.2246 	DATA 	Mouse: Left button down, pos=(1205,469)
301.5425 	DATA 	Mouse:  Left button up, pos=(1205,469)
305.3426 	DATA 	Mouse: Left button down, pos=(553,711)
305.6596 	DATA 	Mouse:  Left button up, pos=(553,711)
310.2097 	DATA 	Mouse: Left button down, pos=(998,88)
310.5272 	DATA 	Mouse:  Left button up, pos=(998,88)
314.5402 	DATA 	Mouse: Left button down, pos=(640,673)
314.8569 	DATA 	Mouse:  Left button up, pos=(640,673)
317.9062 	WARNING 	t of last frame was 20.97ms (=1/47)
319.1689 	DATA 	Mouse: Left button down, pos=(592,428)
319.5086 	ERROR 	trialnum=48 ERROR,1 frames were longer than 20.0 ms apparently screen refreshes skipped, interframe durs were:[21.] and was these frames: [10]
319.5157 	DATA 	Mouse:  Left button up, pos=(592,428)
324.1916 	DATA 	Mouse: Left button down, pos=(871,600)
324.5092 	DATA 	Mouse:  Left button up, pos=(871,600)
329.0919 	DATA 	Mouse: Left button down, pos=(940,190)
329.4094 	DATA 	Mouse:  Left button up, pos=(940,190)
334.7569 	DATA 	Mouse: Left button down, pos=(801,179)
335.0741 	DATA 	Mouse:  Left button up, pos=(801,179)
339.4575 	DATA 	Mouse: Left button down, pos=(258,155)
339.7748 	DATA 	Mouse:  Left button up, pos=(258,155)
344.5001 	DATA 	Mouse: Left button down, pos=(1317,221)
344.8473 	DATA 	Mouse:  Left button up, pos=(1317,221)
349.0002 	DATA 	Mouse: Left button down, pos=(1289,63)
349.3315 	DATA 	Mouse:  Left button up, pos=(1289,63)
354.4523 	DATA 	Mouse: Left button down, pos=(361,329)
354.7801 	DATA 	Mouse:  Left button up, pos=(361,329)
359.5574 	DATA 	Mouse: Left button down, pos=(436,261)
359.8742 	DATA 	Mouse:  Left button up, pos=(436,261)
364.0578 	DATA 	Mouse: Left button down, pos=(936,157)
364.3750 	DATA 	Mouse:  Left button up, pos=(936,157)
369.5084 	DATA 	Mouse: Left button down, pos=(185,130)
369.8245 	DATA 	Mouse:  Left button up, pos=(185,130)
373.0348 	WARNING 	t of last frame was 33.38ms (=1/29)
373.0675 	WARNING 	t of last frame was 32.70ms (=1/30)
374.1739 	DATA 	Mouse: Left button down, pos=(574,522)
374.4862 	ERROR 	trialnum=59 ERROR,2 frames were longer than 20.0 ms apparently screen refreshes skipped, interframe durs were:[33.4 32.7] and was these frames: [31 32]
374.4930 	DATA 	Mouse:  Left button up, pos=(574,522)
379.7900 	DATA 	Mouse: Left button down, pos=(1202,711)
380.1065 	DATA 	Mouse:  Left button up, pos=(1202,711)
384.7581 	DATA 	Mouse: Left button down, pos=(1143,825)
385.0761 	DATA 	Mouse:  Left button up, pos=(1143,825)
389.4058 	DATA 	Mouse: Left button down, pos=(557,102)
389.7230 	DATA 	Mouse:  Left button up, pos=(557,102)
394.2065 	DATA 	Mouse: Left button down, pos=(582,402)
394.5243 	DATA 	Mouse:  Left button up, pos=(582,402)
398.3483 	DATA 	Mouse: Left button down, pos=(742,333)
398.6800 	DATA 	Mouse:  Left button up, pos=(742,333)
402.0404 	DATA 	Mouse: Left button down, pos=(772,554)
402.3587 	DATA 	Mouse:  Left button up, pos=(772,554)
407.0062 	DATA 	Mouse: Left button down, pos=(727,91)
407.3248 	DATA 	Mouse:  Left button up, pos=(727,91)
411.8056 	DATA 	Mouse: Left button down, pos=(498,724)
412.1219 	DATA 	Mouse:  Left button up, pos=(498,724)
416.3739 	DATA 	Mouse: Left button down, pos=(824,665)
416.6916 	DATA 	Mouse:  Left button up, pos=(823,665)
421.1327 	DATA 	Mouse: Left button down, pos=(605,269)
421.4797 	DATA 	Mouse:  Left button up, pos=(605,269)
425.6900 	DATA 	Mouse: Left button down, pos=(455,701)
426.0089 	DATA 	Mouse:  Left button up, pos=(454,700)
430.7239 	DATA 	Mouse: Left button down, pos=(738,349)
431.0440 	DATA 	Mouse:  Left button up, pos=(738,349)
435.6382 	DATA 	Mouse: Left button down, pos=(228,173)
435.9556 	DATA 	Mouse:  Left button up, pos=(228,173)
441.2392 	DATA 	Mouse: Left button down, pos=(743,228)
441.5567 	DATA 	Mouse:  Left button up, pos=(743,228)
447.0993 	DATA 	Mouse: Left button down, pos=(1107,250)
447.4466 	DATA 	Mouse:  Left button up, pos=(1107,250)
452.2305 	DATA 	Mouse: Left button down, pos=(1197,169)
452.5623 	DATA 	Mouse:  Left button up, pos=(1197,169)
456.0240 	DATA 	Mouse: Left button down, pos=(931,650)
456.3424 	DATA 	Mouse:  Left button up, pos=(931,650)
460.0581 	DATA 	Mouse: Left button down, pos=(805,309)
460.3967 	DATA 	Mouse:  Left button up, pos=(805,309)
465.1223 	DATA 	Mouse: Left button down, pos=(463,156)
465.4394 	DATA 	Mouse:  Left button up, pos=(463,156)
468.9727 	DATA 	Mouse: Left button down, pos=(936,741)
469.2908 	DATA 	Mouse:  Left button up, pos=(936,741)
473.4839 	DATA 	Mouse: Left button down, pos=(200,495)
473.8122 	DATA 	Mouse:  Left button up, pos=(200,495)
479.0052 	DATA 	Mouse: Left button down, pos=(824,744)
479.3228 	DATA 	Mouse:  Left button up, pos=(824,744)
484.4064 	DATA 	Mouse: Left button down, pos=(672,639)
484.7237 	DATA 	Mouse:  Left button up, pos=(672,639)
489.9385 	DATA 	Mouse: Left button down, pos=(393,699)
490.2551 	DATA 	Mouse:  Left button up, pos=(393,699)
495.5227 	DATA 	Mouse: Left button down, pos=(1235,790)
495.8409 	DATA 	Mouse:  Left button up, pos=(1236,790)
501.3544 	DATA 	Mouse: Left button down, pos=(893,80)
501.6731 	DATA 	Mouse:  Left button up, pos=(893,80)
505.4485 	DATA 	Mouse: Left button down, pos=(867,304)
505.7781 	DATA 	Mouse:  Left button up, pos=(868,306)
509.4047 	DATA 	Mouse: Left button down, pos=(554,698)
509.7226 	DATA 	Mouse:  Left button up, pos=(554,698)
514.1386 	DATA 	Mouse: Left button down, pos=(713,320)
514.4553 	DATA 	Mouse:  Left button up, pos=(713,320)
519.8042 	DATA 	Mouse: Left button down, pos=(1209,766)
520.1205 	DATA 	Mouse:  Left button up, pos=(1209,766)
525.1894 	DATA 	Mouse: Left button down, pos=(862,754)
525.5086 	DATA 	Mouse:  Left button up, pos=(863,754)
530.9221 	DATA 	Mouse: Left button down, pos=(302,140)
531.2401 	DATA 	Mouse:  Left button up, pos=(302,140)
536.3876 	DATA 	Mouse: Left button down, pos=(940,432)
536.7052 	DATA 	Mouse:  Left button up, pos=(940,432)
540.1722 	DATA 	Mouse: Left button down, pos=(758,427)
540.4905 	DATA 	Mouse:  Left button up, pos=(758,427)
544.3817 	DATA 	Mouse: Left button down, pos=(947,851)
544.7108 	DATA 	Mouse:  Left button up, pos=(947,851)
550.1045 	DATA 	Mouse: Left button down, pos=(1053,273)
550.4218 	DATA 	Mouse:  Left button up, pos=(1053,273)
555.3060 	DATA 	Mouse: Left button down, pos=(599,221)
555.6244 	DATA 	Mouse:  Left button up, pos=(599,221)
559.9050 	DATA 	Mouse: Left button down, pos=(758,344)
560.2213 	DATA 	Mouse:  Left button up, pos=(758,344)
565.4064 	DATA 	Mouse: Left button down, pos=(650,806)
565.7238 	DATA 	Mouse:  Left button up, pos=(650,806)
571.3637 	DATA 	Mouse: Left button down, pos=(185,245)
571.6943 	DATA 	Mouse:  Left button up, pos=(185,245)
576.0645 	DATA 	Mouse: Left button down, pos=(1265,607)
576.3946 	DATA 	Mouse:  Left button up, pos=(1265,607)
580.5545 	DATA 	Mouse: Left button down, pos=(998,710)
580.8710 	DATA 	Mouse:  Left button up, pos=(998,710)
584.4202 	DATA 	Mouse: Left button down, pos=(1004,593)
584.7376 	DATA 	Mouse:  Left button up, pos=(1004,593)
589.9707 	DATA 	Mouse: Left button down, pos=(1266,713)
590.2879 	DATA 	Mouse:  Left button up, pos=(1266,713)
595.4047 	DATA 	Mouse: Left button down, pos=(972,637)
595.7251 	DATA 	Mouse:  Left button up, pos=(972,637)
600.1173 	DATA 	Mouse: Left button down, pos=(215,679)
600.4536 	DATA 	Mouse:  Left button up, pos=(215,679)
604.5228 	DATA 	Mouse: Left button down, pos=(851,446)
604.8437 	DATA 	Mouse:  Left button up, pos=(851,446)
610.2361 	DATA 	Mouse: Left button down, pos=(456,603)
610.5536 	DATA 	Mouse:  Left button up, pos=(456,603)
615.1224 	DATA 	Mouse: Left button down, pos=(595,320)
615.4599 	DATA 	Mouse:  Left button up, pos=(595,320)
619.3756 	DATA 	Mouse: Left button down, pos=(195,346)
619.7109 	DATA 	Mouse:  Left button up, pos=(195,346)
624.5704 	DATA 	Mouse: Left button down, pos=(1100,472)
624.8887 	DATA 	Mouse:  Left button up, pos=(1100,472)
628.5313 	DATA 	Mouse: Left button down, pos=(362,130)
628.8777 	DATA 	Mouse:  Left button up, pos=(361,129)
633.8234 	DATA 	Mouse: Left button down, pos=(667,371)
634.1604 	DATA 	Mouse:  Left button up, pos=(667,371)
637.9539 	DATA 	Mouse: Left button down, pos=(807,720)
638.2714 	DATA 	Mouse:  Left button up, pos=(807,720)
642.4038 	DATA 	Mouse: Left button down, pos=(401,483)
642.7227 	DATA 	Mouse:  Left button up, pos=(402,483)
647.7707 	DATA 	Mouse: Left button down, pos=(1102,326)
648.0882 	DATA 	Mouse:  Left button up, pos=(1102,326)
653.5541 	DATA 	Mouse: Left button down, pos=(235,501)
653.8724 	DATA 	Mouse:  Left button up, pos=(235,501)
658.1357 	DATA 	Mouse: Left button down, pos=(1093,184)
658.4551 	DATA 	Mouse:  Left button up, pos=(1093,184)
662.1039 	DATA 	Mouse: Left button down, pos=(773,296)
662.4223 	DATA 	Mouse:  Left button up, pos=(773,296)
666.5530 	DATA 	Mouse: Left button down, pos=(698,96)
666.8704 	DATA 	Mouse:  Left button up, pos=(698,96)
670.5029 	DATA 	Mouse: Left button down, pos=(945,223)
670.8210 	DATA 	Mouse:  Left button up, pos=(945,223)
674.1868 	DATA 	Mouse: Left button down, pos=(749,341)
674.5051 	DATA 	Mouse:  Left button up, pos=(749,341)
679.8203 	DATA 	Mouse: Left button down, pos=(850,342)
680.1380 	DATA 	Mouse:  Left button up, pos=(850,342)
685.1665 	DATA 	Mouse: Left button down, pos=(594,290)
685.4941 	DATA 	Mouse:  Left button up, pos=(594,290)
690.6547 	DATA 	Mouse: Left button down, pos=(777,143)
690.9742 	DATA 	Mouse:  Left button up, pos=(777,143)
695.5883 	DATA 	Mouse: Left button down, pos=(477,570)
695.9085 	DATA 	Mouse:  Left button up, pos=(476,570)
700.5281 	DATA 	Mouse: Left button down, pos=(301,324)
700.8770 	DATA 	Mouse:  Left button up, pos=(301,324)
704.7694 	DATA 	Mouse: Left button down, pos=(1053,687)
705.0858 	DATA 	Mouse:  Left button up, pos=(1053,687)
709.7126 	DATA 	Mouse: Left button down, pos=(278,405)
710.0430 	DATA 	Mouse:  Left button up, pos=(278,405)
713.8043 	DATA 	Mouse: Left button down, pos=(603,620)
714.1601 	DATA 	Mouse:  Left button up, pos=(603,620)
719.1020 	DATA 	Mouse: Left button down, pos=(514,707)
719.4188 	DATA 	Mouse:  Left button up, pos=(514,707)
723.3850 	DATA 	Mouse: Left button down, pos=(719,710)
723.7018 	DATA 	Mouse:  Left button up, pos=(719,710)
728.9280 	DATA 	Mouse: Left button down, pos=(715,168)
729.2603 	DATA 	Mouse:  Left button up, pos=(715,168)
734.4199 	DATA 	Mouse: Left button down, pos=(1108,195)
734.7391 	DATA 	Mouse:  Left button up, pos=(1108,195)
739.2026 	DATA 	Mouse: Left button down, pos=(823,652)
739.5210 	DATA 	Mouse:  Left button up, pos=(823,652)
744.0362 	DATA 	Mouse: Left button down, pos=(1153,544)
744.3560 	DATA 	Mouse:  Left button up, pos=(1153,544)
749.2207 	DATA 	Mouse: Left button down, pos=(366,554)
749.5391 	DATA 	Mouse:  Left button up, pos=(366,554)
754.1012 	DATA 	Mouse: Left button down, pos=(815,638)
754.4196 	DATA 	Mouse:  Left button up, pos=(815,639)
758.7864 	DATA 	Mouse: Left button down, pos=(470,296)
759.1044 	DATA 	Mouse:  Left button up, pos=(470,296)
764.3030 	DATA 	Mouse: Left button down, pos=(337,470)
764.6201 	DATA 	Mouse:  Left button up, pos=(337,470)
768.6368 	DATA 	Mouse: Left button down, pos=(505,203)
768.9584 	DATA 	Mouse:  Left button up, pos=(505,203)
771.0504 	WARNING 	Multiple dropped frames have occurred - I'll stop bothering you about them!
772.9703 	DATA 	Mouse: Left button down, pos=(969,563)
773.2822 	ERROR 	trialnum=141 ERROR,1 frames were longer than 20.0 ms apparently screen refreshes skipped, interframe durs were:[21.2] and was these frames: [2]
773.2889 	DATA 	Mouse:  Left button up, pos=(969,563)
777.2370 	DATA 	Mouse: Left button down, pos=(411,103)
777.5509 	ERROR 	trialnum=142 ERROR,1 frames were longer than 20.0 ms apparently screen refreshes skipped, interframe durs were:[21.] and was these frames: [31]
777.5577 	DATA 	Mouse:  Left button up, pos=(411,103)
781.5183 	DATA 	Mouse: Left button down, pos=(1146,39)
781.8361 	DATA 	Mouse:  Left button up, pos=(1146,39)
787.3029 	DATA 	Mouse: Left button down, pos=(310,762)
787.6222 	DATA 	Mouse:  Left button up, pos=(310,762)
792.7015 	DATA 	Mouse: Left button down, pos=(358,211)
793.0195 	DATA 	Mouse:  Left button up, pos=(358,211)
796.6031 	DATA 	Mouse: Left button down, pos=(344,475)
796.9230 	DATA 	Mouse:  Left button up, pos=(344,475)
801.2184 	DATA 	Mouse: Left button down, pos=(760,334)
801.5365 	DATA 	Mouse:  Left button up, pos=(760,334)
806.7290 	DATA 	Mouse: Left button down, pos=(363,586)
807.0570 	DATA 	Mouse:  Left button up, pos=(363,586)
810.8027 	DATA 	Mouse: Left button down, pos=(922,197)
811.1240 	DATA 	Mouse:  Left button up, pos=(922,197)
814.6031 	DATA 	Mouse: Left button down, pos=(1197,297)
814.9220 	DATA 	Mouse:  Left button up, pos=(1197,297)
819.4712 	DATA 	Mouse: Left button down, pos=(1099,737)
819.8080 	DATA 	Mouse:  Left button up, pos=(1099,737)
824.5361 	DATA 	Mouse: Left button down, pos=(434,128)
824.8542 	DATA 	Mouse:  Left button up, pos=(434,128)
828.7798 	DATA 	Mouse: Left button down, pos=(887,575)
829.1162 	DATA 	Mouse:  Left button up, pos=(887,575)
833.9708 	DATA 	Mouse: Left button down, pos=(895,175)
834.3246 	DATA 	Mouse:  Left button up, pos=(895,175)
839.0508 	DATA 	Mouse: Left button down, pos=(805,786)
839.3686 	DATA 	Mouse:  Left button up, pos=(805,786)
842.9352 	DATA 	Mouse: Left button down, pos=(317,255)
843.2549 	DATA 	Mouse:  Left button up, pos=(317,255)
847.7469 	DATA 	Mouse: Left button down, pos=(1206,681)
848.0758 	DATA 	Mouse:  Left button up, pos=(1206,681)
852.9616 	DATA 	Mouse: Left button down, pos=(979,667)
853.2910 	DATA 	Mouse:  Left button up, pos=(979,667)
856.6854 	DATA 	Mouse: Left button down, pos=(711,183)
857.0031 	DATA 	Mouse:  Left button up, pos=(711,183)
862.0177 	DATA 	Mouse: Left button down, pos=(481,840)
862.3357 	DATA 	Mouse:  Left button up, pos=(481,840)
866.5443 	DATA 	Mouse: Left button down, pos=(830,500)
866.8736 	DATA 	Mouse:  Left button up, pos=(830,500)
871.3927 	DATA 	Mouse: Left button down, pos=(431,681)
871.7343 	DATA 	Mouse:  Left button up, pos=(431,681)
875.8344 	DATA 	Mouse: Left button down, pos=(728,327)
876.1511 	DATA 	Mouse:  Left button up, pos=(728,327)
881.1355 	DATA 	Mouse: Left button down, pos=(255,360)
881.4529 	DATA 	Mouse:  Left button up, pos=(255,360)
886.1008 	DATA 	Mouse: Left button down, pos=(490,335)
886.4191 	DATA 	Mouse:  Left button up, pos=(490,335)
891.5829 	DATA 	Mouse: Left button down, pos=(1228,608)
891.9029 	DATA 	Mouse:  Left button up, pos=(1228,608)
897.0699 	DATA 	Mouse: Left button down, pos=(1002,748)
897.3891 	DATA 	Mouse:  Left button up, pos=(1002,748)
902.4346 	DATA 	Mouse: Left button down, pos=(539,170)
902.7528 	DATA 	Mouse:  Left button up, pos=(539,170)
906.7489 	DATA 	Mouse: Left button down, pos=(1172,464)
907.0655 	DATA 	Mouse:  Left button up, pos=(1172,465)
910.9850 	DATA 	Mouse: Left button down, pos=(1009,125)
911.3042 	DATA 	Mouse:  Left button up, pos=(1009,125)
914.6517 	DATA 	Mouse: Left button down, pos=(546,648)
914.9694 	DATA 	Mouse:  Left button up, pos=(546,648)
918.8828 	DATA 	Mouse: Left button down, pos=(1130,201)
919.2120 	DATA 	Mouse:  Left button up, pos=(1131,201)
922.6590 	DATA 	Keypress: space
926.1427 	DATA 	Mouse: Left button down, pos=(666,616)
926.4741 	DATA 	Mouse:  Left button up, pos=(666,616)
930.4187 	DATA 	Mouse: Left button down, pos=(1133,678)
930.7384 	DATA 	Mouse:  Left button up, pos=(1133,678)
936.2989 	DATA 	Mouse: Left button down, pos=(1061,120)
936.6182 	DATA 	Mouse:  Left button up, pos=(1061,120)
940.8845 	DATA 	Mouse: Left button down, pos=(412,686)
941.2027 	DATA 	Mouse:  Left button up, pos=(412,686)
946.1343 	DATA 	Mouse: Left button down, pos=(866,138)
946.4526 	DATA 	Mouse:  Left button up, pos=(866,138)
951.0857 	DATA 	Mouse: Left button down, pos=(1215,563)
951.4034 	DATA 	Mouse:  Left button up, pos=(1215,563)
955.4163 	DATA 	Mouse: Left button down, pos=(1271,755)
955.7347 	DATA 	Mouse:  Left button up, pos=(1271,755)
960.7008 	DATA 	Mouse: Left button down, pos=(608,608)
961.0211 	DATA 	Mouse:  Left button up, pos=(608,608)
964.9932 	DATA 	Mouse: Left button down, pos=(639,732)
965.3222 	DATA 	Mouse:  Left button up, pos=(639,732)
969.1350 	DATA 	Mouse: Left button down, pos=(351,841)
969.4543 	DATA 	Mouse:  Left button up, pos=(351,841)
974.8005 	DATA 	Mouse: Left button down, pos=(1300,338)
975.1193 	DATA 	Mouse:  Left button up, pos=(1300,338)
978.8828 	DATA 	Mouse: Left button down, pos=(333,572)
979.2002 	DATA 	Mouse:  Left button up, pos=(333,572)
983.9502 	DATA 	Mouse: Left button down, pos=(1243,693)
984.2665 	DATA 	Mouse:  Left button up, pos=(1243,693)
988.2243 	DATA 	Mouse: Left button down, pos=(270,163)
988.5658 	ERROR 	trialnum=186 ERROR,1 frames were longer than 20.0 ms apparently screen refreshes skipped, interframe durs were:[21.7] and was these frames: [7]
988.5728 	DATA 	Mouse:  Left button up, pos=(270,163)
993.8323 	DATA 	Mouse: Left button down, pos=(357,769)
994.1503 	DATA 	Mouse:  Left button up, pos=(357,769)
999.2679 	DATA 	Mouse: Left button down, pos=(1232,305)
999.5866 	DATA 	Mouse:  Left button up, pos=(1232,305)
1003.3166 	DATA 	Mouse: Left button down, pos=(725,295)
1003.6363 	DATA 	Mouse:  Left button up, pos=(725,295)
1008.5313 	DATA 	Mouse: Left button down, pos=(713,738)
1008.8489 	DATA 	Mouse:  Left button up, pos=(713,738)
1013.3667 	DATA 	Mouse: Left button down, pos=(671,489)
1013.6845 	DATA 	Mouse:  Left button up, pos=(671,489)
1017.3006 	DATA 	Mouse: Left button down, pos=(527,271)
1017.6177 	DATA 	Mouse:  Left button up, pos=(527,271)
1022.8975 	DATA 	Mouse: Left button down, pos=(243,337)
1023.2157 	DATA 	Mouse:  Left button up, pos=(243,337)
1027.0659 	DATA 	Mouse: Left button down, pos=(330,426)
1027.3848 	DATA 	Mouse:  Left button up, pos=(330,426)
1031.1148 	DATA 	Mouse: Left button down, pos=(799,785)
1031.4341 	DATA 	Mouse:  Left button up, pos=(799,785)
1035.2325 	DATA 	Mouse: Left button down, pos=(599,819)
1035.5517 	DATA 	Mouse:  Left button up, pos=(599,819)
1040.6333 	DATA 	Mouse: Left button down, pos=(1318,310)
1040.9497 	DATA 	Mouse:  Left button up, pos=(1318,310)
1044.7154 	DATA 	Mouse: Left button down, pos=(372,37)
1045.0345 	DATA 	Mouse:  Left button up, pos=(372,37)
1049.7976 	DATA 	Mouse: Left button down, pos=(444,645)
1050.1171 	DATA 	Mouse:  Left button up, pos=(444,645)
1055.0336 	DATA 	Mouse: Left button down, pos=(1223,148)
1055.3536 	DATA 	Mouse:  Left button up, pos=(1223,148)
1060.1268 	DATA 	Mouse: Left button down, pos=(265,748)
1060.4659 	DATA 	Mouse:  Left button up, pos=(265,748)
1065.3913 	DATA 	Mouse: Left button down, pos=(512,245)
1065.7210 	DATA 	Mouse:  Left button up, pos=(512,245)
1069.3996 	DATA 	Mouse: Left button down, pos=(433,317)
1069.7184 	DATA 	Mouse:  Left button up, pos=(433,317)
1073.6329 	DATA 	Mouse: Left button down, pos=(764,467)
1073.9514 	DATA 	Mouse:  Left button up, pos=(764,467)
1078.1158 	DATA 	Mouse: Left button down, pos=(1205,130)
1078.4342 	DATA 	Mouse:  Left button up, pos=(1205,130)
1083.5575 	DATA 	Mouse: Left button down, pos=(432,765)
1083.8891 	DATA 	Mouse:  Left button up, pos=(432,765)
1088.5571 	DATA 	Mouse: Left button down, pos=(381,657)
1088.8872 	DATA 	Mouse:  Left button up, pos=(381,657)
1094.1667 	DATA 	Mouse: Left button down, pos=(1297,434)
1094.4866 	DATA 	Mouse:  Left button up, pos=(1298,433)
1098.2825 	DATA 	Mouse: Left button down, pos=(915,641)
1098.6017 	DATA 	Mouse:  Left button up, pos=(916,641)
1103.3143 	DATA 	Mouse: Left button down, pos=(619,109)
1103.6336 	DATA 	Mouse:  Left button up, pos=(619,109)
1108.3973 	DATA 	Mouse: Left button down, pos=(933,805)
1108.7187 	DATA 	Mouse:  Left button up, pos=(933,805)
1113.3803 	DATA 	Mouse: Left button down, pos=(814,306)
1113.6994 	DATA 	Mouse:  Left button up, pos=(814,306)
1118.0984 	DATA 	Mouse: Left button down, pos=(469,857)
1118.4188 	DATA 	Mouse:  Left button up, pos=(469,857)
1123.6646 	DATA 	Mouse: Left button down, pos=(255,128)
1123.9834 	DATA 	Mouse:  Left button up, pos=(254,128)
1128.0820 	DATA 	Mouse: Left button down, pos=(750,366)
1128.4000 	DATA 	Mouse:  Left button up, pos=(750,366)
