6.8240 	ERROR 	Screen apparently NOT the desired resolution of 3360x2100 pixels!
instead it is [2880 1800]
8.8233 	WARNING 	User requested fullscreen with size [3360 2100], but screen is actually [1440, 900]. Using actual size
12.3530 	DATA 	Keypress: space
12.6246 	DATA 	Keypress: space
19.1212 	DATA 	Mouse: Left button down, pos=(585,351)
19.4702 	DATA 	Mouse:  Left button up, pos=(585,351)
26.1831 	DATA 	Mouse: Left button down, pos=(265,51)
26.5120 	DATA 	Mouse:  Left button up, pos=(265,51)
33.2163 	DATA 	Mouse: Left button down, pos=(830,570)
33.5463 	DATA 	Mouse:  Left button up, pos=(830,570)
40.8671 	DATA 	Mouse: Left button down, pos=(987,626)
41.1967 	DATA 	Mouse:  Left button up, pos=(987,626)
49.0032 	DATA 	Mouse: Left button down, pos=(1281,757)
49.3303 	DATA 	Mouse:  Left button up, pos=(1281,757)
57.2025 	DATA 	Mouse: Left button down, pos=(414,707)
57.5301 	DATA 	Mouse:  Left button up, pos=(414,707)
59.2456 	DATA 	Keypress: y
66.2004 	DATA 	Mouse: Left button down, pos=(808,257)
66.5361 	DATA 	Mouse:  Left button up, pos=(808,257)
73.7501 	DATA 	Mouse: Left button down, pos=(998,544)
74.0811 	DATA 	Mouse:  Left button up, pos=(998,544)
81.3526 	DATA 	Mouse: Left button down, pos=(250,580)
81.6800 	DATA 	Mouse:  Left button up, pos=(250,580)
88.6995 	DATA 	Mouse: Left button down, pos=(514,663)
89.0319 	DATA 	Mouse:  Left button up, pos=(514,663)
96.0675 	DATA 	Mouse: Left button down, pos=(650,537)
96.4005 	DATA 	Mouse:  Left button up, pos=(650,537)
103.9036 	DATA 	Mouse: Left button down, pos=(475,124)
104.2299 	DATA 	Mouse:  Left button up, pos=(475,124)
110.9515 	DATA 	Mouse: Left button down, pos=(546,561)
111.2829 	DATA 	Mouse:  Left button up, pos=(545,561)
118.0209 	DATA 	Mouse: Left button down, pos=(625,525)
118.3472 	DATA 	Mouse:  Left button up, pos=(625,525)
125.6196 	DATA 	Mouse: Left button down, pos=(164,79)
125.9489 	DATA 	Mouse:  Left button up, pos=(164,79)
133.7995 	DATA 	Mouse: Left button down, pos=(901,193)
134.1326 	DATA 	Mouse:  Left button up, pos=(901,193)
140.8506 	DATA 	Mouse: Left button down, pos=(782,626)
141.1799 	DATA 	Mouse:  Left button up, pos=(782,626)
148.3833 	DATA 	Mouse: Left button down, pos=(162,168)
148.7133 	DATA 	Mouse:  Left button up, pos=(162,168)
155.6532 	DATA 	Mouse: Left button down, pos=(308,704)
155.9821 	DATA 	Mouse:  Left button up, pos=(307,704)
163.0336 	DATA 	Mouse: Left button down, pos=(987,170)
163.3672 	DATA 	Mouse:  Left button up, pos=(988,170)
170.1341 	DATA 	Mouse: Left button down, pos=(1058,719)
170.4642 	DATA 	Mouse:  Left button up, pos=(1058,719)
177.5336 	DATA 	Mouse: Left button down, pos=(941,189)
177.8644 	DATA 	Mouse:  Left button up, pos=(941,189)
184.6006 	DATA 	Mouse: Left button down, pos=(443,237)
184.9290 	DATA 	Mouse:  Left button up, pos=(443,237)
191.9695 	DATA 	Mouse: Left button down, pos=(1148,511)
192.2964 	DATA 	Mouse:  Left button up, pos=(1148,511)
199.7164 	DATA 	Mouse: Left button down, pos=(294,199)
200.0487 	DATA 	Mouse:  Left button up, pos=(294,199)
206.8199 	DATA 	Mouse: Left button down, pos=(949,341)
207.1459 	DATA 	Mouse:  Left button up, pos=(949,341)
213.8863 	DATA 	Mouse: Left button down, pos=(1012,721)
214.2125 	DATA 	Mouse:  Left button up, pos=(1012,721)
221.1501 	DATA 	Mouse: Left button down, pos=(1193,777)
221.4813 	DATA 	Mouse:  Left button up, pos=(1193,777)
228.4841 	DATA 	Mouse: Left button down, pos=(1124,177)
228.8197 	DATA 	Mouse:  Left button up, pos=(1124,177)
235.7003 	DATA 	Mouse: Left button down, pos=(342,359)
236.0326 	DATA 	Mouse:  Left button up, pos=(341,360)
242.7047 	DATA 	Mouse: Left button down, pos=(953,145)
243.0313 	DATA 	Mouse:  Left button up, pos=(953,145)
250.4005 	DATA 	Mouse: Left button down, pos=(1253,228)
250.7327 	DATA 	Mouse:  Left button up, pos=(1253,228)
257.1502 	DATA 	Mouse: Left button down, pos=(289,39)
257.4792 	DATA 	Mouse:  Left button up, pos=(289,39)
264.0012 	DATA 	Mouse: Left button down, pos=(522,601)
264.3349 	DATA 	Mouse:  Left button up, pos=(522,601)
271.3033 	DATA 	Mouse: Left button down, pos=(960,26)
271.6321 	DATA 	Mouse:  Left button up, pos=(960,26)
278.3504 	DATA 	Mouse: Left button down, pos=(466,737)
278.6828 	DATA 	Mouse:  Left button up, pos=(466,737)
285.5214 	DATA 	Mouse: Left button down, pos=(261,214)
285.8483 	DATA 	Mouse:  Left button up, pos=(261,214)
292.8205 	DATA 	Mouse: Left button down, pos=(876,222)
293.1493 	DATA 	Mouse:  Left button up, pos=(876,222)
300.0004 	DATA 	Mouse: Left button down, pos=(786,272)
300.3358 	DATA 	Mouse:  Left button up, pos=(786,272)
307.0865 	DATA 	Mouse: Left button down, pos=(922,854)
307.4172 	DATA 	Mouse:  Left button up, pos=(922,854)
314.1677 	DATA 	Mouse: Left button down, pos=(193,766)
314.4978 	DATA 	Mouse:  Left button up, pos=(193,766)
321.4710 	DATA 	Mouse: Left button down, pos=(1245,137)
321.7952 	DATA 	Mouse:  Left button up, pos=(1245,137)
328.5869 	DATA 	Mouse: Left button down, pos=(327,627)
328.9203 	DATA 	Mouse:  Left button up, pos=(327,628)
335.8015 	DATA 	Mouse: Left button down, pos=(983,55)
336.1314 	DATA 	Mouse:  Left button up, pos=(983,55)
343.0006 	DATA 	Mouse: Left button down, pos=(384,116)
343.3302 	DATA 	Mouse:  Left button up, pos=(384,116)
349.9677 	DATA 	Mouse: Left button down, pos=(1184,95)
350.2965 	DATA 	Mouse:  Left button up, pos=(1184,96)
357.3042 	DATA 	Mouse: Left button down, pos=(1105,65)
357.6314 	DATA 	Mouse:  Left button up, pos=(1105,65)
364.3506 	DATA 	Mouse: Left button down, pos=(774,763)
364.6858 	DATA 	Mouse:  Left button up, pos=(774,763)
371.7202 	DATA 	Mouse: Left button down, pos=(1066,555)
372.0464 	DATA 	Mouse:  Left button up, pos=(1066,555)
379.9845 	DATA 	Mouse: Left button down, pos=(410,73)
380.3148 	DATA 	Mouse:  Left button up, pos=(410,73)
387.2682 	DATA 	Mouse: Left button down, pos=(830,393)
387.6019 	DATA 	Mouse:  Left button up, pos=(830,393)
394.3509 	DATA 	Mouse: Left button down, pos=(653,387)
394.6838 	DATA 	Mouse:  Left button up, pos=(653,387)
401.9330 	DATA 	Mouse: Left button down, pos=(783,697)
402.2704 	DATA 	Mouse:  Left button up, pos=(783,697)
409.0180 	DATA 	Mouse: Left button down, pos=(502,366)
409.3494 	DATA 	Mouse:  Left button up, pos=(502,366)
417.1670 	DATA 	Mouse: Left button down, pos=(598,722)
417.5014 	DATA 	Mouse:  Left button up, pos=(598,722)
424.4677 	DATA 	Mouse: Left button down, pos=(455,640)
424.7976 	DATA 	Mouse:  Left button up, pos=(454,640)
431.2345 	DATA 	Mouse: Left button down, pos=(803,661)
431.5660 	DATA 	Mouse:  Left button up, pos=(803,661)
438.3042 	DATA 	Mouse: Left button down, pos=(897,830)
438.6308 	DATA 	Mouse:  Left button up, pos=(897,830)
445.6509 	DATA 	Mouse: Left button down, pos=(1237,309)
445.9884 	DATA 	Mouse:  Left button up, pos=(1237,310)
452.5179 	DATA 	Mouse: Left button down, pos=(1022,863)
452.8494 	DATA 	Mouse:  Left button up, pos=(1022,863)
460.0004 	DATA 	Mouse: Left button down, pos=(483,235)
460.3307 	DATA 	Mouse:  Left button up, pos=(483,235)
467.7036 	DATA 	Mouse: Left button down, pos=(244,155)
468.0327 	DATA 	Mouse:  Left button up, pos=(244,155)
474.7837 	DATA 	Mouse: Left button down, pos=(1233,776)
475.1162 	DATA 	Mouse:  Left button up, pos=(1234,776)
481.7343 	DATA 	Mouse: Left button down, pos=(1214,800)
482.0662 	DATA 	Mouse:  Left button up, pos=(1214,800)
489.0020 	DATA 	Mouse: Left button down, pos=(988,581)
489.3325 	DATA 	Mouse:  Left button up, pos=(988,581)
496.1178 	DATA 	Mouse: Left button down, pos=(874,327)
496.4526 	DATA 	Mouse:  Left button up, pos=(874,327)
503.2013 	DATA 	Mouse: Left button down, pos=(1128,681)
503.5306 	DATA 	Mouse:  Left button up, pos=(1128,681)
510.4044 	DATA 	Mouse: Left button down, pos=(848,282)
510.7306 	DATA 	Mouse:  Left button up, pos=(848,282)
517.5842 	DATA 	Mouse: Left button down, pos=(837,779)
517.9130 	DATA 	Mouse:  Left button up, pos=(837,779)
524.7846 	DATA 	Mouse: Left button down, pos=(1064,747)
525.1165 	DATA 	Mouse:  Left button up, pos=(1064,747)
532.1543 	DATA 	Mouse: Left button down, pos=(509,119)
532.4810 	DATA 	Mouse:  Left button up, pos=(509,119)
539.3849 	DATA 	Mouse: Left button down, pos=(456,631)
539.7149 	DATA 	Mouse:  Left button up, pos=(456,631)
546.2344 	DATA 	Mouse: Left button down, pos=(535,846)
546.5652 	DATA 	Mouse:  Left button up, pos=(535,846)
553.6717 	DATA 	Mouse: Left button down, pos=(387,705)
553.9994 	DATA 	Mouse:  Left button up, pos=(387,705)
561.2184 	DATA 	Mouse: Left button down, pos=(857,346)
561.5516 	DATA 	Mouse:  Left button up, pos=(857,346)
568.0518 	DATA 	Mouse: Left button down, pos=(357,821)
568.3907 	DATA 	Mouse:  Left button up, pos=(357,821)
574.9543 	DATA 	Mouse: Left button down, pos=(947,531)
575.2831 	DATA 	Mouse:  Left button up, pos=(947,530)
582.2173 	DATA 	Mouse: Left button down, pos=(974,60)
582.5471 	DATA 	Mouse:  Left button up, pos=(974,60)
589.6218 	DATA 	Mouse: Left button down, pos=(413,343)
589.9470 	DATA 	Mouse:  Left button up, pos=(413,343)
596.6180 	DATA 	Mouse: Left button down, pos=(630,162)
596.9479 	DATA 	Mouse:  Left button up, pos=(630,162)
603.7345 	DATA 	Mouse: Left button down, pos=(352,57)
604.0628 	DATA 	Mouse:  Left button up, pos=(352,57)
610.8176 	DATA 	Mouse: Left button down, pos=(224,111)
611.1477 	DATA 	Mouse:  Left button up, pos=(224,111)
617.8023 	DATA 	Mouse: Left button down, pos=(1104,849)
618.1321 	DATA 	Mouse:  Left button up, pos=(1104,849)
624.5853 	DATA 	Mouse: Left button down, pos=(191,671)
624.9157 	DATA 	Mouse:  Left button up, pos=(192,671)
631.8013 	DATA 	Mouse: Left button down, pos=(349,689)
632.1356 	DATA 	Mouse:  Left button up, pos=(349,689)
639.4023 	DATA 	Mouse: Left button down, pos=(1190,157)
639.7340 	DATA 	Mouse:  Left button up, pos=(1190,157)
646.5342 	DATA 	Mouse: Left button down, pos=(394,702)
646.8654 	DATA 	Mouse:  Left button up, pos=(394,703)
653.4011 	DATA 	Mouse: Left button down, pos=(470,673)
653.7339 	DATA 	Mouse:  Left button up, pos=(470,673)
660.9725 	DATA 	Mouse: Left button down, pos=(960,830)
661.2975 	DATA 	Mouse:  Left button up, pos=(959,831)
668.5877 	DATA 	Mouse: Left button down, pos=(993,516)
668.9143 	DATA 	Mouse:  Left button up, pos=(993,516)
675.3512 	DATA 	Mouse: Left button down, pos=(375,670)
675.6874 	DATA 	Mouse:  Left button up, pos=(375,671)
682.2552 	DATA 	Mouse: Left button down, pos=(521,667)
682.5825 	DATA 	Mouse:  Left button up, pos=(521,667)
689.2679 	DATA 	Mouse: Left button down, pos=(331,627)
689.5986 	DATA 	Mouse:  Left button up, pos=(331,627)
696.5714 	DATA 	Mouse: Left button down, pos=(1061,854)
696.9003 	DATA 	Mouse:  Left button up, pos=(1061,854)
701.7531 	WARNING 	t of last frame was 40.39ms (=1/24)
703.8043 	DATA 	Mouse: Left button down, pos=(498,664)
704.1254 	ERROR 	trialnum=88 ERROR,1 frames were longer than 19.93 ms apparently screen refreshes skipped, interframe durs were:[40.4] and was these frames: [26]
704.1321 	DATA 	Mouse:  Left button up, pos=(498,664)
711.3858 	DATA 	Mouse: Left button down, pos=(503,153)
711.7169 	DATA 	Mouse:  Left button up, pos=(503,153)
718.7207 	DATA 	Mouse: Left button down, pos=(443,121)
719.0464 	DATA 	Mouse:  Left button up, pos=(443,121)
726.0526 	DATA 	Mouse: Left button down, pos=(1102,313)
726.3854 	DATA 	Mouse:  Left button up, pos=(1102,313)
733.0209 	DATA 	Mouse: Left button down, pos=(993,598)
733.3492 	DATA 	Mouse:  Left button up, pos=(993,598)
740.5683 	DATA 	Mouse: Left button down, pos=(411,689)
740.9020 	DATA 	Mouse:  Left button up, pos=(411,689)
748.0757 	DATA 	Mouse: Left button down, pos=(795,749)
748.3976 	DATA 	Mouse:  Left button up, pos=(795,749)
755.5848 	DATA 	Mouse: Left button down, pos=(416,353)
755.9200 	DATA 	Mouse:  Left button up, pos=(416,353)
763.0021 	DATA 	Mouse: Left button down, pos=(374,156)
763.3312 	DATA 	Mouse:  Left button up, pos=(374,156)
770.3678 	DATA 	Mouse: Left button down, pos=(915,252)
770.6992 	DATA 	Mouse:  Left button up, pos=(915,252)
778.0857 	DATA 	Mouse: Left button down, pos=(1078,90)
778.4223 	DATA 	Mouse:  Left button up, pos=(1078,90)
785.6882 	DATA 	Mouse: Left button down, pos=(403,54)
786.0150 	DATA 	Mouse:  Left button up, pos=(403,54)
792.6356 	DATA 	Mouse: Left button down, pos=(388,648)
792.9646 	DATA 	Mouse:  Left button up, pos=(388,648)
799.8384 	DATA 	Mouse: Left button down, pos=(203,686)
800.1649 	DATA 	Mouse:  Left button up, pos=(203,686)
807.4716 	DATA 	Mouse: Left button down, pos=(480,87)
807.7974 	DATA 	Mouse:  Left button up, pos=(480,87)
815.1855 	DATA 	Mouse: Left button down, pos=(373,612)
815.5161 	DATA 	Mouse:  Left button up, pos=(373,613)
823.1549 	DATA 	Mouse: Left button down, pos=(455,98)
823.4834 	DATA 	Mouse:  Left button up, pos=(456,98)
830.5850 	DATA 	Mouse: Left button down, pos=(1259,710)
830.9156 	DATA 	Mouse:  Left button up, pos=(1259,710)
837.6026 	DATA 	Mouse: Left button down, pos=(447,251)
837.9328 	DATA 	Mouse:  Left button up, pos=(447,251)
845.0348 	DATA 	Mouse: Left button down, pos=(1005,658)
845.3701 	DATA 	Mouse:  Left button up, pos=(1004,658)
852.4378 	DATA 	Mouse: Left button down, pos=(286,342)
852.7650 	DATA 	Mouse:  Left button up, pos=(286,342)
860.2519 	DATA 	Mouse: Left button down, pos=(1246,750)
860.5866 	DATA 	Mouse:  Left button up, pos=(1246,750)
867.8354 	DATA 	Mouse: Left button down, pos=(1248,832)
868.1710 	DATA 	Mouse:  Left button up, pos=(1248,832)
874.8854 	DATA 	Mouse: Left button down, pos=(606,815)
875.2146 	DATA 	Mouse:  Left button up, pos=(606,815)
882.9547 	DATA 	Mouse: Left button down, pos=(159,151)
883.2804 	DATA 	Mouse:  Left button up, pos=(159,152)
890.2852 	DATA 	Mouse: Left button down, pos=(1056,784)
890.6157 	DATA 	Mouse:  Left button up, pos=(1056,784)
897.3521 	DATA 	Mouse: Left button down, pos=(435,598)
897.6814 	DATA 	Mouse:  Left button up, pos=(435,598)
904.6682 	DATA 	Mouse: Left button down, pos=(1093,823)
905.0005 	DATA 	Mouse:  Left button up, pos=(1093,823)
911.7687 	DATA 	Mouse: Left button down, pos=(1045,569)
912.0986 	DATA 	Mouse:  Left button up, pos=(1044,570)
919.4726 	DATA 	Mouse: Left button down, pos=(1139,60)
919.7987 	DATA 	Mouse:  Left button up, pos=(1139,60)
927.3056 	DATA 	Mouse: Left button down, pos=(1229,185)
927.6341 	DATA 	Mouse:  Left button up, pos=(1229,185)
934.6858 	DATA 	Mouse: Left button down, pos=(925,534)
935.0164 	DATA 	Mouse:  Left button up, pos=(925,534)
942.6354 	DATA 	Mouse: Left button down, pos=(232,837)
942.9689 	DATA 	Mouse:  Left button up, pos=(232,837)
949.9718 	DATA 	Mouse: Left button down, pos=(971,760)
950.3059 	DATA 	Mouse:  Left button up, pos=(971,761)
957.1021 	DATA 	Mouse: Left button down, pos=(1093,109)
957.4326 	DATA 	Mouse:  Left button up, pos=(1093,109)
965.2020 	DATA 	Mouse: Left button down, pos=(458,315)
965.5311 	DATA 	Mouse:  Left button up, pos=(458,315)
973.4520 	DATA 	Mouse: Left button down, pos=(890,804)
973.7915 	DATA 	Mouse:  Left button up, pos=(890,804)
981.1691 	DATA 	Mouse: Left button down, pos=(298,301)
981.5017 	DATA 	Mouse:  Left button up, pos=(298,301)
988.4521 	DATA 	Mouse: Left button down, pos=(834,275)
988.7813 	DATA 	Mouse:  Left button up, pos=(834,275)
995.4359 	DATA 	Mouse: Left button down, pos=(1125,581)
995.7668 	DATA 	Mouse:  Left button up, pos=(1125,581)
1002.8855 	DATA 	Mouse: Left button down, pos=(1002,195)
1003.2180 	DATA 	Mouse:  Left button up, pos=(1002,195)
1009.8561 	DATA 	Mouse: Left button down, pos=(864,579)
1010.2027 	DATA 	Mouse:  Left button up, pos=(864,579)
1016.9849 	DATA 	Mouse: Left button down, pos=(414,763)
1017.3221 	DATA 	Mouse:  Left button up, pos=(414,764)
1024.2018 	DATA 	Mouse: Left button down, pos=(386,369)
1024.5315 	DATA 	Mouse:  Left button up, pos=(387,369)
1031.4522 	DATA 	Mouse: Left button down, pos=(233,585)
1031.7901 	DATA 	Mouse:  Left button up, pos=(233,585)
1038.9684 	DATA 	Mouse: Left button down, pos=(447,687)
1039.3007 	DATA 	Mouse:  Left button up, pos=(447,687)
1046.3188 	DATA 	Mouse: Left button down, pos=(1086,741)
1046.6523 	DATA 	Mouse:  Left button up, pos=(1086,741)
1053.8689 	DATA 	Mouse: Left button down, pos=(340,74)
1054.2022 	DATA 	Mouse:  Left button up, pos=(340,74)
1061.0189 	DATA 	Mouse: Left button down, pos=(981,178)
1061.3493 	DATA 	Mouse:  Left button up, pos=(981,178)
1068.9547 	DATA 	Mouse: Left button down, pos=(263,175)
1069.2805 	DATA 	Mouse:  Left button up, pos=(263,175)
1075.9023 	DATA 	Mouse: Left button down, pos=(636,774)
1076.2340 	DATA 	Mouse:  Left button up, pos=(636,774)
1084.0756 	DATA 	Mouse: Left button down, pos=(1243,147)
1084.4009 	DATA 	Mouse:  Left button up, pos=(1243,147)
1091.5354 	DATA 	Mouse: Left button down, pos=(312,135)
1091.8650 	DATA 	Mouse:  Left button up, pos=(312,135)
1098.2851 	DATA 	Mouse: Left button down, pos=(526,750)
1098.6179 	DATA 	Mouse:  Left button up, pos=(526,750)
1105.4028 	DATA 	Mouse: Left button down, pos=(195,79)
1105.7339 	DATA 	Mouse:  Left button up, pos=(195,79)
1112.4521 	DATA 	Mouse: Left button down, pos=(327,130)
1112.7861 	DATA 	Mouse:  Left button up, pos=(327,130)
1119.3194 	DATA 	Mouse: Left button down, pos=(306,149)
1119.6503 	DATA 	Mouse:  Left button up, pos=(306,149)
1126.7521 	DATA 	Mouse: Left button down, pos=(281,111)
1127.0826 	DATA 	Mouse:  Left button up, pos=(281,111)
1133.6214 	DATA 	Mouse: Left button down, pos=(546,666)
1133.9557 	DATA 	Mouse:  Left button up, pos=(546,666)
1140.5866 	DATA 	Mouse: Left button down, pos=(494,598)
1140.9176 	DATA 	Mouse:  Left button up, pos=(494,598)
1147.7529 	DATA 	Mouse: Left button down, pos=(963,649)
1148.0836 	DATA 	Mouse:  Left button up, pos=(963,649)
1155.3195 	DATA 	Mouse: Left button down, pos=(170,394)
1155.6665 	DATA 	Mouse:  Left button up, pos=(171,394)
1163.0533 	DATA 	Mouse: Left button down, pos=(254,128)
1163.3902 	DATA 	Mouse:  Left button up, pos=(254,128)
1170.0026 	DATA 	Mouse: Left button down, pos=(800,670)
1170.3381 	DATA 	Mouse:  Left button up, pos=(800,670)
1177.3867 	DATA 	Mouse: Left button down, pos=(967,145)
1177.7178 	DATA 	Mouse:  Left button up, pos=(967,145)
1184.4862 	DATA 	Mouse: Left button down, pos=(1293,760)
1184.8153 	DATA 	Mouse:  Left button up, pos=(1293,760)
1191.3698 	DATA 	Mouse: Left button down, pos=(973,601)
1191.6991 	DATA 	Mouse:  Left button up, pos=(973,601)
1198.2220 	DATA 	Mouse: Left button down, pos=(863,826)
1198.5530 	DATA 	Mouse:  Left button up, pos=(863,826)
1205.3527 	DATA 	Mouse: Left button down, pos=(834,111)
1205.6887 	DATA 	Mouse:  Left button up, pos=(834,111)
1212.4855 	DATA 	Mouse: Left button down, pos=(604,841)
1212.8165 	DATA 	Mouse:  Left button up, pos=(604,841)
1219.2685 	DATA 	Mouse: Left button down, pos=(518,856)
1219.6009 	DATA 	Mouse:  Left button up, pos=(518,856)
1226.4188 	DATA 	Mouse: Left button down, pos=(589,618)
1226.7483 	DATA 	Mouse:  Left button up, pos=(589,618)
1228.4709 	DATA 	Mouse: wheel shift=(0,0), pos=(589,618)
1228.5214 	DATA 	Mouse: wheel shift=(0,0), pos=(589,618)
1233.5357 	DATA 	Mouse: Left button down, pos=(1097,47)
1233.8668 	DATA 	Mouse:  Left button up, pos=(1098,47)
1241.4031 	DATA 	Mouse: Left button down, pos=(809,571)
1241.7345 	DATA 	Mouse:  Left button up, pos=(810,571)
1248.5063 	DATA 	Mouse: Left button down, pos=(558,94)
1248.8331 	DATA 	Mouse:  Left button up, pos=(558,94)
1255.7054 	DATA 	Mouse: Left button down, pos=(916,848)
1256.0331 	DATA 	Mouse:  Left button up, pos=(916,848)
1262.7061 	DATA 	Mouse: Left button down, pos=(560,841)
1263.0319 	DATA 	Mouse:  Left button up, pos=(560,841)
1360.7296 	DATA 	Keypress: escape
