14.7468 	WARNING 	User requested fullscreen with size [2880 1800], but screen is actually [1440, 900]. Using actual size
19.8609 	DATA 	Keypress: y
14.7468 	WARNING 	User requested fullscreen with size [2880 1800], but screen is actually [1440, 900]. Using actual size
19.8609 	DATA 	Keypress: y
11.5661 	WARNING 	User requested fullscreen with size [2880 1800], but screen is actually [1440, 900]. Using actual size
16.8312 	DATA 	Keypress: y
20.3797 	DATA 	Mouse: Left button down, pos=(809,518)
20.7256 	DATA 	Mouse:  Left button up, pos=(809,518)
24.0149 	WARNING 	t of last frame was 21.16ms (=1/47)
26.2849 	DATA 	Mouse: Left button down, pos=(1253,530)
26.6088 	DEPRECATION 	trialnum=1 ERROR,1 frames were longer than 19.97 ms apparently screen refreshes skipped, interframe durs were:[21.2] and was these frames: [29]
26.6279 	DATA 	Mouse:  Left button up, pos=(1253,530)
30.0147 	WARNING 	t of last frame was 20.14ms (=1/49)
31.8518 	DATA 	Mouse: Left button down, pos=(538,683)
32.1747 	DEPRECATION 	trialnum=2 ERROR,1 frames were longer than 19.97 ms apparently screen refreshes skipped, interframe durs were:[20.1] and was these frames: [26]
32.1938 	DATA 	Mouse:  Left button up, pos=(538,683)
38.3341 	DATA 	Mouse: Left button down, pos=(1307,557)
38.6740 	DATA 	Mouse:  Left button up, pos=(1307,557)
43.8179 	DATA 	Mouse: Left button down, pos=(1110,714)
44.1583 	DATA 	Mouse:  Left button up, pos=(1110,714)
48.7471 	DATA 	Mouse: Left button down, pos=(1266,631)
49.0898 	DATA 	Mouse:  Left button up, pos=(1266,631)
54.0806 	DATA 	Mouse: Left button down, pos=(910,204)
54.4200 	DATA 	Mouse:  Left button up, pos=(910,204)
58.5681 	DATA 	Mouse: Left button down, pos=(382,626)
58.9082 	DATA 	Mouse:  Left button up, pos=(382,627)
61.0147 	WARNING 	t of last frame was 20.20ms (=1/49)
63.6806 	DATA 	Mouse: Left button down, pos=(450,65)
64.0024 	DEPRECATION 	trialnum=8 ERROR,1 frames were longer than 19.97 ms apparently screen refreshes skipped, interframe durs were:[20.2] and was these frames: [8]
64.0221 	DATA 	Mouse:  Left button up, pos=(450,65)
67.0148 	WARNING 	t of last frame was 20.29ms (=1/49)
69.3177 	DATA 	Mouse: Left button down, pos=(195,815)
69.6421 	DEPRECATION 	trialnum=9 ERROR,1 frames were longer than 19.97 ms apparently screen refreshes skipped, interframe durs were:[20.3] and was these frames: [20]
69.6593 	DATA 	Mouse:  Left button up, pos=(195,815)
72.0151 	WARNING 	Multiple dropped frames have occurred - I'll stop bothering you about them!
74.1685 	DATA 	Mouse: Left button down, pos=(1098,690)
74.4917 	DEPRECATION 	trialnum=10 ERROR,1 frames were longer than 19.97 ms apparently screen refreshes skipped, interframe durs were:[20.3] and was these frames: [3]
74.5085 	DATA 	Mouse:  Left button up, pos=(1098,690)
78.8142 	DATA 	Mouse: Left button down, pos=(598,125)
79.1523 	DATA 	Mouse:  Left button up, pos=(598,125)
83.3151 	DATA 	Mouse: Left button down, pos=(600,362)
83.6392 	DEPRECATION 	trialnum=12 ERROR,1 frames were longer than 19.97 ms apparently screen refreshes skipped, interframe durs were:[20.1] and was these frames: [6]
83.6552 	DATA 	Mouse:  Left button up, pos=(600,362)
89.1180 	DATA 	Mouse: Left button down, pos=(1003,796)
89.4426 	DEPRECATION 	trialnum=13 ERROR,1 frames were longer than 19.97 ms apparently screen refreshes skipped, interframe durs were:[20.2] and was these frames: [31]
89.4598 	DATA 	Mouse:  Left button up, pos=(1003,796)
94.3641 	DATA 	Mouse: Left button down, pos=(1231,605)
94.6874 	DEPRECATION 	trialnum=14 ERROR,1 frames were longer than 19.97 ms apparently screen refreshes skipped, interframe durs were:[20.4] and was these frames: [11]
94.7078 	DATA 	Mouse:  Left button up, pos=(1231,605)
100.1350 	DATA 	Mouse: Left button down, pos=(326,524)
100.4820 	DATA 	Mouse:  Left button up, pos=(327,524)
104.7016 	DATA 	Mouse: Left button down, pos=(601,299)
105.0248 	DEPRECATION 	trialnum=16 ERROR,1 frames were longer than 19.97 ms apparently screen refreshes skipped, interframe durs were:[20.7] and was these frames: [33]
105.0470 	DATA 	Mouse:  Left button up, pos=(601,299)
110.5355 	DATA 	Mouse: Left button down, pos=(511,535)
110.8599 	DEPRECATION 	trialnum=17 ERROR,1 frames were longer than 19.97 ms apparently screen refreshes skipped, interframe durs were:[53.6] and was these frames: [39]
110.8760 	DATA 	Mouse:  Left button up, pos=(511,535)
116.0247 	DATA 	Mouse: Left button down, pos=(591,83)
116.3430 	DEPRECATION 	trialnum=18 ERROR,2 frames were longer than 19.97 ms apparently screen refreshes skipped, interframe durs were:[53.6 20.4] and was these frames: [0 5]
116.3633 	DATA 	Mouse:  Left button up, pos=(591,83)
122.1516 	DATA 	Mouse: Left button down, pos=(538,185)
122.4767 	DEPRECATION 	trialnum=19 ERROR,1 frames were longer than 19.97 ms apparently screen refreshes skipped, interframe durs were:[20.3] and was these frames: [27]
122.4925 	DATA 	Mouse:  Left button up, pos=(538,185)
127.8643 	DATA 	Mouse: Left button down, pos=(276,316)
128.2033 	DATA 	Mouse:  Left button up, pos=(276,316)
132.9849 	DATA 	Mouse: Left button down, pos=(669,267)
133.3113 	DEPRECATION 	trialnum=21 ERROR,1 frames were longer than 19.97 ms apparently screen refreshes skipped, interframe durs were:[20.1] and was these frames: [19]
133.3353 	DATA 	Mouse:  Left button up, pos=(669,267)
138.2810 	DATA 	Mouse: Left button down, pos=(732,562)
138.6277 	DATA 	Mouse:  Left button up, pos=(732,562)
143.5812 	DATA 	Mouse: Left button down, pos=(871,502)
143.9199 	DATA 	Mouse:  Left button up, pos=(871,502)
148.6688 	DATA 	Mouse: Left button down, pos=(144,734)
149.0101 	DATA 	Mouse:  Left button up, pos=(144,734)
153.1316 	DATA 	Mouse: Left button down, pos=(305,581)
153.4705 	DATA 	Mouse:  Left button up, pos=(305,581)
158.4638 	DATA 	Mouse: Left button down, pos=(763,634)
158.7871 	DEPRECATION 	trialnum=26 ERROR,1 frames were longer than 19.97 ms apparently screen refreshes skipped, interframe durs were:[20.3] and was these frames: [32]
158.8024 	DATA 	Mouse:  Left button up, pos=(762,634)
162.9634 	DATA 	Mouse: Left button down, pos=(318,621)
163.2869 	DEPRECATION 	trialnum=27 ERROR,1 frames were longer than 19.97 ms apparently screen refreshes skipped, interframe durs were:[20.4] and was these frames: [21]
163.3115 	DATA 	Mouse:  Left button up, pos=(318,621)
169.0304 	DATA 	Mouse: Left button down, pos=(1302,109)
169.3696 	DATA 	Mouse:  Left button up, pos=(1302,109)
173.2183 	DATA 	Mouse: Left button down, pos=(613,386)
173.5661 	DATA 	Mouse:  Left button up, pos=(613,386)
178.6852 	DATA 	Mouse: Left button down, pos=(486,467)
179.0095 	DEPRECATION 	trialnum=30 ERROR,1 frames were longer than 19.97 ms apparently screen refreshes skipped, interframe durs were:[20.3] and was these frames: [22]
179.0265 	DATA 	Mouse:  Left button up, pos=(486,467)
183.3139 	DATA 	Mouse: Left button down, pos=(927,536)
183.6538 	DATA 	Mouse:  Left button up, pos=(927,536)
189.3349 	DATA 	Mouse: Left button down, pos=(232,89)
189.6764 	DATA 	Mouse:  Left button up, pos=(232,89)
194.1989 	DATA 	Mouse: Left button down, pos=(234,533)
194.5445 	DATA 	Mouse:  Left button up, pos=(234,533)
198.6345 	DATA 	Mouse: Left button down, pos=(788,121)
198.9593 	DEPRECATION 	trialnum=34 ERROR,1 frames were longer than 19.97 ms apparently screen refreshes skipped, interframe durs were:[20.1] and was these frames: [39]
198.9758 	DATA 	Mouse:  Left button up, pos=(788,121)
204.3681 	DATA 	Mouse: Left button down, pos=(648,393)
204.6924 	DEPRECATION 	trialnum=35 ERROR,1 frames were longer than 19.97 ms apparently screen refreshes skipped, interframe durs were:[20.1] and was these frames: [0]
204.7098 	DATA 	Mouse:  Left button up, pos=(648,393)
209.6797 	DATA 	Mouse: Left button down, pos=(821,147)
210.0041 	DEPRECATION 	trialnum=36 ERROR,1 frames were longer than 19.97 ms apparently screen refreshes skipped, interframe durs were:[20.3] and was these frames: [36]
210.0233 	DATA 	Mouse:  Left button up, pos=(821,147)
214.1685 	DATA 	Mouse: Left button down, pos=(969,741)
214.4937 	DEPRECATION 	trialnum=37 ERROR,1 frames were longer than 19.97 ms apparently screen refreshes skipped, interframe durs were:[20.3] and was these frames: [7]
214.5087 	DATA 	Mouse:  Left button up, pos=(969,741)
218.0476 	DATA 	Mouse: Left button down, pos=(666,484)
218.3871 	DATA 	Mouse:  Left button up, pos=(666,484)
223.1021 	DATA 	Mouse: Left button down, pos=(451,636)
223.4266 	DEPRECATION 	trialnum=39 ERROR,1 frames were longer than 19.97 ms apparently screen refreshes skipped, interframe durs were:[21.8] and was these frames: [18]
223.4498 	DATA 	Mouse:  Left button up, pos=(451,636)
230.0228 	DATA 	Mouse: Left button down, pos=(498,655)
230.3428 	DEPRECATION 	trialnum=40 ERROR,1 frames were longer than 19.97 ms apparently screen refreshes skipped, interframe durs were:[20.7] and was these frames: [22]
230.3582 	DATA 	Mouse:  Left button up, pos=(498,655)
234.8482 	DATA 	Mouse: Left button down, pos=(171,555)
235.1723 	DEPRECATION 	trialnum=41 ERROR,1 frames were longer than 19.97 ms apparently screen refreshes skipped, interframe durs were:[20.2] and was these frames: [31]
235.1872 	DATA 	Mouse:  Left button up, pos=(171,555)
239.3852 	DATA 	Mouse: Left button down, pos=(1136,315)
239.7100 	DEPRECATION 	trialnum=42 ERROR,1 frames were longer than 19.97 ms apparently screen refreshes skipped, interframe durs were:[20.] and was these frames: [10]
239.7395 	DATA 	Mouse:  Left button up, pos=(1136,315)
243.8687 	DATA 	Mouse: Left button down, pos=(808,535)
244.1931 	DEPRECATION 	trialnum=43 ERROR,1 frames were longer than 19.97 ms apparently screen refreshes skipped, interframe durs were:[20.3] and was these frames: [5]
244.2088 	DATA 	Mouse:  Left button up, pos=(808,535)
249.3319 	DATA 	Mouse: Left button down, pos=(1236,311)
249.6537 	DEPRECATION 	trialnum=44 ERROR,1 frames were longer than 19.97 ms apparently screen refreshes skipped, interframe durs were:[20.2] and was these frames: [28]
249.6748 	DATA 	Mouse:  Left button up, pos=(1236,312)
255.4354 	DATA 	Mouse: Left button down, pos=(218,540)
255.7596 	DEPRECATION 	trialnum=45 ERROR,1 frames were longer than 19.97 ms apparently screen refreshes skipped, interframe durs were:[20.3] and was these frames: [6]
255.7795 	DATA 	Mouse:  Left button up, pos=(218,540)
259.7647 	DATA 	Mouse: Left button down, pos=(335,689)
260.1073 	DATA 	Mouse:  Left button up, pos=(335,689)
265.7847 	DATA 	Mouse: Left button down, pos=(1111,105)
266.1282 	DATA 	Mouse:  Left button up, pos=(1111,105)
272.0310 	DATA 	Mouse: Left button down, pos=(423,337)
272.3555 	DEPRECATION 	trialnum=48 ERROR,1 frames were longer than 19.97 ms apparently screen refreshes skipped, interframe durs were:[20.3] and was these frames: [37]
272.3705 	DATA 	Mouse:  Left button up, pos=(423,337)
277.1526 	DATA 	Mouse: Left button down, pos=(464,579)
277.4745 	DEPRECATION 	trialnum=49 ERROR,2 frames were longer than 19.97 ms apparently screen refreshes skipped, interframe durs were:[ 20.3 167.6] and was these frames: [ 5 19]
277.4935 	DATA 	Mouse:  Left button up, pos=(464,579)
281.7646 	DATA 	Mouse: Left button down, pos=(850,259)
282.1058 	DATA 	Mouse:  Left button up, pos=(850,259)
287.5686 	DATA 	Mouse: Left button down, pos=(704,560)
287.9166 	DATA 	Mouse:  Left button up, pos=(704,560)
292.5522 	DATA 	Mouse: Left button down, pos=(125,122)
292.8928 	DATA 	Mouse:  Left button up, pos=(125,122)
298.1802 	DATA 	Mouse: Left button down, pos=(941,635)
298.5239 	DATA 	Mouse:  Left button up, pos=(941,635)
304.5023 	DATA 	Mouse: Left button down, pos=(441,767)
304.8252 	DEPRECATION 	trialnum=54 ERROR,1 frames were longer than 19.97 ms apparently screen refreshes skipped, interframe durs were:[20.6] and was these frames: [13]
304.8471 	DATA 	Mouse:  Left button up, pos=(441,767)
310.4686 	DATA 	Mouse: Left button down, pos=(895,335)
310.8148 	DATA 	Mouse:  Left button up, pos=(895,335)
316.5489 	DATA 	Mouse: Left button down, pos=(1119,279)
316.8999 	DATA 	Mouse:  Left button up, pos=(1119,279)
321.4154 	DATA 	Mouse: Left button down, pos=(1114,107)
321.7564 	DATA 	Mouse:  Left button up, pos=(1114,107)
327.1310 	DATA 	Mouse: Left button down, pos=(440,648)
327.4549 	DEPRECATION 	trialnum=58 ERROR,1 frames were longer than 19.97 ms apparently screen refreshes skipped, interframe durs were:[20.3] and was these frames: [11]
327.4724 	DATA 	Mouse:  Left button up, pos=(440,648)
332.9518 	DATA 	Mouse: Left button down, pos=(886,545)
333.2769 	DEPRECATION 	trialnum=59 ERROR,1 frames were longer than 19.97 ms apparently screen refreshes skipped, interframe durs were:[20.3] and was these frames: [15]
333.2932 	DATA 	Mouse:  Left button up, pos=(887,545)
337.3985 	DATA 	Mouse: Left button down, pos=(968,674)
337.7226 	DEPRECATION 	trialnum=60 ERROR,1 frames were longer than 19.97 ms apparently screen refreshes skipped, interframe durs were:[20.4] and was these frames: [36]
337.7457 	DATA 	Mouse:  Left button up, pos=(968,674)
342.6521 	DATA 	Mouse: Left button down, pos=(336,739)
342.9921 	DATA 	Mouse:  Left button up, pos=(336,739)
348.2687 	DATA 	Mouse: Left button down, pos=(747,328)
348.6098 	DATA 	Mouse:  Left button up, pos=(747,328)
353.0353 	DATA 	Mouse: Left button down, pos=(617,300)
353.3773 	DATA 	Mouse:  Left button up, pos=(617,300)
358.5138 	DATA 	Mouse: Left button down, pos=(458,99)
358.8395 	DEPRECATION 	trialnum=64 ERROR,1 frames were longer than 19.97 ms apparently screen refreshes skipped, interframe durs were:[20.1] and was these frames: [10]
358.8631 	DATA 	Mouse:  Left button up, pos=(458,99)
363.3646 	DATA 	Mouse: Left button down, pos=(1067,556)
363.7036 	DATA 	Mouse:  Left button up, pos=(1067,556)
369.0515 	DATA 	Mouse: Left button down, pos=(1154,351)
369.3768 	DEPRECATION 	trialnum=66 ERROR,1 frames were longer than 19.97 ms apparently screen refreshes skipped, interframe durs were:[20.4] and was these frames: [22]
369.3935 	DATA 	Mouse:  Left button up, pos=(1154,351)
374.4156 	DATA 	Mouse: Left button down, pos=(581,687)
374.7405 	DEPRECATION 	trialnum=67 ERROR,1 frames were longer than 19.97 ms apparently screen refreshes skipped, interframe durs were:[20.5] and was these frames: [1]
374.7582 	DATA 	Mouse:  Left button up, pos=(581,687)
380.5662 	DATA 	Mouse: Left button down, pos=(1242,523)
380.8902 	DEPRECATION 	trialnum=68 ERROR,1 frames were longer than 19.97 ms apparently screen refreshes skipped, interframe durs were:[20.4] and was these frames: [15]
380.9121 	DATA 	Mouse:  Left button up, pos=(1242,523)
385.6327 	DATA 	Mouse: Left button down, pos=(889,247)
385.9558 	DEPRECATION 	trialnum=69 ERROR,1 frames were longer than 19.97 ms apparently screen refreshes skipped, interframe durs were:[20.2] and was these frames: [36]
385.9830 	DATA 	Mouse:  Left button up, pos=(889,247)
391.1364 	DATA 	Mouse: Left button down, pos=(1274,726)
391.4919 	DATA 	Mouse:  Left button up, pos=(1274,726)
396.9319 	DATA 	Mouse: Left button down, pos=(1153,685)
397.2552 	DEPRECATION 	trialnum=71 ERROR,1 frames were longer than 19.97 ms apparently screen refreshes skipped, interframe durs were:[20.4] and was these frames: [36]
397.2762 	DATA 	Mouse:  Left button up, pos=(1153,685)
401.8653 	DATA 	Mouse: Left button down, pos=(451,185)
402.2121 	DATA 	Mouse:  Left button up, pos=(451,185)
406.3315 	DATA 	Mouse: Left button down, pos=(147,255)
406.6562 	DEPRECATION 	trialnum=73 ERROR,1 frames were longer than 19.97 ms apparently screen refreshes skipped, interframe durs were:[20.5] and was these frames: [4]
406.6712 	DATA 	Mouse:  Left button up, pos=(147,255)
411.5360 	DATA 	Mouse: Left button down, pos=(1167,765)
411.8611 	DEPRECATION 	trialnum=74 ERROR,1 frames were longer than 19.97 ms apparently screen refreshes skipped, interframe durs were:[20.] and was these frames: [11]
411.8773 	DATA 	Mouse:  Left button up, pos=(1167,765)
416.1325 	DATA 	Mouse: Left button down, pos=(705,253)
416.4731 	DEPRECATION 	trialnum=75 ERROR,1 frames were longer than 19.97 ms apparently screen refreshes skipped, interframe durs were:[20.2] and was these frames: [9]
416.4880 	DATA 	Mouse:  Left button up, pos=(705,253)
421.5484 	DATA 	Mouse: Left button down, pos=(1189,314)
421.8735 	DEPRECATION 	trialnum=76 ERROR,1 frames were longer than 19.97 ms apparently screen refreshes skipped, interframe durs were:[20.2] and was these frames: [1]
421.9019 	DATA 	Mouse:  Left button up, pos=(1189,314)
426.7315 	DATA 	Mouse: Left button down, pos=(719,384)
427.0731 	DATA 	Mouse:  Left button up, pos=(719,384)
432.3155 	DATA 	Mouse: Left button down, pos=(181,119)
432.6395 	DEPRECATION 	trialnum=78 ERROR,1 frames were longer than 19.97 ms apparently screen refreshes skipped, interframe durs were:[20.1] and was these frames: [24]
432.6546 	DATA 	Mouse:  Left button up, pos=(181,119)
437.7653 	DATA 	Mouse: Left button down, pos=(609,646)
438.0888 	DEPRECATION 	trialnum=79 ERROR,1 frames were longer than 19.97 ms apparently screen refreshes skipped, interframe durs were:[20.3] and was these frames: [9]
438.1106 	DATA 	Mouse:  Left button up, pos=(610,646)
442.5523 	DATA 	Mouse: Left button down, pos=(579,439)
442.8917 	DATA 	Mouse:  Left button up, pos=(579,439)
448.5861 	DATA 	Mouse: Left button down, pos=(562,271)
448.9251 	DATA 	Mouse:  Left button up, pos=(562,271)
454.7354 	DATA 	Mouse: Left button down, pos=(1307,562)
455.0761 	DATA 	Mouse:  Left button up, pos=(1307,562)
459.9819 	DATA 	Mouse: Left button down, pos=(1009,228)
460.3054 	DEPRECATION 	trialnum=83 ERROR,1 frames were longer than 19.97 ms apparently screen refreshes skipped, interframe durs were:[20.2] and was these frames: [28]
460.3237 	DATA 	Mouse:  Left button up, pos=(1009,228)
464.5984 	DATA 	Mouse: Left button down, pos=(117,769)
464.9370 	DATA 	Mouse:  Left button up, pos=(117,769)
469.6481 	DATA 	Mouse: Left button down, pos=(1164,226)
469.9730 	DEPRECATION 	trialnum=85 ERROR,1 frames were longer than 19.97 ms apparently screen refreshes skipped, interframe durs were:[20.1] and was these frames: [7]
469.9871 	DATA 	Mouse:  Left button up, pos=(1164,226)
474.5802 	DATA 	Mouse: Left button down, pos=(203,469)
474.9052 	DEPRECATION 	trialnum=86 ERROR,1 frames were longer than 19.97 ms apparently screen refreshes skipped, interframe durs were:[20.1] and was these frames: [20]
474.9231 	DATA 	Mouse:  Left button up, pos=(203,469)
480.6853 	DATA 	Mouse: Left button down, pos=(422,77)
481.0099 	DEPRECATION 	trialnum=87 ERROR,1 frames were longer than 19.97 ms apparently screen refreshes skipped, interframe durs were:[20.4] and was these frames: [5]
481.0288 	DATA 	Mouse:  Left button up, pos=(422,77)
485.2650 	DATA 	Mouse: Left button down, pos=(675,505)
485.6050 	DATA 	Mouse:  Left button up, pos=(675,505)
489.7023 	DATA 	Mouse: Left button down, pos=(1271,297)
490.0423 	DATA 	Mouse:  Left button up, pos=(1271,297)
494.8983 	DATA 	Mouse: Left button down, pos=(1111,69)
495.2413 	DATA 	Mouse:  Left button up, pos=(1111,69)
499.4978 	DATA 	Mouse: Left button down, pos=(848,338)
499.8220 	DEPRECATION 	trialnum=91 ERROR,1 frames were longer than 19.97 ms apparently screen refreshes skipped, interframe durs were:[20.4] and was these frames: [21]
499.8379 	DATA 	Mouse:  Left button up, pos=(848,338)
505.5476 	DATA 	Mouse: Left button down, pos=(857,684)
505.8910 	DATA 	Mouse:  Left button up, pos=(857,684)
510.9188 	DATA 	Mouse: Left button down, pos=(1073,451)
511.2441 	DEPRECATION 	trialnum=93 ERROR,1 frames were longer than 19.97 ms apparently screen refreshes skipped, interframe durs were:[20.2] and was these frames: [39]
511.2673 	DATA 	Mouse:  Left button up, pos=(1073,451)
515.9478 	DATA 	Mouse: Left button down, pos=(929,90)
516.2721 	DEPRECATION 	trialnum=94 ERROR,1 frames were longer than 19.97 ms apparently screen refreshes skipped, interframe durs were:[20.2] and was these frames: [0]
516.2886 	DATA 	Mouse:  Left button up, pos=(929,90)
521.6524 	DATA 	Mouse: Left button down, pos=(1170,107)
521.9781 	DEPRECATION 	trialnum=95 ERROR,1 frames were longer than 19.97 ms apparently screen refreshes skipped, interframe durs were:[20.6] and was these frames: [17]
522.0041 	DATA 	Mouse:  Left button up, pos=(1170,107)
526.7984 	DATA 	Mouse: Left button down, pos=(512,634)
527.1228 	DEPRECATION 	trialnum=96 ERROR,1 frames were longer than 19.97 ms apparently screen refreshes skipped, interframe durs were:[20.3] and was these frames: [11]
527.1394 	DATA 	Mouse:  Left button up, pos=(512,634)
531.8648 	DATA 	Mouse: Left button down, pos=(1269,637)
532.1889 	DEPRECATION 	trialnum=97 ERROR,1 frames were longer than 19.97 ms apparently screen refreshes skipped, interframe durs were:[20.2] and was these frames: [31]
532.2038 	DATA 	Mouse:  Left button up, pos=(1269,637)
536.2484 	DATA 	Mouse: Left button down, pos=(241,329)
536.5730 	DEPRECATION 	trialnum=98 ERROR,1 frames were longer than 19.97 ms apparently screen refreshes skipped, interframe durs were:[20.2] and was these frames: [3]
536.5890 	DATA 	Mouse:  Left button up, pos=(241,329)
541.2026 	DATA 	Mouse: Left button down, pos=(1140,521)
541.5276 	DEPRECATION 	trialnum=99 ERROR,1 frames were longer than 19.97 ms apparently screen refreshes skipped, interframe durs were:[20.4] and was these frames: [2]
541.5340 	DATA 	Mouse:  Left button up, pos=(1140,521)
11.5661 	WARNING 	User requested fullscreen with size [2880 1800], but screen is actually [1440, 900]. Using actual size
16.8312 	DATA 	Keypress: y
20.3797 	DATA 	Mouse: Left button down, pos=(809,518)
20.7256 	DATA 	Mouse:  Left button up, pos=(809,518)
24.0149 	WARNING 	t of last frame was 21.16ms (=1/47)
26.2849 	DATA 	Mouse: Left button down, pos=(1253,530)
26.6088 	DEPRECATION 	trialnum=1 ERROR,1 frames were longer than 19.97 ms apparently screen refreshes skipped, interframe durs were:[21.2] and was these frames: [29]
26.6279 	DATA 	Mouse:  Left button up, pos=(1253,530)
30.0147 	WARNING 	t of last frame was 20.14ms (=1/49)
31.8518 	DATA 	Mouse: Left button down, pos=(538,683)
32.1747 	DEPRECATION 	trialnum=2 ERROR,1 frames were longer than 19.97 ms apparently screen refreshes skipped, interframe durs were:[20.1] and was these frames: [26]
32.1938 	DATA 	Mouse:  Left button up, pos=(538,683)
38.3341 	DATA 	Mouse: Left button down, pos=(1307,557)
38.6740 	DATA 	Mouse:  Left button up, pos=(1307,557)
43.8179 	DATA 	Mouse: Left button down, pos=(1110,714)
44.1583 	DATA 	Mouse:  Left button up, pos=(1110,714)
48.7471 	DATA 	Mouse: Left button down, pos=(1266,631)
49.0898 	DATA 	Mouse:  Left button up, pos=(1266,631)
54.0806 	DATA 	Mouse: Left button down, pos=(910,204)
54.4200 	DATA 	Mouse:  Left button up, pos=(910,204)
58.5681 	DATA 	Mouse: Left button down, pos=(382,626)
58.9082 	DATA 	Mouse:  Left button up, pos=(382,627)
61.0147 	WARNING 	t of last frame was 20.20ms (=1/49)
63.6806 	DATA 	Mouse: Left button down, pos=(450,65)
64.0024 	DEPRECATION 	trialnum=8 ERROR,1 frames were longer than 19.97 ms apparently screen refreshes skipped, interframe durs were:[20.2] and was these frames: [8]
64.0221 	DATA 	Mouse:  Left button up, pos=(450,65)
67.0148 	WARNING 	t of last frame was 20.29ms (=1/49)
69.3177 	DATA 	Mouse: Left button down, pos=(195,815)
69.6421 	DEPRECATION 	trialnum=9 ERROR,1 frames were longer than 19.97 ms apparently screen refreshes skipped, interframe durs were:[20.3] and was these frames: [20]
69.6593 	DATA 	Mouse:  Left button up, pos=(195,815)
72.0151 	WARNING 	Multiple dropped frames have occurred - I'll stop bothering you about them!
74.1685 	DATA 	Mouse: Left button down, pos=(1098,690)
74.4917 	DEPRECATION 	trialnum=10 ERROR,1 frames were longer than 19.97 ms apparently screen refreshes skipped, interframe durs were:[20.3] and was these frames: [3]
74.5085 	DATA 	Mouse:  Left button up, pos=(1098,690)
78.8142 	DATA 	Mouse: Left button down, pos=(598,125)
79.1523 	DATA 	Mouse:  Left button up, pos=(598,125)
83.3151 	DATA 	Mouse: Left button down, pos=(600,362)
83.6392 	DEPRECATION 	trialnum=12 ERROR,1 frames were longer than 19.97 ms apparently screen refreshes skipped, interframe durs were:[20.1] and was these frames: [6]
83.6552 	DATA 	Mouse:  Left button up, pos=(600,362)
89.1180 	DATA 	Mouse: Left button down, pos=(1003,796)
89.4426 	DEPRECATION 	trialnum=13 ERROR,1 frames were longer than 19.97 ms apparently screen refreshes skipped, interframe durs were:[20.2] and was these frames: [31]
89.4598 	DATA 	Mouse:  Left button up, pos=(1003,796)
94.3641 	DATA 	Mouse: Left button down, pos=(1231,605)
94.6874 	DEPRECATION 	trialnum=14 ERROR,1 frames were longer than 19.97 ms apparently screen refreshes skipped, interframe durs were:[20.4] and was these frames: [11]
94.7078 	DATA 	Mouse:  Left button up, pos=(1231,605)
100.1350 	DATA 	Mouse: Left button down, pos=(326,524)
100.4820 	DATA 	Mouse:  Left button up, pos=(327,524)
104.7016 	DATA 	Mouse: Left button down, pos=(601,299)
105.0248 	DEPRECATION 	trialnum=16 ERROR,1 frames were longer than 19.97 ms apparently screen refreshes skipped, interframe durs were:[20.7] and was these frames: [33]
105.0470 	DATA 	Mouse:  Left button up, pos=(601,299)
110.5355 	DATA 	Mouse: Left button down, pos=(511,535)
110.8599 	DEPRECATION 	trialnum=17 ERROR,1 frames were longer than 19.97 ms apparently screen refreshes skipped, interframe durs were:[53.6] and was these frames: [39]
110.8760 	DATA 	Mouse:  Left button up, pos=(511,535)
116.0247 	DATA 	Mouse: Left button down, pos=(591,83)
116.3430 	DEPRECATION 	trialnum=18 ERROR,2 frames were longer than 19.97 ms apparently screen refreshes skipped, interframe durs were:[53.6 20.4] and was these frames: [0 5]
116.3633 	DATA 	Mouse:  Left button up, pos=(591,83)
122.1516 	DATA 	Mouse: Left button down, pos=(538,185)
122.4767 	DEPRECATION 	trialnum=19 ERROR,1 frames were longer than 19.97 ms apparently screen refreshes skipped, interframe durs were:[20.3] and was these frames: [27]
122.4925 	DATA 	Mouse:  Left button up, pos=(538,185)
127.8643 	DATA 	Mouse: Left button down, pos=(276,316)
128.2033 	DATA 	Mouse:  Left button up, pos=(276,316)
132.9849 	DATA 	Mouse: Left button down, pos=(669,267)
133.3113 	DEPRECATION 	trialnum=21 ERROR,1 frames were longer than 19.97 ms apparently screen refreshes skipped, interframe durs were:[20.1] and was these frames: [19]
133.3353 	DATA 	Mouse:  Left button up, pos=(669,267)
138.2810 	DATA 	Mouse: Left button down, pos=(732,562)
138.6277 	DATA 	Mouse:  Left button up, pos=(732,562)
143.5812 	DATA 	Mouse: Left button down, pos=(871,502)
143.9199 	DATA 	Mouse:  Left button up, pos=(871,502)
148.6688 	DATA 	Mouse: Left button down, pos=(144,734)
149.0101 	DATA 	Mouse:  Left button up, pos=(144,734)
153.1316 	DATA 	Mouse: Left button down, pos=(305,581)
153.4705 	DATA 	Mouse:  Left button up, pos=(305,581)
158.4638 	DATA 	Mouse: Left button down, pos=(763,634)
158.7871 	DEPRECATION 	trialnum=26 ERROR,1 frames were longer than 19.97 ms apparently screen refreshes skipped, interframe durs were:[20.3] and was these frames: [32]
158.8024 	DATA 	Mouse:  Left button up, pos=(762,634)
162.9634 	DATA 	Mouse: Left button down, pos=(318,621)
163.2869 	DEPRECATION 	trialnum=27 ERROR,1 frames were longer than 19.97 ms apparently screen refreshes skipped, interframe durs were:[20.4] and was these frames: [21]
163.3115 	DATA 	Mouse:  Left button up, pos=(318,621)
169.0304 	DATA 	Mouse: Left button down, pos=(1302,109)
169.3696 	DATA 	Mouse:  Left button up, pos=(1302,109)
173.2183 	DATA 	Mouse: Left button down, pos=(613,386)
173.5661 	DATA 	Mouse:  Left button up, pos=(613,386)
178.6852 	DATA 	Mouse: Left button down, pos=(486,467)
179.0095 	DEPRECATION 	trialnum=30 ERROR,1 frames were longer than 19.97 ms apparently screen refreshes skipped, interframe durs were:[20.3] and was these frames: [22]
179.0265 	DATA 	Mouse:  Left button up, pos=(486,467)
183.3139 	DATA 	Mouse: Left button down, pos=(927,536)
183.6538 	DATA 	Mouse:  Left button up, pos=(927,536)
189.3349 	DATA 	Mouse: Left button down, pos=(232,89)
189.6764 	DATA 	Mouse:  Left button up, pos=(232,89)
194.1989 	DATA 	Mouse: Left button down, pos=(234,533)
194.5445 	DATA 	Mouse:  Left button up, pos=(234,533)
198.6345 	DATA 	Mouse: Left button down, pos=(788,121)
198.9593 	DEPRECATION 	trialnum=34 ERROR,1 frames were longer than 19.97 ms apparently screen refreshes skipped, interframe durs were:[20.1] and was these frames: [39]
198.9758 	DATA 	Mouse:  Left button up, pos=(788,121)
204.3681 	DATA 	Mouse: Left button down, pos=(648,393)
204.6924 	DEPRECATION 	trialnum=35 ERROR,1 frames were longer than 19.97 ms apparently screen refreshes skipped, interframe durs were:[20.1] and was these frames: [0]
204.7098 	DATA 	Mouse:  Left button up, pos=(648,393)
209.6797 	DATA 	Mouse: Left button down, pos=(821,147)
210.0041 	DEPRECATION 	trialnum=36 ERROR,1 frames were longer than 19.97 ms apparently screen refreshes skipped, interframe durs were:[20.3] and was these frames: [36]
210.0233 	DATA 	Mouse:  Left button up, pos=(821,147)
214.1685 	DATA 	Mouse: Left button down, pos=(969,741)
214.4937 	DEPRECATION 	trialnum=37 ERROR,1 frames were longer than 19.97 ms apparently screen refreshes skipped, interframe durs were:[20.3] and was these frames: [7]
214.5087 	DATA 	Mouse:  Left button up, pos=(969,741)
218.0476 	DATA 	Mouse: Left button down, pos=(666,484)
218.3871 	DATA 	Mouse:  Left button up, pos=(666,484)
223.1021 	DATA 	Mouse: Left button down, pos=(451,636)
223.4266 	DEPRECATION 	trialnum=39 ERROR,1 frames were longer than 19.97 ms apparently screen refreshes skipped, interframe durs were:[21.8] and was these frames: [18]
223.4498 	DATA 	Mouse:  Left button up, pos=(451,636)
230.0228 	DATA 	Mouse: Left button down, pos=(498,655)
230.3428 	DEPRECATION 	trialnum=40 ERROR,1 frames were longer than 19.97 ms apparently screen refreshes skipped, interframe durs were:[20.7] and was these frames: [22]
230.3582 	DATA 	Mouse:  Left button up, pos=(498,655)
234.8482 	DATA 	Mouse: Left button down, pos=(171,555)
235.1723 	DEPRECATION 	trialnum=41 ERROR,1 frames were longer than 19.97 ms apparently screen refreshes skipped, interframe durs were:[20.2] and was these frames: [31]
235.1872 	DATA 	Mouse:  Left button up, pos=(171,555)
239.3852 	DATA 	Mouse: Left button down, pos=(1136,315)
239.7100 	DEPRECATION 	trialnum=42 ERROR,1 frames were longer than 19.97 ms apparently screen refreshes skipped, interframe durs were:[20.] and was these frames: [10]
239.7395 	DATA 	Mouse:  Left button up, pos=(1136,315)
243.8687 	DATA 	Mouse: Left button down, pos=(808,535)
244.1931 	DEPRECATION 	trialnum=43 ERROR,1 frames were longer than 19.97 ms apparently screen refreshes skipped, interframe durs were:[20.3] and was these frames: [5]
244.2088 	DATA 	Mouse:  Left button up, pos=(808,535)
249.3319 	DATA 	Mouse: Left button down, pos=(1236,311)
249.6537 	DEPRECATION 	trialnum=44 ERROR,1 frames were longer than 19.97 ms apparently screen refreshes skipped, interframe durs were:[20.2] and was these frames: [28]
249.6748 	DATA 	Mouse:  Left button up, pos=(1236,312)
255.4354 	DATA 	Mouse: Left button down, pos=(218,540)
255.7596 	DEPRECATION 	trialnum=45 ERROR,1 frames were longer than 19.97 ms apparently screen refreshes skipped, interframe durs were:[20.3] and was these frames: [6]
255.7795 	DATA 	Mouse:  Left button up, pos=(218,540)
259.7647 	DATA 	Mouse: Left button down, pos=(335,689)
260.1073 	DATA 	Mouse:  Left button up, pos=(335,689)
265.7847 	DATA 	Mouse: Left button down, pos=(1111,105)
266.1282 	DATA 	Mouse:  Left button up, pos=(1111,105)
272.0310 	DATA 	Mouse: Left button down, pos=(423,337)
272.3555 	DEPRECATION 	trialnum=48 ERROR,1 frames were longer than 19.97 ms apparently screen refreshes skipped, interframe durs were:[20.3] and was these frames: [37]
272.3705 	DATA 	Mouse:  Left button up, pos=(423,337)
277.1526 	DATA 	Mouse: Left button down, pos=(464,579)
277.4745 	DEPRECATION 	trialnum=49 ERROR,2 frames were longer than 19.97 ms apparently screen refreshes skipped, interframe durs were:[ 20.3 167.6] and was these frames: [ 5 19]
277.4935 	DATA 	Mouse:  Left button up, pos=(464,579)
281.7646 	DATA 	Mouse: Left button down, pos=(850,259)
282.1058 	DATA 	Mouse:  Left button up, pos=(850,259)
287.5686 	DATA 	Mouse: Left button down, pos=(704,560)
287.9166 	DATA 	Mouse:  Left button up, pos=(704,560)
292.5522 	DATA 	Mouse: Left button down, pos=(125,122)
292.8928 	DATA 	Mouse:  Left button up, pos=(125,122)
298.1802 	DATA 	Mouse: Left button down, pos=(941,635)
298.5239 	DATA 	Mouse:  Left button up, pos=(941,635)
304.5023 	DATA 	Mouse: Left button down, pos=(441,767)
304.8252 	DEPRECATION 	trialnum=54 ERROR,1 frames were longer than 19.97 ms apparently screen refreshes skipped, interframe durs were:[20.6] and was these frames: [13]
304.8471 	DATA 	Mouse:  Left button up, pos=(441,767)
310.4686 	DATA 	Mouse: Left button down, pos=(895,335)
310.8148 	DATA 	Mouse:  Left button up, pos=(895,335)
316.5489 	DATA 	Mouse: Left button down, pos=(1119,279)
316.8999 	DATA 	Mouse:  Left button up, pos=(1119,279)
321.4154 	DATA 	Mouse: Left button down, pos=(1114,107)
321.7564 	DATA 	Mouse:  Left button up, pos=(1114,107)
327.1310 	DATA 	Mouse: Left button down, pos=(440,648)
327.4549 	DEPRECATION 	trialnum=58 ERROR,1 frames were longer than 19.97 ms apparently screen refreshes skipped, interframe durs were:[20.3] and was these frames: [11]
327.4724 	DATA 	Mouse:  Left button up, pos=(440,648)
332.9518 	DATA 	Mouse: Left button down, pos=(886,545)
333.2769 	DEPRECATION 	trialnum=59 ERROR,1 frames were longer than 19.97 ms apparently screen refreshes skipped, interframe durs were:[20.3] and was these frames: [15]
333.2932 	DATA 	Mouse:  Left button up, pos=(887,545)
337.3985 	DATA 	Mouse: Left button down, pos=(968,674)
337.7226 	DEPRECATION 	trialnum=60 ERROR,1 frames were longer than 19.97 ms apparently screen refreshes skipped, interframe durs were:[20.4] and was these frames: [36]
337.7457 	DATA 	Mouse:  Left button up, pos=(968,674)
342.6521 	DATA 	Mouse: Left button down, pos=(336,739)
342.9921 	DATA 	Mouse:  Left button up, pos=(336,739)
348.2687 	DATA 	Mouse: Left button down, pos=(747,328)
348.6098 	DATA 	Mouse:  Left button up, pos=(747,328)
353.0353 	DATA 	Mouse: Left button down, pos=(617,300)
353.3773 	DATA 	Mouse:  Left button up, pos=(617,300)
358.5138 	DATA 	Mouse: Left button down, pos=(458,99)
358.8395 	DEPRECATION 	trialnum=64 ERROR,1 frames were longer than 19.97 ms apparently screen refreshes skipped, interframe durs were:[20.1] and was these frames: [10]
358.8631 	DATA 	Mouse:  Left button up, pos=(458,99)
363.3646 	DATA 	Mouse: Left button down, pos=(1067,556)
363.7036 	DATA 	Mouse:  Left button up, pos=(1067,556)
369.0515 	DATA 	Mouse: Left button down, pos=(1154,351)
369.3768 	DEPRECATION 	trialnum=66 ERROR,1 frames were longer than 19.97 ms apparently screen refreshes skipped, interframe durs were:[20.4] and was these frames: [22]
369.3935 	DATA 	Mouse:  Left button up, pos=(1154,351)
374.4156 	DATA 	Mouse: Left button down, pos=(581,687)
374.7405 	DEPRECATION 	trialnum=67 ERROR,1 frames were longer than 19.97 ms apparently screen refreshes skipped, interframe durs were:[20.5] and was these frames: [1]
374.7582 	DATA 	Mouse:  Left button up, pos=(581,687)
380.5662 	DATA 	Mouse: Left button down, pos=(1242,523)
380.8902 	DEPRECATION 	trialnum=68 ERROR,1 frames were longer than 19.97 ms apparently screen refreshes skipped, interframe durs were:[20.4] and was these frames: [15]
380.9121 	DATA 	Mouse:  Left button up, pos=(1242,523)
385.6327 	DATA 	Mouse: Left button down, pos=(889,247)
385.9558 	DEPRECATION 	trialnum=69 ERROR,1 frames were longer than 19.97 ms apparently screen refreshes skipped, interframe durs were:[20.2] and was these frames: [36]
385.9830 	DATA 	Mouse:  Left button up, pos=(889,247)
391.1364 	DATA 	Mouse: Left button down, pos=(1274,726)
391.4919 	DATA 	Mouse:  Left button up, pos=(1274,726)
396.9319 	DATA 	Mouse: Left button down, pos=(1153,685)
397.2552 	DEPRECATION 	trialnum=71 ERROR,1 frames were longer than 19.97 ms apparently screen refreshes skipped, interframe durs were:[20.4] and was these frames: [36]
397.2762 	DATA 	Mouse:  Left button up, pos=(1153,685)
401.8653 	DATA 	Mouse: Left button down, pos=(451,185)
402.2121 	DATA 	Mouse:  Left button up, pos=(451,185)
406.3315 	DATA 	Mouse: Left button down, pos=(147,255)
406.6562 	DEPRECATION 	trialnum=73 ERROR,1 frames were longer than 19.97 ms apparently screen refreshes skipped, interframe durs were:[20.5] and was these frames: [4]
406.6712 	DATA 	Mouse:  Left button up, pos=(147,255)
411.5360 	DATA 	Mouse: Left button down, pos=(1167,765)
411.8611 	DEPRECATION 	trialnum=74 ERROR,1 frames were longer than 19.97 ms apparently screen refreshes skipped, interframe durs were:[20.] and was these frames: [11]
411.8773 	DATA 	Mouse:  Left button up, pos=(1167,765)
416.1325 	DATA 	Mouse: Left button down, pos=(705,253)
416.4731 	DEPRECATION 	trialnum=75 ERROR,1 frames were longer than 19.97 ms apparently screen refreshes skipped, interframe durs were:[20.2] and was these frames: [9]
416.4880 	DATA 	Mouse:  Left button up, pos=(705,253)
421.5484 	DATA 	Mouse: Left button down, pos=(1189,314)
421.8735 	DEPRECATION 	trialnum=76 ERROR,1 frames were longer than 19.97 ms apparently screen refreshes skipped, interframe durs were:[20.2] and was these frames: [1]
421.9019 	DATA 	Mouse:  Left button up, pos=(1189,314)
426.7315 	DATA 	Mouse: Left button down, pos=(719,384)
427.0731 	DATA 	Mouse:  Left button up, pos=(719,384)
432.3155 	DATA 	Mouse: Left button down, pos=(181,119)
432.6395 	DEPRECATION 	trialnum=78 ERROR,1 frames were longer than 19.97 ms apparently screen refreshes skipped, interframe durs were:[20.1] and was these frames: [24]
432.6546 	DATA 	Mouse:  Left button up, pos=(181,119)
437.7653 	DATA 	Mouse: Left button down, pos=(609,646)
438.0888 	DEPRECATION 	trialnum=79 ERROR,1 frames were longer than 19.97 ms apparently screen refreshes skipped, interframe durs were:[20.3] and was these frames: [9]
438.1106 	DATA 	Mouse:  Left button up, pos=(610,646)
442.5523 	DATA 	Mouse: Left button down, pos=(579,439)
442.8917 	DATA 	Mouse:  Left button up, pos=(579,439)
448.5861 	DATA 	Mouse: Left button down, pos=(562,271)
448.9251 	DATA 	Mouse:  Left button up, pos=(562,271)
454.7354 	DATA 	Mouse: Left button down, pos=(1307,562)
455.0761 	DATA 	Mouse:  Left button up, pos=(1307,562)
459.9819 	DATA 	Mouse: Left button down, pos=(1009,228)
460.3054 	DEPRECATION 	trialnum=83 ERROR,1 frames were longer than 19.97 ms apparently screen refreshes skipped, interframe durs were:[20.2] and was these frames: [28]
460.3237 	DATA 	Mouse:  Left button up, pos=(1009,228)
464.5984 	DATA 	Mouse: Left button down, pos=(117,769)
464.9370 	DATA 	Mouse:  Left button up, pos=(117,769)
469.6481 	DATA 	Mouse: Left button down, pos=(1164,226)
469.9730 	DEPRECATION 	trialnum=85 ERROR,1 frames were longer than 19.97 ms apparently screen refreshes skipped, interframe durs were:[20.1] and was these frames: [7]
469.9871 	DATA 	Mouse:  Left button up, pos=(1164,226)
474.5802 	DATA 	Mouse: Left button down, pos=(203,469)
474.9052 	DEPRECATION 	trialnum=86 ERROR,1 frames were longer than 19.97 ms apparently screen refreshes skipped, interframe durs were:[20.1] and was these frames: [20]
474.9231 	DATA 	Mouse:  Left button up, pos=(203,469)
480.6853 	DATA 	Mouse: Left button down, pos=(422,77)
481.0099 	DEPRECATION 	trialnum=87 ERROR,1 frames were longer than 19.97 ms apparently screen refreshes skipped, interframe durs were:[20.4] and was these frames: [5]
481.0288 	DATA 	Mouse:  Left button up, pos=(422,77)
485.2650 	DATA 	Mouse: Left button down, pos=(675,505)
485.6050 	DATA 	Mouse:  Left button up, pos=(675,505)
489.7023 	DATA 	Mouse: Left button down, pos=(1271,297)
490.0423 	DATA 	Mouse:  Left button up, pos=(1271,297)
494.8983 	DATA 	Mouse: Left button down, pos=(1111,69)
495.2413 	DATA 	Mouse:  Left button up, pos=(1111,69)
499.4978 	DATA 	Mouse: Left button down, pos=(848,338)
499.8220 	DEPRECATION 	trialnum=91 ERROR,1 frames were longer than 19.97 ms apparently screen refreshes skipped, interframe durs were:[20.4] and was these frames: [21]
499.8379 	DATA 	Mouse:  Left button up, pos=(848,338)
505.5476 	DATA 	Mouse: Left button down, pos=(857,684)
505.8910 	DATA 	Mouse:  Left button up, pos=(857,684)
510.9188 	DATA 	Mouse: Left button down, pos=(1073,451)
511.2441 	DEPRECATION 	trialnum=93 ERROR,1 frames were longer than 19.97 ms apparently screen refreshes skipped, interframe durs were:[20.2] and was these frames: [39]
511.2673 	DATA 	Mouse:  Left button up, pos=(1073,451)
515.9478 	DATA 	Mouse: Left button down, pos=(929,90)
516.2721 	DEPRECATION 	trialnum=94 ERROR,1 frames were longer than 19.97 ms apparently screen refreshes skipped, interframe durs were:[20.2] and was these frames: [0]
516.2886 	DATA 	Mouse:  Left button up, pos=(929,90)
521.6524 	DATA 	Mouse: Left button down, pos=(1170,107)
521.9781 	DEPRECATION 	trialnum=95 ERROR,1 frames were longer than 19.97 ms apparently screen refreshes skipped, interframe durs were:[20.6] and was these frames: [17]
522.0041 	DATA 	Mouse:  Left button up, pos=(1170,107)
526.7984 	DATA 	Mouse: Left button down, pos=(512,634)
527.1228 	DEPRECATION 	trialnum=96 ERROR,1 frames were longer than 19.97 ms apparently screen refreshes skipped, interframe durs were:[20.3] and was these frames: [11]
527.1394 	DATA 	Mouse:  Left button up, pos=(512,634)
531.8648 	DATA 	Mouse: Left button down, pos=(1269,637)
532.1889 	DEPRECATION 	trialnum=97 ERROR,1 frames were longer than 19.97 ms apparently screen refreshes skipped, interframe durs were:[20.2] and was these frames: [31]
532.2038 	DATA 	Mouse:  Left button up, pos=(1269,637)
536.2484 	DATA 	Mouse: Left button down, pos=(241,329)
536.5730 	DEPRECATION 	trialnum=98 ERROR,1 frames were longer than 19.97 ms apparently screen refreshes skipped, interframe durs were:[20.2] and was these frames: [3]
536.5890 	DATA 	Mouse:  Left button up, pos=(241,329)
541.2026 	DATA 	Mouse: Left button down, pos=(1140,521)
541.5276 	DEPRECATION 	trialnum=99 ERROR,1 frames were longer than 19.97 ms apparently screen refreshes skipped, interframe durs were:[20.4] and was these frames: [2]
541.5340 	DATA 	Mouse:  Left button up, pos=(1140,521)
