11.3396 	WARNING 	User requested fullscreen with size [2880 1800], but screen is actually [1440, 900]. Using actual size
16.4780 	DATA 	Keypress: y
21.6010 	DATA 	Mouse: Left button down, pos=(486,82)
21.9448 	DATA 	Mouse:  Left button up, pos=(486,82)
27.5894 	DATA 	Mouse: Left button down, pos=(404,387)
27.9294 	DATA 	Mouse:  Left button up, pos=(404,387)
32.3398 	DATA 	Mouse: Left button down, pos=(475,172)
32.6792 	DATA 	Mouse:  Left button up, pos=(474,172)
37.0737 	DATA 	Mouse: Left button down, pos=(716,283)
37.4122 	DATA 	Mouse:  Left button up, pos=(716,283)
42.0877 	DATA 	Mouse: Left button down, pos=(1131,743)
42.4428 	DATA 	Mouse:  Left button up, pos=(1131,743)
44.7864 	WARNING 	t of last frame was 20.30ms (=1/49)
46.8900 	DATA 	Mouse: Left button down, pos=(794,369)
47.2139 	DEPRECATION 	trialnum=5 ERROR,1 frames were longer than 20.0 ms apparently screen refreshes skipped, interframe durs were:[20.3] and was these frames: [33]
47.2296 	DATA 	Mouse:  Left button up, pos=(794,369)
49.7661 	WARNING 	t of last frame was 20.04ms (=1/49)
49.7862 	WARNING 	t of last frame was 20.04ms (=1/49)
51.4402 	DATA 	Mouse: Left button down, pos=(601,103)
51.7628 	DEPRECATION 	trialnum=6 ERROR,2 frames were longer than 20.0 ms apparently screen refreshes skipped, interframe durs were:[20. 20.] and was these frames: [31 32]
51.7845 	DATA 	Mouse:  Left button up, pos=(601,103)
56.9201 	DATA 	Mouse: Left button down, pos=(643,373)
57.2586 	DATA 	Mouse:  Left button up, pos=(643,373)
63.1401 	DATA 	Mouse: Left button down, pos=(1220,741)
63.4845 	DATA 	Mouse:  Left button up, pos=(1220,741)
68.1192 	DATA 	Mouse: Left button down, pos=(778,392)
68.4612 	DATA 	Mouse:  Left button up, pos=(778,392)
70.7864 	WARNING 	t of last frame was 20.07ms (=1/49)
73.1572 	DATA 	Mouse: Left button down, pos=(998,121)
73.4791 	DEPRECATION 	trialnum=10 ERROR,1 frames were longer than 20.0 ms apparently screen refreshes skipped, interframe durs were:[20.1] and was these frames: [6]
73.5000 	DATA 	Mouse:  Left button up, pos=(998,121)
78.2907 	DATA 	Mouse: Left button down, pos=(1019,605)
78.6347 	DATA 	Mouse:  Left button up, pos=(1019,605)
81.7865 	WARNING 	Multiple dropped frames have occurred - I'll stop bothering you about them!
83.5195 	DATA 	Mouse: Left button down, pos=(920,388)
83.8420 	DEPRECATION 	trialnum=12 ERROR,1 frames were longer than 20.0 ms apparently screen refreshes skipped, interframe durs were:[20.3] and was these frames: [27]
83.8607 	DATA 	Mouse:  Left button up, pos=(920,388)
88.3914 	DATA 	Mouse: Left button down, pos=(610,447)
88.7144 	DEPRECATION 	trialnum=13 ERROR,1 frames were longer than 20.0 ms apparently screen refreshes skipped, interframe durs were:[20.5] and was these frames: [18]
88.7355 	DATA 	Mouse:  Left button up, pos=(610,447)
93.7752 	DATA 	Mouse: Left button down, pos=(836,580)
94.1018 	DEPRECATION 	trialnum=14 ERROR,1 frames were longer than 20.0 ms apparently screen refreshes skipped, interframe durs were:[20.5] and was these frames: [18]
94.1242 	DATA 	Mouse:  Left button up, pos=(836,580)
98.3517 	DATA 	Mouse: Left button down, pos=(587,274)
98.6761 	DEPRECATION 	trialnum=15 ERROR,1 frames were longer than 20.0 ms apparently screen refreshes skipped, interframe durs were:[20.1] and was these frames: [32]
98.6991 	DATA 	Mouse:  Left button up, pos=(587,274)
103.6190 	DATA 	Mouse: Left button down, pos=(941,350)
103.9426 	DEPRECATION 	trialnum=16 ERROR,1 frames were longer than 20.0 ms apparently screen refreshes skipped, interframe durs were:[20.5] and was these frames: [28]
103.9628 	DATA 	Mouse:  Left button up, pos=(941,350)
108.3403 	DATA 	Mouse: Left button down, pos=(401,615)
108.6639 	DEPRECATION 	trialnum=17 ERROR,1 frames were longer than 20.0 ms apparently screen refreshes skipped, interframe durs were:[20.] and was these frames: [36]
108.6820 	DATA 	Mouse:  Left button up, pos=(401,615)
113.6681 	DATA 	Mouse: Left button down, pos=(413,423)
113.9931 	DEPRECATION 	trialnum=18 ERROR,1 frames were longer than 20.0 ms apparently screen refreshes skipped, interframe durs were:[20.2] and was these frames: [26]
114.0085 	DATA 	Mouse:  Left button up, pos=(414,423)
118.5368 	DATA 	Mouse: Left button down, pos=(1126,106)
118.8749 	DATA 	Mouse:  Left button up, pos=(1126,106)
123.1229 	DATA 	Mouse: Left button down, pos=(1101,86)
123.4456 	DEPRECATION 	trialnum=20 ERROR,1 frames were longer than 20.0 ms apparently screen refreshes skipped, interframe durs were:[20.1] and was these frames: [14]
123.4673 	DATA 	Mouse:  Left button up, pos=(1101,86)
129.3404 	DATA 	Mouse: Left button down, pos=(1305,572)
129.6649 	DEPRECATION 	trialnum=21 ERROR,1 frames were longer than 20.0 ms apparently screen refreshes skipped, interframe durs were:[20.2] and was these frames: [4]
129.6826 	DATA 	Mouse:  Left button up, pos=(1305,572)
134.1403 	DATA 	Mouse: Left button down, pos=(495,151)
134.4646 	DEPRECATION 	trialnum=22 ERROR,1 frames were longer than 20.0 ms apparently screen refreshes skipped, interframe durs were:[20.6] and was these frames: [26]
134.4810 	DATA 	Mouse:  Left button up, pos=(495,151)
140.3371 	DATA 	Mouse: Left button down, pos=(950,194)
140.6608 	DEPRECATION 	trialnum=23 ERROR,1 frames were longer than 20.0 ms apparently screen refreshes skipped, interframe durs were:[20.1] and was these frames: [13]
140.6857 	DATA 	Mouse:  Left button up, pos=(950,194)
146.3573 	DATA 	Mouse: Left button down, pos=(469,641)
146.6969 	DATA 	Mouse:  Left button up, pos=(469,641)
151.4734 	DATA 	Mouse: Left button down, pos=(868,625)
151.7981 	DEPRECATION 	trialnum=25 ERROR,1 frames were longer than 20.0 ms apparently screen refreshes skipped, interframe durs were:[20.2] and was these frames: [36]
151.8158 	DATA 	Mouse:  Left button up, pos=(868,626)
157.5733 	DATA 	Mouse: Left button down, pos=(165,92)
157.9146 	DATA 	Mouse:  Left button up, pos=(165,92)
163.5201 	DATA 	Mouse: Left button down, pos=(1140,99)
163.8690 	DATA 	Mouse:  Left button up, pos=(1140,99)
169.3862 	DATA 	Mouse: Left button down, pos=(1286,415)
169.7088 	DEPRECATION 	trialnum=28 ERROR,1 frames were longer than 20.0 ms apparently screen refreshes skipped, interframe durs were:[20.7] and was these frames: [1]
169.7260 	DATA 	Mouse:  Left button up, pos=(1286,415)
175.8900 	DATA 	Mouse: Left button down, pos=(266,344)
176.2303 	DATA 	Mouse:  Left button up, pos=(266,345)
180.3745 	DATA 	Mouse: Left button down, pos=(1222,793)
180.7139 	DATA 	Mouse:  Left button up, pos=(1222,794)
184.6535 	DATA 	Mouse: Left button down, pos=(1205,521)
184.9984 	DATA 	Mouse:  Left button up, pos=(1205,521)
189.9244 	DATA 	Mouse: Left button down, pos=(1061,148)
190.2669 	DATA 	Mouse:  Left button up, pos=(1061,148)
195.1361 	DATA 	Mouse: Left button down, pos=(1070,320)
195.4848 	DATA 	Mouse:  Left button up, pos=(1070,320)
201.4901 	DATA 	Mouse: Left button down, pos=(564,629)
201.8152 	DEPRECATION 	trialnum=34 ERROR,1 frames were longer than 20.0 ms apparently screen refreshes skipped, interframe durs were:[20.2] and was these frames: [4]
201.8311 	DATA 	Mouse:  Left button up, pos=(564,629)
206.8580 	DATA 	Mouse: Left button down, pos=(361,354)
207.1824 	DEPRECATION 	trialnum=35 ERROR,1 frames were longer than 20.0 ms apparently screen refreshes skipped, interframe durs were:[20.2] and was these frames: [5]
207.2091 	DATA 	Mouse:  Left button up, pos=(361,354)
212.3366 	DATA 	Mouse: Left button down, pos=(558,304)
212.6617 	DEPRECATION 	trialnum=36 ERROR,1 frames were longer than 20.0 ms apparently screen refreshes skipped, interframe durs were:[20.7] and was these frames: [1]
212.6773 	DATA 	Mouse:  Left button up, pos=(558,304)
216.5026 	DATA 	Mouse: Left button down, pos=(452,636)
216.8274 	DEPRECATION 	trialnum=37 ERROR,1 frames were longer than 20.0 ms apparently screen refreshes skipped, interframe durs were:[20.2] and was these frames: [32]
216.8430 	DATA 	Mouse:  Left button up, pos=(452,636)
222.2239 	DATA 	Mouse: Left button down, pos=(349,282)
222.5471 	DEPRECATION 	trialnum=38 ERROR,1 frames were longer than 20.0 ms apparently screen refreshes skipped, interframe durs were:[20.2] and was these frames: [5]
222.5662 	DATA 	Mouse:  Left button up, pos=(349,282)
227.4573 	DATA 	Mouse: Left button down, pos=(872,248)
227.7973 	DATA 	Mouse:  Left button up, pos=(872,248)
231.7358 	DATA 	Mouse: Left button down, pos=(385,693)
232.0598 	DEPRECATION 	trialnum=40 ERROR,1 frames were longer than 20.0 ms apparently screen refreshes skipped, interframe durs were:[20.3] and was these frames: [24]
232.0746 	DATA 	Mouse:  Left button up, pos=(385,693)
236.4193 	DATA 	Mouse: Left button down, pos=(1045,110)
236.7581 	DATA 	Mouse:  Left button up, pos=(1045,110)
242.0910 	DATA 	Mouse: Left button down, pos=(805,496)
242.4302 	DATA 	Mouse:  Left button up, pos=(805,496)
246.9245 	DATA 	Mouse: Left button down, pos=(406,134)
247.2484 	DEPRECATION 	trialnum=43 ERROR,1 frames were longer than 20.0 ms apparently screen refreshes skipped, interframe durs were:[20.5] and was these frames: [17]
247.2753 	DATA 	Mouse:  Left button up, pos=(406,134)
251.2021 	DATA 	Mouse: Left button down, pos=(240,654)
251.5424 	DATA 	Mouse:  Left button up, pos=(240,654)
256.3693 	DATA 	Mouse: Left button down, pos=(239,542)
256.6933 	DEPRECATION 	trialnum=45 ERROR,1 frames were longer than 20.0 ms apparently screen refreshes skipped, interframe durs were:[20.3] and was these frames: [3]
256.7146 	DATA 	Mouse:  Left button up, pos=(239,542)
261.1740 	DATA 	Mouse: Left button down, pos=(1123,270)
261.5140 	DATA 	Mouse:  Left button up, pos=(1123,270)
266.3575 	DATA 	Mouse: Left button down, pos=(221,123)
266.6809 	DEPRECATION 	trialnum=47 ERROR,1 frames were longer than 20.0 ms apparently screen refreshes skipped, interframe durs were:[20.4] and was these frames: [33]
266.7046 	DATA 	Mouse:  Left button up, pos=(221,123)
271.8577 	DATA 	Mouse: Left button down, pos=(1199,261)
272.1811 	DEPRECATION 	trialnum=48 ERROR,1 frames were longer than 20.0 ms apparently screen refreshes skipped, interframe durs were:[20.] and was these frames: [24]
272.1982 	DATA 	Mouse:  Left button up, pos=(1200,260)
276.9245 	DATA 	Mouse: Left button down, pos=(990,340)
277.2497 	DEPRECATION 	trialnum=49 ERROR,1 frames were longer than 20.0 ms apparently screen refreshes skipped, interframe durs were:[101.2] and was these frames: [7]
277.2671 	DATA 	Mouse:  Left button up, pos=(990,340)
281.4571 	DATA 	Mouse: Left button down, pos=(658,322)
281.7818 	DEPRECATION 	trialnum=50 ERROR,1 frames were longer than 20.0 ms apparently screen refreshes skipped, interframe durs were:[20.7] and was these frames: [35]
281.8007 	DATA 	Mouse:  Left button up, pos=(658,322)
287.4910 	DATA 	Mouse: Left button down, pos=(1234,395)
287.8319 	DATA 	Mouse:  Left button up, pos=(1235,395)
293.4742 	DATA 	Mouse: Left button down, pos=(1246,516)
293.8138 	DATA 	Mouse:  Left button up, pos=(1246,516)
299.3693 	DATA 	Mouse: Left button down, pos=(634,221)
299.7082 	DATA 	Mouse:  Left button up, pos=(634,221)
304.2519 	DATA 	Mouse: Left button down, pos=(438,677)
304.5746 	DEPRECATION 	trialnum=54 ERROR,1 frames were longer than 20.0 ms apparently screen refreshes skipped, interframe durs were:[20.2] and was these frames: [36]
304.5947 	DATA 	Mouse:  Left button up, pos=(439,677)
309.7578 	DATA 	Mouse: Left button down, pos=(384,820)
310.0845 	DEPRECATION 	trialnum=55 ERROR,1 frames were longer than 20.0 ms apparently screen refreshes skipped, interframe durs were:[20.2] and was these frames: [19]
310.0993 	DATA 	Mouse:  Left button up, pos=(384,820)
313.9200 	DATA 	Mouse: Left button down, pos=(558,102)
314.2437 	DEPRECATION 	trialnum=56 ERROR,1 frames were longer than 20.0 ms apparently screen refreshes skipped, interframe durs were:[20.5] and was these frames: [4]
314.2643 	DATA 	Mouse:  Left button up, pos=(558,102)
318.1572 	DATA 	Mouse: Left button down, pos=(473,672)
318.5010 	DATA 	Mouse:  Left button up, pos=(473,672)
323.0361 	DATA 	Mouse: Left button down, pos=(376,682)
323.3772 	DATA 	Mouse:  Left button up, pos=(376,681)
328.2570 	DATA 	Mouse: Left button down, pos=(586,581)
328.5826 	DEPRECATION 	trialnum=59 ERROR,1 frames were longer than 20.0 ms apparently screen refreshes skipped, interframe durs were:[20.5] and was these frames: [8]
328.6077 	DATA 	Mouse:  Left button up, pos=(586,581)
334.1748 	DATA 	Mouse: Left button down, pos=(1164,423)
334.5149 	DATA 	Mouse:  Left button up, pos=(1164,423)
338.7528 	DATA 	Mouse: Left button down, pos=(164,637)
339.0799 	DEPRECATION 	trialnum=61 ERROR,1 frames were longer than 20.0 ms apparently screen refreshes skipped, interframe durs were:[20.1] and was these frames: [23]
339.0960 	DATA 	Mouse:  Left button up, pos=(164,637)
344.4581 	DATA 	Mouse: Left button down, pos=(644,710)
344.7830 	DEPRECATION 	trialnum=62 ERROR,1 frames were longer than 20.0 ms apparently screen refreshes skipped, interframe durs were:[20.] and was these frames: [35]
344.8008 	DATA 	Mouse:  Left button up, pos=(644,710)
350.1411 	DATA 	Mouse: Left button down, pos=(1107,619)
350.4656 	DEPRECATION 	trialnum=63 ERROR,1 frames were longer than 20.0 ms apparently screen refreshes skipped, interframe durs were:[20.2] and was these frames: [4]
350.4816 	DATA 	Mouse:  Left button up, pos=(1107,619)
354.7036 	DATA 	Mouse: Left button down, pos=(427,326)
355.0276 	DEPRECATION 	trialnum=64 ERROR,1 frames were longer than 20.0 ms apparently screen refreshes skipped, interframe durs were:[20.2] and was these frames: [10]
355.0508 	DATA 	Mouse:  Left button up, pos=(427,326)
360.2529 	DATA 	Mouse: Left button down, pos=(599,703)
360.6148 	DATA 	Mouse:  Left button up, pos=(598,703)
364.9410 	DATA 	Mouse: Left button down, pos=(979,583)
365.2654 	DEPRECATION 	trialnum=66 ERROR,1 frames were longer than 20.0 ms apparently screen refreshes skipped, interframe durs were:[20.3] and was these frames: [35]
365.2833 	DATA 	Mouse:  Left button up, pos=(979,583)
370.5539 	DATA 	Mouse: Left button down, pos=(545,772)
370.8774 	DEPRECATION 	trialnum=67 ERROR,1 frames were longer than 20.0 ms apparently screen refreshes skipped, interframe durs were:[20.2] and was these frames: [33]
370.8980 	DATA 	Mouse:  Left button up, pos=(545,772)
376.7409 	DATA 	Mouse: Left button down, pos=(586,297)
377.0812 	DATA 	Mouse:  Left button up, pos=(586,297)
382.6077 	DATA 	Mouse: Left button down, pos=(853,523)
382.9490 	DATA 	Mouse:  Left button up, pos=(853,523)
387.2873 	DATA 	Mouse: Left button down, pos=(613,651)
387.6118 	DEPRECATION 	trialnum=70 ERROR,1 frames were longer than 20.0 ms apparently screen refreshes skipped, interframe durs were:[20.1] and was these frames: [30]
387.6313 	DATA 	Mouse:  Left button up, pos=(613,651)
393.2372 	DATA 	Mouse: Left button down, pos=(964,688)
393.5775 	DATA 	Mouse:  Left button up, pos=(964,688)
397.9196 	DATA 	Mouse: Left button down, pos=(639,405)
398.2429 	DEPRECATION 	trialnum=72 ERROR,1 frames were longer than 20.0 ms apparently screen refreshes skipped, interframe durs were:[20.1] and was these frames: [1]
398.2594 	DATA 	Mouse:  Left button up, pos=(639,405)
404.1916 	DATA 	Mouse: Left button down, pos=(371,345)
404.5332 	DEPRECATION 	trialnum=73 ERROR,1 frames were longer than 20.0 ms apparently screen refreshes skipped, interframe durs were:[20.4] and was these frames: [15]
404.5551 	DATA 	Mouse:  Left button up, pos=(371,345)
409.0236 	DATA 	Mouse: Left button down, pos=(1171,138)
409.3490 	DEPRECATION 	trialnum=74 ERROR,1 frames were longer than 20.0 ms apparently screen refreshes skipped, interframe durs were:[20.] and was these frames: [10]
409.3639 	DATA 	Mouse:  Left button up, pos=(1172,138)
413.4691 	DATA 	Mouse: Left button down, pos=(903,334)
413.7931 	DEPRECATION 	trialnum=75 ERROR,1 frames were longer than 20.0 ms apparently screen refreshes skipped, interframe durs were:[20.6] and was these frames: [28]
413.8146 	DATA 	Mouse:  Left button up, pos=(903,334)
418.9025 	DATA 	Mouse: Left button down, pos=(1002,622)
419.2278 	DEPRECATION 	trialnum=76 ERROR,1 frames were longer than 20.0 ms apparently screen refreshes skipped, interframe durs were:[20.7] and was these frames: [15]
419.2436 	DATA 	Mouse:  Left button up, pos=(1002,622)
423.5699 	DATA 	Mouse: Left button down, pos=(939,577)
423.9110 	DATA 	Mouse:  Left button up, pos=(939,577)
428.5244 	DATA 	Mouse: Left button down, pos=(432,83)
428.8651 	DATA 	Mouse:  Left button up, pos=(432,83)
433.5211 	DATA 	Mouse: Left button down, pos=(716,649)
433.8639 	DATA 	Mouse:  Left button up, pos=(716,649)
438.7724 	DATA 	Mouse: Left button down, pos=(1199,378)
439.1009 	DEPRECATION 	trialnum=80 ERROR,1 frames were longer than 20.0 ms apparently screen refreshes skipped, interframe durs were:[20.1] and was these frames: [14]
439.1169 	DATA 	Mouse:  Left button up, pos=(1199,378)
444.4866 	DATA 	Mouse: Left button down, pos=(1253,260)
444.8107 	DEPRECATION 	trialnum=81 ERROR,1 frames were longer than 20.0 ms apparently screen refreshes skipped, interframe durs were:[20.1] and was these frames: [27]
444.8276 	DATA 	Mouse:  Left button up, pos=(1253,260)
449.7372 	DATA 	Mouse: Left button down, pos=(1282,582)
450.0768 	DATA 	Mouse:  Left button up, pos=(1282,582)
455.3033 	DATA 	Mouse: Left button down, pos=(1026,548)
455.6429 	DATA 	Mouse:  Left button up, pos=(1026,548)
460.3739 	DATA 	Mouse: Left button down, pos=(515,384)
460.7140 	DATA 	Mouse:  Left button up, pos=(515,384)
465.0372 	DATA 	Mouse: Left button down, pos=(873,500)
465.3921 	DATA 	Mouse:  Left button up, pos=(873,500)
469.7942 	DATA 	Mouse: Left button down, pos=(1035,488)
470.1108 	DEPRECATION 	trialnum=86 ERROR,1 frames were longer than 20.0 ms apparently screen refreshes skipped, interframe durs were:[20.1] and was these frames: [22]
470.1339 	DATA 	Mouse:  Left button up, pos=(1035,488)
475.9198 	DATA 	Mouse: Left button down, pos=(872,629)
476.2443 	DEPRECATION 	trialnum=87 ERROR,1 frames were longer than 20.0 ms apparently screen refreshes skipped, interframe durs were:[20.2] and was these frames: [28]
476.2587 	DATA 	Mouse:  Left button up, pos=(872,629)
480.2365 	DATA 	Mouse: Left button down, pos=(191,245)
480.5789 	DATA 	Mouse:  Left button up, pos=(191,245)
484.5533 	DATA 	Mouse: Left button down, pos=(343,509)
484.8783 	DEPRECATION 	trialnum=89 ERROR,1 frames were longer than 20.0 ms apparently screen refreshes skipped, interframe durs were:[20.] and was these frames: [31]
484.8933 	DATA 	Mouse:  Left button up, pos=(343,509)
489.3034 	DATA 	Mouse: Left button down, pos=(1122,601)
489.6438 	DATA 	Mouse:  Left button up, pos=(1121,601)
495.1578 	DATA 	Mouse: Left button down, pos=(902,490)
495.4830 	DEPRECATION 	trialnum=91 ERROR,1 frames were longer than 20.0 ms apparently screen refreshes skipped, interframe durs were:[20.1] and was these frames: [2]
495.4989 	DATA 	Mouse:  Left button up, pos=(902,490)
500.2690 	DATA 	Mouse: Left button down, pos=(247,677)
500.5938 	DEPRECATION 	trialnum=92 ERROR,1 frames were longer than 20.0 ms apparently screen refreshes skipped, interframe durs were:[20.1] and was these frames: [8]
500.6173 	DATA 	Mouse:  Left button up, pos=(247,677)
504.9364 	DATA 	Mouse: Left button down, pos=(1117,374)
505.2610 	DEPRECATION 	trialnum=93 ERROR,1 frames were longer than 20.0 ms apparently screen refreshes skipped, interframe durs were:[20.4] and was these frames: [21]
505.2759 	DATA 	Mouse:  Left button up, pos=(1117,374)
510.1195 	DATA 	Mouse: Left button down, pos=(402,460)
510.4596 	DATA 	Mouse:  Left button up, pos=(402,460)
515.4360 	DATA 	Mouse: Left button down, pos=(1141,374)
515.7789 	DATA 	Mouse:  Left button up, pos=(1141,374)
520.3914 	DATA 	Mouse: Left button down, pos=(836,254)
520.7160 	DEPRECATION 	trialnum=96 ERROR,1 frames were longer than 20.0 ms apparently screen refreshes skipped, interframe durs were:[20.1] and was these frames: [33]
520.7327 	DATA 	Mouse:  Left button up, pos=(836,254)
525.8413 	DATA 	Mouse: Left button down, pos=(550,339)
526.1834 	DATA 	Mouse:  Left button up, pos=(550,339)
531.0580 	DATA 	Mouse: Left button down, pos=(309,330)
531.3824 	DEPRECATION 	trialnum=98 ERROR,1 frames were longer than 20.0 ms apparently screen refreshes skipped, interframe durs were:[20.3] and was these frames: [2]
531.4057 	DATA 	Mouse:  Left button up, pos=(309,330)
536.3244 	DATA 	Mouse: Left button down, pos=(1209,706)
536.6499 	DEPRECATION 	trialnum=99 ERROR,1 frames were longer than 20.0 ms apparently screen refreshes skipped, interframe durs were:[20.3] and was these frames: [13]
536.6567 	DATA 	Mouse:  Left button up, pos=(1209,706)
11.3396 	WARNING 	User requested fullscreen with size [2880 1800], but screen is actually [1440, 900]. Using actual size
16.4780 	DATA 	Keypress: y
21.6010 	DATA 	Mouse: Left button down, pos=(486,82)
21.9448 	DATA 	Mouse:  Left button up, pos=(486,82)
27.5894 	DATA 	Mouse: Left button down, pos=(404,387)
27.9294 	DATA 	Mouse:  Left button up, pos=(404,387)
32.3398 	DATA 	Mouse: Left button down, pos=(475,172)
32.6792 	DATA 	Mouse:  Left button up, pos=(474,172)
37.0737 	DATA 	Mouse: Left button down, pos=(716,283)
37.4122 	DATA 	Mouse:  Left button up, pos=(716,283)
42.0877 	DATA 	Mouse: Left button down, pos=(1131,743)
42.4428 	DATA 	Mouse:  Left button up, pos=(1131,743)
44.7864 	WARNING 	t of last frame was 20.30ms (=1/49)
46.8900 	DATA 	Mouse: Left button down, pos=(794,369)
47.2139 	DEPRECATION 	trialnum=5 ERROR,1 frames were longer than 20.0 ms apparently screen refreshes skipped, interframe durs were:[20.3] and was these frames: [33]
47.2296 	DATA 	Mouse:  Left button up, pos=(794,369)
49.7661 	WARNING 	t of last frame was 20.04ms (=1/49)
49.7862 	WARNING 	t of last frame was 20.04ms (=1/49)
51.4402 	DATA 	Mouse: Left button down, pos=(601,103)
51.7628 	DEPRECATION 	trialnum=6 ERROR,2 frames were longer than 20.0 ms apparently screen refreshes skipped, interframe durs were:[20. 20.] and was these frames: [31 32]
51.7845 	DATA 	Mouse:  Left button up, pos=(601,103)
56.9201 	DATA 	Mouse: Left button down, pos=(643,373)
57.2586 	DATA 	Mouse:  Left button up, pos=(643,373)
63.1401 	DATA 	Mouse: Left button down, pos=(1220,741)
63.4845 	DATA 	Mouse:  Left button up, pos=(1220,741)
68.1192 	DATA 	Mouse: Left button down, pos=(778,392)
68.4612 	DATA 	Mouse:  Left button up, pos=(778,392)
70.7864 	WARNING 	t of last frame was 20.07ms (=1/49)
73.1572 	DATA 	Mouse: Left button down, pos=(998,121)
73.4791 	DEPRECATION 	trialnum=10 ERROR,1 frames were longer than 20.0 ms apparently screen refreshes skipped, interframe durs were:[20.1] and was these frames: [6]
73.5000 	DATA 	Mouse:  Left button up, pos=(998,121)
78.2907 	DATA 	Mouse: Left button down, pos=(1019,605)
78.6347 	DATA 	Mouse:  Left button up, pos=(1019,605)
81.7865 	WARNING 	Multiple dropped frames have occurred - I'll stop bothering you about them!
83.5195 	DATA 	Mouse: Left button down, pos=(920,388)
83.8420 	DEPRECATION 	trialnum=12 ERROR,1 frames were longer than 20.0 ms apparently screen refreshes skipped, interframe durs were:[20.3] and was these frames: [27]
83.8607 	DATA 	Mouse:  Left button up, pos=(920,388)
88.3914 	DATA 	Mouse: Left button down, pos=(610,447)
88.7144 	DEPRECATION 	trialnum=13 ERROR,1 frames were longer than 20.0 ms apparently screen refreshes skipped, interframe durs were:[20.5] and was these frames: [18]
88.7355 	DATA 	Mouse:  Left button up, pos=(610,447)
93.7752 	DATA 	Mouse: Left button down, pos=(836,580)
94.1018 	DEPRECATION 	trialnum=14 ERROR,1 frames were longer than 20.0 ms apparently screen refreshes skipped, interframe durs were:[20.5] and was these frames: [18]
94.1242 	DATA 	Mouse:  Left button up, pos=(836,580)
98.3517 	DATA 	Mouse: Left button down, pos=(587,274)
98.6761 	DEPRECATION 	trialnum=15 ERROR,1 frames were longer than 20.0 ms apparently screen refreshes skipped, interframe durs were:[20.1] and was these frames: [32]
98.6991 	DATA 	Mouse:  Left button up, pos=(587,274)
103.6190 	DATA 	Mouse: Left button down, pos=(941,350)
103.9426 	DEPRECATION 	trialnum=16 ERROR,1 frames were longer than 20.0 ms apparently screen refreshes skipped, interframe durs were:[20.5] and was these frames: [28]
103.9628 	DATA 	Mouse:  Left button up, pos=(941,350)
108.3403 	DATA 	Mouse: Left button down, pos=(401,615)
108.6639 	DEPRECATION 	trialnum=17 ERROR,1 frames were longer than 20.0 ms apparently screen refreshes skipped, interframe durs were:[20.] and was these frames: [36]
108.6820 	DATA 	Mouse:  Left button up, pos=(401,615)
113.6681 	DATA 	Mouse: Left button down, pos=(413,423)
113.9931 	DEPRECATION 	trialnum=18 ERROR,1 frames were longer than 20.0 ms apparently screen refreshes skipped, interframe durs were:[20.2] and was these frames: [26]
114.0085 	DATA 	Mouse:  Left button up, pos=(414,423)
118.5368 	DATA 	Mouse: Left button down, pos=(1126,106)
118.8749 	DATA 	Mouse:  Left button up, pos=(1126,106)
123.1229 	DATA 	Mouse: Left button down, pos=(1101,86)
123.4456 	DEPRECATION 	trialnum=20 ERROR,1 frames were longer than 20.0 ms apparently screen refreshes skipped, interframe durs were:[20.1] and was these frames: [14]
123.4673 	DATA 	Mouse:  Left button up, pos=(1101,86)
129.3404 	DATA 	Mouse: Left button down, pos=(1305,572)
129.6649 	DEPRECATION 	trialnum=21 ERROR,1 frames were longer than 20.0 ms apparently screen refreshes skipped, interframe durs were:[20.2] and was these frames: [4]
129.6826 	DATA 	Mouse:  Left button up, pos=(1305,572)
134.1403 	DATA 	Mouse: Left button down, pos=(495,151)
134.4646 	DEPRECATION 	trialnum=22 ERROR,1 frames were longer than 20.0 ms apparently screen refreshes skipped, interframe durs were:[20.6] and was these frames: [26]
134.4810 	DATA 	Mouse:  Left button up, pos=(495,151)
140.3371 	DATA 	Mouse: Left button down, pos=(950,194)
140.6608 	DEPRECATION 	trialnum=23 ERROR,1 frames were longer than 20.0 ms apparently screen refreshes skipped, interframe durs were:[20.1] and was these frames: [13]
140.6857 	DATA 	Mouse:  Left button up, pos=(950,194)
146.3573 	DATA 	Mouse: Left button down, pos=(469,641)
146.6969 	DATA 	Mouse:  Left button up, pos=(469,641)
151.4734 	DATA 	Mouse: Left button down, pos=(868,625)
151.7981 	DEPRECATION 	trialnum=25 ERROR,1 frames were longer than 20.0 ms apparently screen refreshes skipped, interframe durs were:[20.2] and was these frames: [36]
151.8158 	DATA 	Mouse:  Left button up, pos=(868,626)
157.5733 	DATA 	Mouse: Left button down, pos=(165,92)
157.9146 	DATA 	Mouse:  Left button up, pos=(165,92)
163.5201 	DATA 	Mouse: Left button down, pos=(1140,99)
163.8690 	DATA 	Mouse:  Left button up, pos=(1140,99)
169.3862 	DATA 	Mouse: Left button down, pos=(1286,415)
169.7088 	DEPRECATION 	trialnum=28 ERROR,1 frames were longer than 20.0 ms apparently screen refreshes skipped, interframe durs were:[20.7] and was these frames: [1]
169.7260 	DATA 	Mouse:  Left button up, pos=(1286,415)
175.8900 	DATA 	Mouse: Left button down, pos=(266,344)
176.2303 	DATA 	Mouse:  Left button up, pos=(266,345)
180.3745 	DATA 	Mouse: Left button down, pos=(1222,793)
180.7139 	DATA 	Mouse:  Left button up, pos=(1222,794)
184.6535 	DATA 	Mouse: Left button down, pos=(1205,521)
184.9984 	DATA 	Mouse:  Left button up, pos=(1205,521)
189.9244 	DATA 	Mouse: Left button down, pos=(1061,148)
190.2669 	DATA 	Mouse:  Left button up, pos=(1061,148)
195.1361 	DATA 	Mouse: Left button down, pos=(1070,320)
195.4848 	DATA 	Mouse:  Left button up, pos=(1070,320)
201.4901 	DATA 	Mouse: Left button down, pos=(564,629)
201.8152 	DEPRECATION 	trialnum=34 ERROR,1 frames were longer than 20.0 ms apparently screen refreshes skipped, interframe durs were:[20.2] and was these frames: [4]
201.8311 	DATA 	Mouse:  Left button up, pos=(564,629)
206.8580 	DATA 	Mouse: Left button down, pos=(361,354)
207.1824 	DEPRECATION 	trialnum=35 ERROR,1 frames were longer than 20.0 ms apparently screen refreshes skipped, interframe durs were:[20.2] and was these frames: [5]
207.2091 	DATA 	Mouse:  Left button up, pos=(361,354)
212.3366 	DATA 	Mouse: Left button down, pos=(558,304)
212.6617 	DEPRECATION 	trialnum=36 ERROR,1 frames were longer than 20.0 ms apparently screen refreshes skipped, interframe durs were:[20.7] and was these frames: [1]
212.6773 	DATA 	Mouse:  Left button up, pos=(558,304)
216.5026 	DATA 	Mouse: Left button down, pos=(452,636)
216.8274 	DEPRECATION 	trialnum=37 ERROR,1 frames were longer than 20.0 ms apparently screen refreshes skipped, interframe durs were:[20.2] and was these frames: [32]
216.8430 	DATA 	Mouse:  Left button up, pos=(452,636)
222.2239 	DATA 	Mouse: Left button down, pos=(349,282)
222.5471 	DEPRECATION 	trialnum=38 ERROR,1 frames were longer than 20.0 ms apparently screen refreshes skipped, interframe durs were:[20.2] and was these frames: [5]
222.5662 	DATA 	Mouse:  Left button up, pos=(349,282)
227.4573 	DATA 	Mouse: Left button down, pos=(872,248)
227.7973 	DATA 	Mouse:  Left button up, pos=(872,248)
231.7358 	DATA 	Mouse: Left button down, pos=(385,693)
232.0598 	DEPRECATION 	trialnum=40 ERROR,1 frames were longer than 20.0 ms apparently screen refreshes skipped, interframe durs were:[20.3] and was these frames: [24]
232.0746 	DATA 	Mouse:  Left button up, pos=(385,693)
236.4193 	DATA 	Mouse: Left button down, pos=(1045,110)
236.7581 	DATA 	Mouse:  Left button up, pos=(1045,110)
242.0910 	DATA 	Mouse: Left button down, pos=(805,496)
242.4302 	DATA 	Mouse:  Left button up, pos=(805,496)
246.9245 	DATA 	Mouse: Left button down, pos=(406,134)
247.2484 	DEPRECATION 	trialnum=43 ERROR,1 frames were longer than 20.0 ms apparently screen refreshes skipped, interframe durs were:[20.5] and was these frames: [17]
247.2753 	DATA 	Mouse:  Left button up, pos=(406,134)
251.2021 	DATA 	Mouse: Left button down, pos=(240,654)
251.5424 	DATA 	Mouse:  Left button up, pos=(240,654)
256.3693 	DATA 	Mouse: Left button down, pos=(239,542)
256.6933 	DEPRECATION 	trialnum=45 ERROR,1 frames were longer than 20.0 ms apparently screen refreshes skipped, interframe durs were:[20.3] and was these frames: [3]
256.7146 	DATA 	Mouse:  Left button up, pos=(239,542)
261.1740 	DATA 	Mouse: Left button down, pos=(1123,270)
261.5140 	DATA 	Mouse:  Left button up, pos=(1123,270)
266.3575 	DATA 	Mouse: Left button down, pos=(221,123)
266.6809 	DEPRECATION 	trialnum=47 ERROR,1 frames were longer than 20.0 ms apparently screen refreshes skipped, interframe durs were:[20.4] and was these frames: [33]
266.7046 	DATA 	Mouse:  Left button up, pos=(221,123)
271.8577 	DATA 	Mouse: Left button down, pos=(1199,261)
272.1811 	DEPRECATION 	trialnum=48 ERROR,1 frames were longer than 20.0 ms apparently screen refreshes skipped, interframe durs were:[20.] and was these frames: [24]
272.1982 	DATA 	Mouse:  Left button up, pos=(1200,260)
276.9245 	DATA 	Mouse: Left button down, pos=(990,340)
277.2497 	DEPRECATION 	trialnum=49 ERROR,1 frames were longer than 20.0 ms apparently screen refreshes skipped, interframe durs were:[101.2] and was these frames: [7]
277.2671 	DATA 	Mouse:  Left button up, pos=(990,340)
281.4571 	DATA 	Mouse: Left button down, pos=(658,322)
281.7818 	DEPRECATION 	trialnum=50 ERROR,1 frames were longer than 20.0 ms apparently screen refreshes skipped, interframe durs were:[20.7] and was these frames: [35]
281.8007 	DATA 	Mouse:  Left button up, pos=(658,322)
287.4910 	DATA 	Mouse: Left button down, pos=(1234,395)
287.8319 	DATA 	Mouse:  Left button up, pos=(1235,395)
293.4742 	DATA 	Mouse: Left button down, pos=(1246,516)
293.8138 	DATA 	Mouse:  Left button up, pos=(1246,516)
299.3693 	DATA 	Mouse: Left button down, pos=(634,221)
299.7082 	DATA 	Mouse:  Left button up, pos=(634,221)
304.2519 	DATA 	Mouse: Left button down, pos=(438,677)
304.5746 	DEPRECATION 	trialnum=54 ERROR,1 frames were longer than 20.0 ms apparently screen refreshes skipped, interframe durs were:[20.2] and was these frames: [36]
304.5947 	DATA 	Mouse:  Left button up, pos=(439,677)
309.7578 	DATA 	Mouse: Left button down, pos=(384,820)
310.0845 	DEPRECATION 	trialnum=55 ERROR,1 frames were longer than 20.0 ms apparently screen refreshes skipped, interframe durs were:[20.2] and was these frames: [19]
310.0993 	DATA 	Mouse:  Left button up, pos=(384,820)
313.9200 	DATA 	Mouse: Left button down, pos=(558,102)
314.2437 	DEPRECATION 	trialnum=56 ERROR,1 frames were longer than 20.0 ms apparently screen refreshes skipped, interframe durs were:[20.5] and was these frames: [4]
314.2643 	DATA 	Mouse:  Left button up, pos=(558,102)
318.1572 	DATA 	Mouse: Left button down, pos=(473,672)
318.5010 	DATA 	Mouse:  Left button up, pos=(473,672)
323.0361 	DATA 	Mouse: Left button down, pos=(376,682)
323.3772 	DATA 	Mouse:  Left button up, pos=(376,681)
328.2570 	DATA 	Mouse: Left button down, pos=(586,581)
328.5826 	DEPRECATION 	trialnum=59 ERROR,1 frames were longer than 20.0 ms apparently screen refreshes skipped, interframe durs were:[20.5] and was these frames: [8]
328.6077 	DATA 	Mouse:  Left button up, pos=(586,581)
334.1748 	DATA 	Mouse: Left button down, pos=(1164,423)
334.5149 	DATA 	Mouse:  Left button up, pos=(1164,423)
338.7528 	DATA 	Mouse: Left button down, pos=(164,637)
339.0799 	DEPRECATION 	trialnum=61 ERROR,1 frames were longer than 20.0 ms apparently screen refreshes skipped, interframe durs were:[20.1] and was these frames: [23]
339.0960 	DATA 	Mouse:  Left button up, pos=(164,637)
344.4581 	DATA 	Mouse: Left button down, pos=(644,710)
344.7830 	DEPRECATION 	trialnum=62 ERROR,1 frames were longer than 20.0 ms apparently screen refreshes skipped, interframe durs were:[20.] and was these frames: [35]
344.8008 	DATA 	Mouse:  Left button up, pos=(644,710)
350.1411 	DATA 	Mouse: Left button down, pos=(1107,619)
350.4656 	DEPRECATION 	trialnum=63 ERROR,1 frames were longer than 20.0 ms apparently screen refreshes skipped, interframe durs were:[20.2] and was these frames: [4]
350.4816 	DATA 	Mouse:  Left button up, pos=(1107,619)
354.7036 	DATA 	Mouse: Left button down, pos=(427,326)
355.0276 	DEPRECATION 	trialnum=64 ERROR,1 frames were longer than 20.0 ms apparently screen refreshes skipped, interframe durs were:[20.2] and was these frames: [10]
355.0508 	DATA 	Mouse:  Left button up, pos=(427,326)
360.2529 	DATA 	Mouse: Left button down, pos=(599,703)
360.6148 	DATA 	Mouse:  Left button up, pos=(598,703)
364.9410 	DATA 	Mouse: Left button down, pos=(979,583)
365.2654 	DEPRECATION 	trialnum=66 ERROR,1 frames were longer than 20.0 ms apparently screen refreshes skipped, interframe durs were:[20.3] and was these frames: [35]
365.2833 	DATA 	Mouse:  Left button up, pos=(979,583)
370.5539 	DATA 	Mouse: Left button down, pos=(545,772)
370.8774 	DEPRECATION 	trialnum=67 ERROR,1 frames were longer than 20.0 ms apparently screen refreshes skipped, interframe durs were:[20.2] and was these frames: [33]
370.8980 	DATA 	Mouse:  Left button up, pos=(545,772)
376.7409 	DATA 	Mouse: Left button down, pos=(586,297)
377.0812 	DATA 	Mouse:  Left button up, pos=(586,297)
382.6077 	DATA 	Mouse: Left button down, pos=(853,523)
382.9490 	DATA 	Mouse:  Left button up, pos=(853,523)
387.2873 	DATA 	Mouse: Left button down, pos=(613,651)
387.6118 	DEPRECATION 	trialnum=70 ERROR,1 frames were longer than 20.0 ms apparently screen refreshes skipped, interframe durs were:[20.1] and was these frames: [30]
387.6313 	DATA 	Mouse:  Left button up, pos=(613,651)
393.2372 	DATA 	Mouse: Left button down, pos=(964,688)
393.5775 	DATA 	Mouse:  Left button up, pos=(964,688)
397.9196 	DATA 	Mouse: Left button down, pos=(639,405)
398.2429 	DEPRECATION 	trialnum=72 ERROR,1 frames were longer than 20.0 ms apparently screen refreshes skipped, interframe durs were:[20.1] and was these frames: [1]
398.2594 	DATA 	Mouse:  Left button up, pos=(639,405)
404.1916 	DATA 	Mouse: Left button down, pos=(371,345)
404.5332 	DEPRECATION 	trialnum=73 ERROR,1 frames were longer than 20.0 ms apparently screen refreshes skipped, interframe durs were:[20.4] and was these frames: [15]
404.5551 	DATA 	Mouse:  Left button up, pos=(371,345)
409.0236 	DATA 	Mouse: Left button down, pos=(1171,138)
409.3490 	DEPRECATION 	trialnum=74 ERROR,1 frames were longer than 20.0 ms apparently screen refreshes skipped, interframe durs were:[20.] and was these frames: [10]
409.3639 	DATA 	Mouse:  Left button up, pos=(1172,138)
413.4691 	DATA 	Mouse: Left button down, pos=(903,334)
413.7931 	DEPRECATION 	trialnum=75 ERROR,1 frames were longer than 20.0 ms apparently screen refreshes skipped, interframe durs were:[20.6] and was these frames: [28]
413.8146 	DATA 	Mouse:  Left button up, pos=(903,334)
418.9025 	DATA 	Mouse: Left button down, pos=(1002,622)
419.2278 	DEPRECATION 	trialnum=76 ERROR,1 frames were longer than 20.0 ms apparently screen refreshes skipped, interframe durs were:[20.7] and was these frames: [15]
419.2436 	DATA 	Mouse:  Left button up, pos=(1002,622)
423.5699 	DATA 	Mouse: Left button down, pos=(939,577)
423.9110 	DATA 	Mouse:  Left button up, pos=(939,577)
428.5244 	DATA 	Mouse: Left button down, pos=(432,83)
428.8651 	DATA 	Mouse:  Left button up, pos=(432,83)
433.5211 	DATA 	Mouse: Left button down, pos=(716,649)
433.8639 	DATA 	Mouse:  Left button up, pos=(716,649)
438.7724 	DATA 	Mouse: Left button down, pos=(1199,378)
439.1009 	DEPRECATION 	trialnum=80 ERROR,1 frames were longer than 20.0 ms apparently screen refreshes skipped, interframe durs were:[20.1] and was these frames: [14]
439.1169 	DATA 	Mouse:  Left button up, pos=(1199,378)
444.4866 	DATA 	Mouse: Left button down, pos=(1253,260)
444.8107 	DEPRECATION 	trialnum=81 ERROR,1 frames were longer than 20.0 ms apparently screen refreshes skipped, interframe durs were:[20.1] and was these frames: [27]
444.8276 	DATA 	Mouse:  Left button up, pos=(1253,260)
449.7372 	DATA 	Mouse: Left button down, pos=(1282,582)
450.0768 	DATA 	Mouse:  Left button up, pos=(1282,582)
455.3033 	DATA 	Mouse: Left button down, pos=(1026,548)
455.6429 	DATA 	Mouse:  Left button up, pos=(1026,548)
460.3739 	DATA 	Mouse: Left button down, pos=(515,384)
460.7140 	DATA 	Mouse:  Left button up, pos=(515,384)
465.0372 	DATA 	Mouse: Left button down, pos=(873,500)
465.3921 	DATA 	Mouse:  Left button up, pos=(873,500)
469.7942 	DATA 	Mouse: Left button down, pos=(1035,488)
470.1108 	DEPRECATION 	trialnum=86 ERROR,1 frames were longer than 20.0 ms apparently screen refreshes skipped, interframe durs were:[20.1] and was these frames: [22]
470.1339 	DATA 	Mouse:  Left button up, pos=(1035,488)
475.9198 	DATA 	Mouse: Left button down, pos=(872,629)
476.2443 	DEPRECATION 	trialnum=87 ERROR,1 frames were longer than 20.0 ms apparently screen refreshes skipped, interframe durs were:[20.2] and was these frames: [28]
476.2587 	DATA 	Mouse:  Left button up, pos=(872,629)
480.2365 	DATA 	Mouse: Left button down, pos=(191,245)
480.5789 	DATA 	Mouse:  Left button up, pos=(191,245)
484.5533 	DATA 	Mouse: Left button down, pos=(343,509)
484.8783 	DEPRECATION 	trialnum=89 ERROR,1 frames were longer than 20.0 ms apparently screen refreshes skipped, interframe durs were:[20.] and was these frames: [31]
484.8933 	DATA 	Mouse:  Left button up, pos=(343,509)
489.3034 	DATA 	Mouse: Left button down, pos=(1122,601)
489.6438 	DATA 	Mouse:  Left button up, pos=(1121,601)
495.1578 	DATA 	Mouse: Left button down, pos=(902,490)
495.4830 	DEPRECATION 	trialnum=91 ERROR,1 frames were longer than 20.0 ms apparently screen refreshes skipped, interframe durs were:[20.1] and was these frames: [2]
495.4989 	DATA 	Mouse:  Left button up, pos=(902,490)
500.2690 	DATA 	Mouse: Left button down, pos=(247,677)
500.5938 	DEPRECATION 	trialnum=92 ERROR,1 frames were longer than 20.0 ms apparently screen refreshes skipped, interframe durs were:[20.1] and was these frames: [8]
500.6173 	DATA 	Mouse:  Left button up, pos=(247,677)
504.9364 	DATA 	Mouse: Left button down, pos=(1117,374)
505.2610 	DEPRECATION 	trialnum=93 ERROR,1 frames were longer than 20.0 ms apparently screen refreshes skipped, interframe durs were:[20.4] and was these frames: [21]
505.2759 	DATA 	Mouse:  Left button up, pos=(1117,374)
510.1195 	DATA 	Mouse: Left button down, pos=(402,460)
510.4596 	DATA 	Mouse:  Left button up, pos=(402,460)
515.4360 	DATA 	Mouse: Left button down, pos=(1141,374)
515.7789 	DATA 	Mouse:  Left button up, pos=(1141,374)
520.3914 	DATA 	Mouse: Left button down, pos=(836,254)
520.7160 	DEPRECATION 	trialnum=96 ERROR,1 frames were longer than 20.0 ms apparently screen refreshes skipped, interframe durs were:[20.1] and was these frames: [33]
520.7327 	DATA 	Mouse:  Left button up, pos=(836,254)
525.8413 	DATA 	Mouse: Left button down, pos=(550,339)
526.1834 	DATA 	Mouse:  Left button up, pos=(550,339)
531.0580 	DATA 	Mouse: Left button down, pos=(309,330)
531.3824 	DEPRECATION 	trialnum=98 ERROR,1 frames were longer than 20.0 ms apparently screen refreshes skipped, interframe durs were:[20.3] and was these frames: [2]
531.4057 	DATA 	Mouse:  Left button up, pos=(309,330)
536.3244 	DATA 	Mouse: Left button down, pos=(1209,706)
536.6499 	DEPRECATION 	trialnum=99 ERROR,1 frames were longer than 20.0 ms apparently screen refreshes skipped, interframe durs were:[20.3] and was these frames: [13]
536.6567 	DATA 	Mouse:  Left button up, pos=(1209,706)
