11.4720 	WARNING 	User requested fullscreen with size [2880 1800], but screen is actually [1440, 900]. Using actual size
16.8723 	DATA 	Keypress: y
19.9131 	WARNING 	t of last frame was 21.70ms (=1/46)
22.6501 	DATA 	Mouse: Left button down, pos=(94,254)
22.9783 	DEPRECATION 	trialnum=0 ERROR,1 frames were longer than 20.06 ms apparently screen refreshes skipped, interframe durs were:[21.7] and was these frames: [12]
22.9995 	DATA 	Mouse:  Left button up, pos=(94,254)
27.2001 	DATA 	Mouse: Left button down, pos=(734,555)
27.5428 	DATA 	Mouse:  Left button up, pos=(734,555)
32.6180 	DATA 	Mouse: Left button down, pos=(173,565)
32.9611 	DATA 	Mouse:  Left button up, pos=(173,565)
38.6301 	DATA 	Mouse: Left button down, pos=(847,261)
38.9686 	DATA 	Mouse:  Left button up, pos=(847,261)
40.9133 	WARNING 	t of last frame was 21.81ms (=1/45)
42.8182 	DATA 	Mouse: Left button down, pos=(936,520)
43.1409 	DEPRECATION 	trialnum=4 ERROR,1 frames were longer than 20.06 ms apparently screen refreshes skipped, interframe durs were:[21.8] and was these frames: [17]
43.1589 	DATA 	Mouse:  Left button up, pos=(936,520)
47.3169 	DATA 	Mouse: Left button down, pos=(861,703)
47.6582 	DATA 	Mouse:  Left button up, pos=(861,703)
51.6630 	DATA 	Mouse: Left button down, pos=(639,645)
52.0038 	DATA 	Mouse:  Left button up, pos=(639,645)
57.2966 	DATA 	Mouse: Left button down, pos=(656,410)
57.6507 	DATA 	Mouse:  Left button up, pos=(656,410)
59.9134 	WARNING 	t of last frame was 20.15ms (=1/49)
61.6174 	DATA 	Mouse: Left button down, pos=(886,591)
61.9412 	DEPRECATION 	trialnum=8 ERROR,1 frames were longer than 20.06 ms apparently screen refreshes skipped, interframe durs were:[20.1] and was these frames: [28]
61.9581 	DATA 	Mouse:  Left button up, pos=(886,591)
64.9133 	WARNING 	t of last frame was 20.15ms (=1/49)
66.9837 	DATA 	Mouse: Left button down, pos=(1169,708)
67.3076 	DEPRECATION 	trialnum=9 ERROR,1 frames were longer than 20.06 ms apparently screen refreshes skipped, interframe durs were:[20.2] and was these frames: [33]
67.3236 	DATA 	Mouse:  Left button up, pos=(1169,708)
69.9133 	WARNING 	Multiple dropped frames have occurred - I'll stop bothering you about them!
72.0506 	DATA 	Mouse: Left button down, pos=(400,461)
72.3750 	DEPRECATION 	trialnum=10 ERROR,1 frames were longer than 20.06 ms apparently screen refreshes skipped, interframe durs were:[20.1] and was these frames: [10]
72.3936 	DATA 	Mouse:  Left button up, pos=(400,461)
78.2293 	DATA 	Mouse: Left button down, pos=(1049,158)
78.5524 	DEPRECATION 	trialnum=11 ERROR,1 frames were longer than 20.06 ms apparently screen refreshes skipped, interframe durs were:[20.4] and was these frames: [10]
78.5714 	DATA 	Mouse:  Left button up, pos=(1049,158)
83.5677 	DATA 	Mouse: Left button down, pos=(352,451)
83.9079 	DATA 	Mouse:  Left button up, pos=(352,451)
88.2456 	DATA 	Mouse: Left button down, pos=(205,419)
88.5702 	DEPRECATION 	trialnum=13 ERROR,1 frames were longer than 20.06 ms apparently screen refreshes skipped, interframe durs were:[20.3] and was these frames: [3]
88.5929 	DATA 	Mouse:  Left button up, pos=(205,419)
93.4178 	DATA 	Mouse: Left button down, pos=(1175,560)
93.7585 	DATA 	Mouse:  Left button up, pos=(1175,560)
99.1294 	DATA 	Mouse: Left button down, pos=(1140,72)
99.4528 	DEPRECATION 	trialnum=15 ERROR,1 frames were longer than 20.06 ms apparently screen refreshes skipped, interframe durs were:[20.2] and was these frames: [15]
99.4686 	DATA 	Mouse:  Left button up, pos=(1140,72)
104.4335 	DATA 	Mouse: Left button down, pos=(465,727)
104.7734 	DATA 	Mouse:  Left button up, pos=(465,727)
108.8132 	DATA 	Mouse: Left button down, pos=(633,497)
109.1527 	DEPRECATION 	trialnum=17 ERROR,1 frames were longer than 20.06 ms apparently screen refreshes skipped, interframe durs were:[20.4] and was these frames: [9]
109.1720 	DATA 	Mouse:  Left button up, pos=(633,497)
113.3961 	DATA 	Mouse: Left button down, pos=(323,355)
113.7417 	DATA 	Mouse:  Left button up, pos=(323,355)
119.4123 	DATA 	Mouse: Left button down, pos=(983,86)
119.7535 	DATA 	Mouse:  Left button up, pos=(983,86)
125.1686 	DATA 	Mouse: Left button down, pos=(1088,732)
125.4912 	DEPRECATION 	trialnum=20 ERROR,1 frames were longer than 20.06 ms apparently screen refreshes skipped, interframe durs were:[20.3] and was these frames: [12]
125.5066 	DATA 	Mouse:  Left button up, pos=(1088,732)
130.0844 	DATA 	Mouse: Left button down, pos=(1006,177)
130.4081 	DEPRECATION 	trialnum=21 ERROR,1 frames were longer than 20.06 ms apparently screen refreshes skipped, interframe durs were:[20.1] and was these frames: [38]
130.4313 	DATA 	Mouse:  Left button up, pos=(1006,177)
134.9635 	DATA 	Mouse: Left button down, pos=(1111,289)
135.2876 	DEPRECATION 	trialnum=22 ERROR,1 frames were longer than 20.06 ms apparently screen refreshes skipped, interframe durs were:[20.4] and was these frames: [16]
135.3052 	DATA 	Mouse:  Left button up, pos=(1111,289)
140.7959 	DATA 	Mouse: Left button down, pos=(782,220)
141.1201 	DEPRECATION 	trialnum=23 ERROR,1 frames were longer than 20.06 ms apparently screen refreshes skipped, interframe durs were:[20.3] and was these frames: [29]
141.1358 	DATA 	Mouse:  Left button up, pos=(782,220)
146.0178 	DATA 	Mouse: Left button down, pos=(580,606)
146.3585 	DATA 	Mouse:  Left button up, pos=(580,606)
151.6294 	DATA 	Mouse: Left button down, pos=(974,386)
151.9529 	DEPRECATION 	trialnum=25 ERROR,1 frames were longer than 20.06 ms apparently screen refreshes skipped, interframe durs were:[20.6] and was these frames: [39]
151.9709 	DATA 	Mouse:  Left button up, pos=(974,386)
157.0014 	DATA 	Mouse: Left button down, pos=(677,271)
157.3252 	DEPRECATION 	trialnum=26 ERROR,2 frames were longer than 20.06 ms apparently screen refreshes skipped, interframe durs were:[20.6 20.2] and was these frames: [ 0 15]
157.3421 	DATA 	Mouse:  Left button up, pos=(677,271)
162.1472 	DATA 	Mouse: Left button down, pos=(438,676)
162.5021 	DATA 	Mouse:  Left button up, pos=(438,676)
167.5297 	DATA 	Mouse: Left button down, pos=(639,254)
167.8538 	DEPRECATION 	trialnum=28 ERROR,1 frames were longer than 20.06 ms apparently screen refreshes skipped, interframe durs were:[20.2] and was these frames: [30]
167.8768 	DATA 	Mouse:  Left button up, pos=(639,254)
173.1294 	DATA 	Mouse: Left button down, pos=(951,145)
173.4535 	DEPRECATION 	trialnum=29 ERROR,1 frames were longer than 20.06 ms apparently screen refreshes skipped, interframe durs were:[20.3] and was these frames: [21]
173.4703 	DATA 	Mouse:  Left button up, pos=(951,145)
178.7682 	DATA 	Mouse: Left button down, pos=(563,661)
179.1113 	DATA 	Mouse:  Left button up, pos=(563,661)
184.9849 	DATA 	Mouse: Left button down, pos=(746,762)
185.3084 	DEPRECATION 	trialnum=31 ERROR,1 frames were longer than 20.06 ms apparently screen refreshes skipped, interframe durs were:[20.4] and was these frames: [34]
185.3243 	DATA 	Mouse:  Left button up, pos=(746,762)
189.4342 	DATA 	Mouse: Left button down, pos=(649,500)
189.7587 	DEPRECATION 	trialnum=32 ERROR,1 frames were longer than 20.06 ms apparently screen refreshes skipped, interframe durs were:[20.4] and was these frames: [34]
189.7800 	DATA 	Mouse:  Left button up, pos=(649,500)
195.6299 	DATA 	Mouse: Left button down, pos=(462,136)
195.9703 	DATA 	Mouse:  Left button up, pos=(462,136)
201.0799 	DATA 	Mouse: Left button down, pos=(524,189)
201.4034 	DEPRECATION 	trialnum=34 ERROR,1 frames were longer than 20.06 ms apparently screen refreshes skipped, interframe durs were:[22.] and was these frames: [15]
201.4195 	DATA 	Mouse:  Left button up, pos=(524,189)
207.3795 	DATA 	Mouse: Left button down, pos=(1031,116)
207.7030 	DEPRECATION 	trialnum=35 ERROR,1 frames were longer than 20.06 ms apparently screen refreshes skipped, interframe durs were:[20.6] and was these frames: [14]
207.7212 	DATA 	Mouse:  Left button up, pos=(1031,116)
211.9024 	DATA 	Mouse: Left button down, pos=(1093,131)
212.2259 	DEPRECATION 	trialnum=36 ERROR,1 frames were longer than 20.06 ms apparently screen refreshes skipped, interframe durs were:[20.1] and was these frames: [30]
212.2469 	DATA 	Mouse:  Left button up, pos=(1093,131)
217.3015 	DATA 	Mouse: Left button down, pos=(593,303)
217.6256 	DEPRECATION 	trialnum=37 ERROR,1 frames were longer than 20.06 ms apparently screen refreshes skipped, interframe durs were:[20.2] and was these frames: [10]
217.6419 	DATA 	Mouse:  Left button up, pos=(593,303)
222.7009 	DATA 	Mouse: Left button down, pos=(335,640)
223.0257 	DEPRECATION 	trialnum=38 ERROR,1 frames were longer than 20.06 ms apparently screen refreshes skipped, interframe durs were:[20.6] and was these frames: [36]
223.0523 	DATA 	Mouse:  Left button up, pos=(335,640)
227.7467 	DATA 	Mouse: Left button down, pos=(898,117)
228.0867 	DATA 	Mouse:  Left button up, pos=(898,117)
232.0798 	DATA 	Mouse: Left button down, pos=(476,434)
232.4031 	DEPRECATION 	trialnum=40 ERROR,1 frames were longer than 20.06 ms apparently screen refreshes skipped, interframe durs were:[20.2] and was these frames: [6]
232.4216 	DATA 	Mouse:  Left button up, pos=(476,434)
237.4342 	DATA 	Mouse: Left button down, pos=(721,220)
237.7754 	DATA 	Mouse:  Left button up, pos=(721,221)
242.6349 	DATA 	Mouse: Left button down, pos=(619,560)
242.9586 	DEPRECATION 	trialnum=42 ERROR,1 frames were longer than 20.06 ms apparently screen refreshes skipped, interframe durs were:[20.3] and was these frames: [21]
242.9746 	DATA 	Mouse:  Left button up, pos=(619,560)
247.3678 	DATA 	Mouse: Left button down, pos=(934,510)
247.6910 	DEPRECATION 	trialnum=43 ERROR,1 frames were longer than 20.06 ms apparently screen refreshes skipped, interframe durs were:[20.5] and was these frames: [1]
247.7111 	DATA 	Mouse:  Left button up, pos=(934,510)
251.9793 	DATA 	Mouse: Left button down, pos=(218,95)
252.3043 	DEPRECATION 	trialnum=44 ERROR,1 frames were longer than 20.06 ms apparently screen refreshes skipped, interframe durs were:[20.5] and was these frames: [22]
252.3202 	DATA 	Mouse:  Left button up, pos=(218,95)
256.1842 	DATA 	Mouse: Left button down, pos=(562,528)
256.5270 	DATA 	Mouse:  Left button up, pos=(562,528)
261.1965 	DATA 	Mouse: Left button down, pos=(444,532)
261.5342 	DATA 	Mouse:  Left button up, pos=(444,532)
265.7958 	DATA 	Mouse: Left button down, pos=(314,735)
266.1366 	DATA 	Mouse:  Left button up, pos=(313,735)
270.5507 	DATA 	Mouse: Left button down, pos=(197,308)
270.8759 	DEPRECATION 	trialnum=48 ERROR,1 frames were longer than 20.06 ms apparently screen refreshes skipped, interframe durs were:[20.5] and was these frames: [1]
270.9001 	DATA 	Mouse:  Left button up, pos=(197,308)
274.7842 	DATA 	Mouse: Left button down, pos=(858,616)
275.1627 	DEPRECATION 	trialnum=49 ERROR,1 frames were longer than 20.06 ms apparently screen refreshes skipped, interframe durs were:[20.4] and was these frames: [15]
275.1866 	DATA 	Mouse:  Left button up, pos=(858,616)
280.1467 	DATA 	Mouse: Left button down, pos=(1255,474)
280.4713 	DEPRECATION 	trialnum=50 ERROR,1 frames were longer than 20.06 ms apparently screen refreshes skipped, interframe durs were:[20.2] and was these frames: [2]
280.4937 	DATA 	Mouse:  Left button up, pos=(1255,474)
284.6013 	DATA 	Mouse: Left button down, pos=(287,62)
284.9415 	DATA 	Mouse:  Left button up, pos=(287,62)
289.1680 	DATA 	Mouse: Left button down, pos=(1095,79)
289.4918 	DEPRECATION 	trialnum=52 ERROR,1 frames were longer than 20.06 ms apparently screen refreshes skipped, interframe durs were:[21.9] and was these frames: [19]
289.5074 	DATA 	Mouse:  Left button up, pos=(1095,79)
294.0468 	DATA 	Mouse: Left button down, pos=(1165,320)
294.3706 	DEPRECATION 	trialnum=53 ERROR,1 frames were longer than 20.06 ms apparently screen refreshes skipped, interframe durs were:[20.5] and was these frames: [23]
294.3852 	DATA 	Mouse:  Left button up, pos=(1165,320)
298.5509 	DATA 	Mouse: Left button down, pos=(280,87)
298.8920 	DATA 	Mouse:  Left button up, pos=(280,87)
303.0127 	DATA 	Mouse: Left button down, pos=(726,536)
303.3373 	DEPRECATION 	trialnum=55 ERROR,1 frames were longer than 20.06 ms apparently screen refreshes skipped, interframe durs were:[20.7] and was these frames: [39]
303.3599 	DATA 	Mouse:  Left button up, pos=(726,536)
307.8350 	DATA 	Mouse: Left button down, pos=(1214,190)
308.1597 	DEPRECATION 	trialnum=56 ERROR,2 frames were longer than 20.06 ms apparently screen refreshes skipped, interframe durs were:[20.7 20.4] and was these frames: [ 0 20]
308.1772 	DATA 	Mouse:  Left button up, pos=(1214,190)
314.0682 	DATA 	Mouse: Left button down, pos=(1106,752)
314.4085 	DATA 	Mouse:  Left button up, pos=(1106,752)
319.7468 	DATA 	Mouse: Left button down, pos=(1252,643)
320.0708 	DEPRECATION 	trialnum=58 ERROR,1 frames were longer than 20.06 ms apparently screen refreshes skipped, interframe durs were:[20.3] and was these frames: [31]
320.0937 	DATA 	Mouse:  Left button up, pos=(1253,642)
324.4644 	DATA 	Mouse: Left button down, pos=(612,114)
324.8040 	DATA 	Mouse:  Left button up, pos=(612,114)
328.7678 	DATA 	Mouse: Left button down, pos=(912,307)
329.0920 	DEPRECATION 	trialnum=60 ERROR,1 frames were longer than 20.06 ms apparently screen refreshes skipped, interframe durs were:[21.8] and was these frames: [18]
329.1084 	DATA 	Mouse:  Left button up, pos=(912,307)
334.2794 	DATA 	Mouse: Left button down, pos=(298,579)
334.6192 	DATA 	Mouse:  Left button up, pos=(298,579)
340.0139 	DATA 	Mouse: Left button down, pos=(369,143)
340.3380 	DEPRECATION 	trialnum=62 ERROR,1 frames were longer than 20.06 ms apparently screen refreshes skipped, interframe durs were:[20.1] and was these frames: [13]
340.3594 	DATA 	Mouse:  Left button up, pos=(369,144)
345.3515 	DATA 	Mouse: Left button down, pos=(1010,73)
345.6753 	DEPRECATION 	trialnum=63 ERROR,1 frames were longer than 20.06 ms apparently screen refreshes skipped, interframe durs were:[20.5] and was these frames: [24]
345.6918 	DATA 	Mouse:  Left button up, pos=(1010,73)
349.8012 	DATA 	Mouse: Left button down, pos=(627,305)
350.1254 	DEPRECATION 	trialnum=64 ERROR,1 frames were longer than 20.06 ms apparently screen refreshes skipped, interframe durs were:[22.] and was these frames: [17]
350.1420 	DATA 	Mouse:  Left button up, pos=(627,305)
354.5013 	DATA 	Mouse: Left button down, pos=(313,88)
354.8254 	DEPRECATION 	trialnum=65 ERROR,1 frames were longer than 20.06 ms apparently screen refreshes skipped, interframe durs were:[20.7] and was these frames: [12]
354.8551 	DATA 	Mouse:  Left button up, pos=(313,88)
360.2681 	DATA 	Mouse: Left button down, pos=(97,674)
360.5922 	DEPRECATION 	trialnum=66 ERROR,1 frames were longer than 20.06 ms apparently screen refreshes skipped, interframe durs were:[20.1] and was these frames: [10]
360.6089 	DATA 	Mouse:  Left button up, pos=(97,674)
366.1852 	DATA 	Mouse: Left button down, pos=(1037,448)
366.5258 	DEPRECATION 	trialnum=67 ERROR,1 frames were longer than 20.06 ms apparently screen refreshes skipped, interframe durs were:[20.5] and was these frames: [25]
366.5416 	DATA 	Mouse:  Left button up, pos=(1037,448)
371.5180 	DATA 	Mouse: Left button down, pos=(1256,308)
371.8576 	DATA 	Mouse:  Left button up, pos=(1256,308)
377.1465 	DATA 	Mouse: Left button down, pos=(566,711)
377.4707 	DEPRECATION 	trialnum=69 ERROR,1 frames were longer than 20.06 ms apparently screen refreshes skipped, interframe durs were:[20.3] and was these frames: [9]
377.4872 	DATA 	Mouse:  Left button up, pos=(566,711)
382.5191 	DATA 	Mouse: Left button down, pos=(353,559)
382.8418 	DEPRECATION 	trialnum=70 ERROR,1 frames were longer than 20.06 ms apparently screen refreshes skipped, interframe durs were:[20.3] and was these frames: [4]
382.8604 	DATA 	Mouse:  Left button up, pos=(353,559)
387.3638 	DATA 	Mouse: Left button down, pos=(690,608)
387.6889 	DEPRECATION 	trialnum=71 ERROR,1 frames were longer than 20.06 ms apparently screen refreshes skipped, interframe durs were:[20.4] and was these frames: [19]
387.7042 	DATA 	Mouse:  Left button up, pos=(690,608)
393.1131 	DATA 	Mouse: Left button down, pos=(1207,101)
393.4383 	DEPRECATION 	trialnum=72 ERROR,1 frames were longer than 20.06 ms apparently screen refreshes skipped, interframe durs were:[20.4] and was these frames: [10]
393.4552 	DATA 	Mouse:  Left button up, pos=(1207,101)
398.3510 	DATA 	Mouse: Left button down, pos=(335,730)
398.6757 	DEPRECATION 	trialnum=73 ERROR,1 frames were longer than 20.06 ms apparently screen refreshes skipped, interframe durs were:[20.7] and was these frames: [3]
398.6930 	DATA 	Mouse:  Left button up, pos=(335,730)
403.9233 	DATA 	Mouse: Left button down, pos=(958,369)
404.2412 	DEPRECATION 	trialnum=74 ERROR,1 frames were longer than 20.06 ms apparently screen refreshes skipped, interframe durs were:[20.6] and was these frames: [8]
404.2603 	DATA 	Mouse:  Left button up, pos=(958,369)
409.0346 	DATA 	Mouse: Left button down, pos=(1082,217)
409.3860 	DATA 	Mouse:  Left button up, pos=(1082,217)
414.5185 	DATA 	Mouse: Left button down, pos=(1008,471)
414.8746 	DATA 	Mouse:  Left button up, pos=(1007,471)
419.7175 	DATA 	Mouse: Left button down, pos=(1132,265)
420.0659 	DATA 	Mouse:  Left button up, pos=(1132,265)
425.2469 	DATA 	Mouse: Left button down, pos=(510,664)
425.5715 	DEPRECATION 	trialnum=78 ERROR,1 frames were longer than 20.06 ms apparently screen refreshes skipped, interframe durs were:[20.4] and was these frames: [11]
425.5871 	DATA 	Mouse:  Left button up, pos=(510,664)
430.5464 	DATA 	Mouse: Left button down, pos=(967,316)
430.8714 	DEPRECATION 	trialnum=79 ERROR,1 frames were longer than 20.06 ms apparently screen refreshes skipped, interframe durs were:[20.5] and was these frames: [39]
430.8869 	DATA 	Mouse:  Left button up, pos=(966,316)
435.3300 	DATA 	Mouse: Left button down, pos=(975,668)
435.6545 	DEPRECATION 	trialnum=80 ERROR,2 frames were longer than 20.06 ms apparently screen refreshes skipped, interframe durs were:[20.5 20.3] and was these frames: [0 5]
435.6690 	DATA 	Mouse:  Left button up, pos=(975,668)
440.2344 	DATA 	Mouse: Left button down, pos=(910,308)
440.5575 	DEPRECATION 	trialnum=81 ERROR,1 frames were longer than 20.06 ms apparently screen refreshes skipped, interframe durs were:[20.7] and was these frames: [31]
440.5775 	DATA 	Mouse:  Left button up, pos=(910,308)
445.6339 	DATA 	Mouse: Left button down, pos=(1170,702)
445.9742 	DATA 	Mouse:  Left button up, pos=(1170,702)
450.0452 	DATA 	Mouse: Left button down, pos=(289,524)
450.3704 	DEPRECATION 	trialnum=83 ERROR,1 frames were longer than 20.06 ms apparently screen refreshes skipped, interframe durs were:[20.3] and was these frames: [11]
450.3929 	DATA 	Mouse:  Left button up, pos=(289,524)
455.6303 	DATA 	Mouse: Left button down, pos=(180,543)
455.9541 	DEPRECATION 	trialnum=84 ERROR,1 frames were longer than 20.06 ms apparently screen refreshes skipped, interframe durs were:[20.6] and was these frames: [0]
455.9716 	DATA 	Mouse:  Left button up, pos=(180,543)
460.7023 	DATA 	Mouse: Left button down, pos=(1156,394)
461.0364 	DATA 	Mouse:  Left button up, pos=(1156,395)
466.4630 	DATA 	Mouse: Left button down, pos=(558,664)
466.8033 	DATA 	Mouse:  Left button up, pos=(558,664)
471.7685 	DATA 	Mouse: Left button down, pos=(1110,189)
472.1083 	DATA 	Mouse:  Left button up, pos=(1110,189)
477.3304 	DATA 	Mouse: Left button down, pos=(859,341)
477.6718 	DATA 	Mouse:  Left button up, pos=(859,341)
483.0613 	DATA 	Mouse: Left button down, pos=(195,357)
483.3960 	DATA 	Mouse:  Left button up, pos=(195,357)
488.1512 	DATA 	Mouse: Left button down, pos=(422,365)
488.4930 	DATA 	Mouse:  Left button up, pos=(422,365)
492.2809 	DATA 	Mouse: Left button down, pos=(1082,831)
492.6233 	DATA 	Mouse:  Left button up, pos=(1082,831)
497.2852 	DATA 	Mouse: Left button down, pos=(114,567)
497.6252 	DATA 	Mouse:  Left button up, pos=(114,567)
501.9973 	DATA 	Mouse: Left button down, pos=(643,93)
502.3237 	DEPRECATION 	trialnum=93 ERROR,1 frames were longer than 20.06 ms apparently screen refreshes skipped, interframe durs were:[28.3] and was these frames: [20]
502.3494 	DATA 	Mouse:  Left button up, pos=(643,93)
508.1852 	DATA 	Mouse: Left button down, pos=(1054,244)
508.5090 	DEPRECATION 	trialnum=94 ERROR,1 frames were longer than 20.06 ms apparently screen refreshes skipped, interframe durs were:[20.6] and was these frames: [33]
508.5245 	DATA 	Mouse:  Left button up, pos=(1055,243)
513.0188 	DATA 	Mouse: Left button down, pos=(164,351)
513.3421 	DEPRECATION 	trialnum=95 ERROR,1 frames were longer than 20.06 ms apparently screen refreshes skipped, interframe durs were:[20.4] and was these frames: [19]
513.3594 	DATA 	Mouse:  Left button up, pos=(164,351)
518.8684 	DATA 	Mouse: Left button down, pos=(256,319)
519.2088 	DATA 	Mouse:  Left button up, pos=(256,319)
524.6472 	DATA 	Mouse: Left button down, pos=(422,87)
524.9885 	DATA 	Mouse:  Left button up, pos=(422,87)
529.9683 	DATA 	Mouse: Left button down, pos=(1113,92)
530.3103 	DATA 	Mouse:  Left button up, pos=(1113,92)
535.6686 	DATA 	Mouse: Left button down, pos=(399,78)
535.9982 	DATA 	Mouse:  Left button up, pos=(399,78)
11.4720 	WARNING 	User requested fullscreen with size [2880 1800], but screen is actually [1440, 900]. Using actual size
16.8723 	DATA 	Keypress: y
19.9131 	WARNING 	t of last frame was 21.70ms (=1/46)
22.6501 	DATA 	Mouse: Left button down, pos=(94,254)
22.9783 	DEPRECATION 	trialnum=0 ERROR,1 frames were longer than 20.06 ms apparently screen refreshes skipped, interframe durs were:[21.7] and was these frames: [12]
22.9995 	DATA 	Mouse:  Left button up, pos=(94,254)
27.2001 	DATA 	Mouse: Left button down, pos=(734,555)
27.5428 	DATA 	Mouse:  Left button up, pos=(734,555)
32.6180 	DATA 	Mouse: Left button down, pos=(173,565)
32.9611 	DATA 	Mouse:  Left button up, pos=(173,565)
38.6301 	DATA 	Mouse: Left button down, pos=(847,261)
38.9686 	DATA 	Mouse:  Left button up, pos=(847,261)
40.9133 	WARNING 	t of last frame was 21.81ms (=1/45)
42.8182 	DATA 	Mouse: Left button down, pos=(936,520)
43.1409 	DEPRECATION 	trialnum=4 ERROR,1 frames were longer than 20.06 ms apparently screen refreshes skipped, interframe durs were:[21.8] and was these frames: [17]
43.1589 	DATA 	Mouse:  Left button up, pos=(936,520)
47.3169 	DATA 	Mouse: Left button down, pos=(861,703)
47.6582 	DATA 	Mouse:  Left button up, pos=(861,703)
51.6630 	DATA 	Mouse: Left button down, pos=(639,645)
52.0038 	DATA 	Mouse:  Left button up, pos=(639,645)
57.2966 	DATA 	Mouse: Left button down, pos=(656,410)
57.6507 	DATA 	Mouse:  Left button up, pos=(656,410)
59.9134 	WARNING 	t of last frame was 20.15ms (=1/49)
61.6174 	DATA 	Mouse: Left button down, pos=(886,591)
61.9412 	DEPRECATION 	trialnum=8 ERROR,1 frames were longer than 20.06 ms apparently screen refreshes skipped, interframe durs were:[20.1] and was these frames: [28]
61.9581 	DATA 	Mouse:  Left button up, pos=(886,591)
64.9133 	WARNING 	t of last frame was 20.15ms (=1/49)
66.9837 	DATA 	Mouse: Left button down, pos=(1169,708)
67.3076 	DEPRECATION 	trialnum=9 ERROR,1 frames were longer than 20.06 ms apparently screen refreshes skipped, interframe durs were:[20.2] and was these frames: [33]
67.3236 	DATA 	Mouse:  Left button up, pos=(1169,708)
69.9133 	WARNING 	Multiple dropped frames have occurred - I'll stop bothering you about them!
72.0506 	DATA 	Mouse: Left button down, pos=(400,461)
72.3750 	DEPRECATION 	trialnum=10 ERROR,1 frames were longer than 20.06 ms apparently screen refreshes skipped, interframe durs were:[20.1] and was these frames: [10]
72.3936 	DATA 	Mouse:  Left button up, pos=(400,461)
78.2293 	DATA 	Mouse: Left button down, pos=(1049,158)
78.5524 	DEPRECATION 	trialnum=11 ERROR,1 frames were longer than 20.06 ms apparently screen refreshes skipped, interframe durs were:[20.4] and was these frames: [10]
78.5714 	DATA 	Mouse:  Left button up, pos=(1049,158)
83.5677 	DATA 	Mouse: Left button down, pos=(352,451)
83.9079 	DATA 	Mouse:  Left button up, pos=(352,451)
88.2456 	DATA 	Mouse: Left button down, pos=(205,419)
88.5702 	DEPRECATION 	trialnum=13 ERROR,1 frames were longer than 20.06 ms apparently screen refreshes skipped, interframe durs were:[20.3] and was these frames: [3]
88.5929 	DATA 	Mouse:  Left button up, pos=(205,419)
93.4178 	DATA 	Mouse: Left button down, pos=(1175,560)
93.7585 	DATA 	Mouse:  Left button up, pos=(1175,560)
99.1294 	DATA 	Mouse: Left button down, pos=(1140,72)
99.4528 	DEPRECATION 	trialnum=15 ERROR,1 frames were longer than 20.06 ms apparently screen refreshes skipped, interframe durs were:[20.2] and was these frames: [15]
99.4686 	DATA 	Mouse:  Left button up, pos=(1140,72)
104.4335 	DATA 	Mouse: Left button down, pos=(465,727)
104.7734 	DATA 	Mouse:  Left button up, pos=(465,727)
108.8132 	DATA 	Mouse: Left button down, pos=(633,497)
109.1527 	DEPRECATION 	trialnum=17 ERROR,1 frames were longer than 20.06 ms apparently screen refreshes skipped, interframe durs were:[20.4] and was these frames: [9]
109.1720 	DATA 	Mouse:  Left button up, pos=(633,497)
113.3961 	DATA 	Mouse: Left button down, pos=(323,355)
113.7417 	DATA 	Mouse:  Left button up, pos=(323,355)
119.4123 	DATA 	Mouse: Left button down, pos=(983,86)
119.7535 	DATA 	Mouse:  Left button up, pos=(983,86)
125.1686 	DATA 	Mouse: Left button down, pos=(1088,732)
125.4912 	DEPRECATION 	trialnum=20 ERROR,1 frames were longer than 20.06 ms apparently screen refreshes skipped, interframe durs were:[20.3] and was these frames: [12]
125.5066 	DATA 	Mouse:  Left button up, pos=(1088,732)
130.0844 	DATA 	Mouse: Left button down, pos=(1006,177)
130.4081 	DEPRECATION 	trialnum=21 ERROR,1 frames were longer than 20.06 ms apparently screen refreshes skipped, interframe durs were:[20.1] and was these frames: [38]
130.4313 	DATA 	Mouse:  Left button up, pos=(1006,177)
134.9635 	DATA 	Mouse: Left button down, pos=(1111,289)
135.2876 	DEPRECATION 	trialnum=22 ERROR,1 frames were longer than 20.06 ms apparently screen refreshes skipped, interframe durs were:[20.4] and was these frames: [16]
135.3052 	DATA 	Mouse:  Left button up, pos=(1111,289)
140.7959 	DATA 	Mouse: Left button down, pos=(782,220)
141.1201 	DEPRECATION 	trialnum=23 ERROR,1 frames were longer than 20.06 ms apparently screen refreshes skipped, interframe durs were:[20.3] and was these frames: [29]
141.1358 	DATA 	Mouse:  Left button up, pos=(782,220)
146.0178 	DATA 	Mouse: Left button down, pos=(580,606)
146.3585 	DATA 	Mouse:  Left button up, pos=(580,606)
151.6294 	DATA 	Mouse: Left button down, pos=(974,386)
151.9529 	DEPRECATION 	trialnum=25 ERROR,1 frames were longer than 20.06 ms apparently screen refreshes skipped, interframe durs were:[20.6] and was these frames: [39]
151.9709 	DATA 	Mouse:  Left button up, pos=(974,386)
157.0014 	DATA 	Mouse: Left button down, pos=(677,271)
157.3252 	DEPRECATION 	trialnum=26 ERROR,2 frames were longer than 20.06 ms apparently screen refreshes skipped, interframe durs were:[20.6 20.2] and was these frames: [ 0 15]
157.3421 	DATA 	Mouse:  Left button up, pos=(677,271)
162.1472 	DATA 	Mouse: Left button down, pos=(438,676)
162.5021 	DATA 	Mouse:  Left button up, pos=(438,676)
167.5297 	DATA 	Mouse: Left button down, pos=(639,254)
167.8538 	DEPRECATION 	trialnum=28 ERROR,1 frames were longer than 20.06 ms apparently screen refreshes skipped, interframe durs were:[20.2] and was these frames: [30]
167.8768 	DATA 	Mouse:  Left button up, pos=(639,254)
173.1294 	DATA 	Mouse: Left button down, pos=(951,145)
173.4535 	DEPRECATION 	trialnum=29 ERROR,1 frames were longer than 20.06 ms apparently screen refreshes skipped, interframe durs were:[20.3] and was these frames: [21]
173.4703 	DATA 	Mouse:  Left button up, pos=(951,145)
178.7682 	DATA 	Mouse: Left button down, pos=(563,661)
179.1113 	DATA 	Mouse:  Left button up, pos=(563,661)
184.9849 	DATA 	Mouse: Left button down, pos=(746,762)
185.3084 	DEPRECATION 	trialnum=31 ERROR,1 frames were longer than 20.06 ms apparently screen refreshes skipped, interframe durs were:[20.4] and was these frames: [34]
185.3243 	DATA 	Mouse:  Left button up, pos=(746,762)
189.4342 	DATA 	Mouse: Left button down, pos=(649,500)
189.7587 	DEPRECATION 	trialnum=32 ERROR,1 frames were longer than 20.06 ms apparently screen refreshes skipped, interframe durs were:[20.4] and was these frames: [34]
189.7800 	DATA 	Mouse:  Left button up, pos=(649,500)
195.6299 	DATA 	Mouse: Left button down, pos=(462,136)
195.9703 	DATA 	Mouse:  Left button up, pos=(462,136)
201.0799 	DATA 	Mouse: Left button down, pos=(524,189)
201.4034 	DEPRECATION 	trialnum=34 ERROR,1 frames were longer than 20.06 ms apparently screen refreshes skipped, interframe durs were:[22.] and was these frames: [15]
201.4195 	DATA 	Mouse:  Left button up, pos=(524,189)
207.3795 	DATA 	Mouse: Left button down, pos=(1031,116)
207.7030 	DEPRECATION 	trialnum=35 ERROR,1 frames were longer than 20.06 ms apparently screen refreshes skipped, interframe durs were:[20.6] and was these frames: [14]
207.7212 	DATA 	Mouse:  Left button up, pos=(1031,116)
211.9024 	DATA 	Mouse: Left button down, pos=(1093,131)
212.2259 	DEPRECATION 	trialnum=36 ERROR,1 frames were longer than 20.06 ms apparently screen refreshes skipped, interframe durs were:[20.1] and was these frames: [30]
212.2469 	DATA 	Mouse:  Left button up, pos=(1093,131)
217.3015 	DATA 	Mouse: Left button down, pos=(593,303)
217.6256 	DEPRECATION 	trialnum=37 ERROR,1 frames were longer than 20.06 ms apparently screen refreshes skipped, interframe durs were:[20.2] and was these frames: [10]
217.6419 	DATA 	Mouse:  Left button up, pos=(593,303)
222.7009 	DATA 	Mouse: Left button down, pos=(335,640)
223.0257 	DEPRECATION 	trialnum=38 ERROR,1 frames were longer than 20.06 ms apparently screen refreshes skipped, interframe durs were:[20.6] and was these frames: [36]
223.0523 	DATA 	Mouse:  Left button up, pos=(335,640)
227.7467 	DATA 	Mouse: Left button down, pos=(898,117)
228.0867 	DATA 	Mouse:  Left button up, pos=(898,117)
232.0798 	DATA 	Mouse: Left button down, pos=(476,434)
232.4031 	DEPRECATION 	trialnum=40 ERROR,1 frames were longer than 20.06 ms apparently screen refreshes skipped, interframe durs were:[20.2] and was these frames: [6]
232.4216 	DATA 	Mouse:  Left button up, pos=(476,434)
237.4342 	DATA 	Mouse: Left button down, pos=(721,220)
237.7754 	DATA 	Mouse:  Left button up, pos=(721,221)
242.6349 	DATA 	Mouse: Left button down, pos=(619,560)
242.9586 	DEPRECATION 	trialnum=42 ERROR,1 frames were longer than 20.06 ms apparently screen refreshes skipped, interframe durs were:[20.3] and was these frames: [21]
242.9746 	DATA 	Mouse:  Left button up, pos=(619,560)
247.3678 	DATA 	Mouse: Left button down, pos=(934,510)
247.6910 	DEPRECATION 	trialnum=43 ERROR,1 frames were longer than 20.06 ms apparently screen refreshes skipped, interframe durs were:[20.5] and was these frames: [1]
247.7111 	DATA 	Mouse:  Left button up, pos=(934,510)
251.9793 	DATA 	Mouse: Left button down, pos=(218,95)
252.3043 	DEPRECATION 	trialnum=44 ERROR,1 frames were longer than 20.06 ms apparently screen refreshes skipped, interframe durs were:[20.5] and was these frames: [22]
252.3202 	DATA 	Mouse:  Left button up, pos=(218,95)
256.1842 	DATA 	Mouse: Left button down, pos=(562,528)
256.5270 	DATA 	Mouse:  Left button up, pos=(562,528)
261.1965 	DATA 	Mouse: Left button down, pos=(444,532)
261.5342 	DATA 	Mouse:  Left button up, pos=(444,532)
265.7958 	DATA 	Mouse: Left button down, pos=(314,735)
266.1366 	DATA 	Mouse:  Left button up, pos=(313,735)
270.5507 	DATA 	Mouse: Left button down, pos=(197,308)
270.8759 	DEPRECATION 	trialnum=48 ERROR,1 frames were longer than 20.06 ms apparently screen refreshes skipped, interframe durs were:[20.5] and was these frames: [1]
270.9001 	DATA 	Mouse:  Left button up, pos=(197,308)
274.7842 	DATA 	Mouse: Left button down, pos=(858,616)
275.1627 	DEPRECATION 	trialnum=49 ERROR,1 frames were longer than 20.06 ms apparently screen refreshes skipped, interframe durs were:[20.4] and was these frames: [15]
275.1866 	DATA 	Mouse:  Left button up, pos=(858,616)
280.1467 	DATA 	Mouse: Left button down, pos=(1255,474)
280.4713 	DEPRECATION 	trialnum=50 ERROR,1 frames were longer than 20.06 ms apparently screen refreshes skipped, interframe durs were:[20.2] and was these frames: [2]
280.4937 	DATA 	Mouse:  Left button up, pos=(1255,474)
284.6013 	DATA 	Mouse: Left button down, pos=(287,62)
284.9415 	DATA 	Mouse:  Left button up, pos=(287,62)
289.1680 	DATA 	Mouse: Left button down, pos=(1095,79)
289.4918 	DEPRECATION 	trialnum=52 ERROR,1 frames were longer than 20.06 ms apparently screen refreshes skipped, interframe durs were:[21.9] and was these frames: [19]
289.5074 	DATA 	Mouse:  Left button up, pos=(1095,79)
294.0468 	DATA 	Mouse: Left button down, pos=(1165,320)
294.3706 	DEPRECATION 	trialnum=53 ERROR,1 frames were longer than 20.06 ms apparently screen refreshes skipped, interframe durs were:[20.5] and was these frames: [23]
294.3852 	DATA 	Mouse:  Left button up, pos=(1165,320)
298.5509 	DATA 	Mouse: Left button down, pos=(280,87)
298.8920 	DATA 	Mouse:  Left button up, pos=(280,87)
303.0127 	DATA 	Mouse: Left button down, pos=(726,536)
303.3373 	DEPRECATION 	trialnum=55 ERROR,1 frames were longer than 20.06 ms apparently screen refreshes skipped, interframe durs were:[20.7] and was these frames: [39]
303.3599 	DATA 	Mouse:  Left button up, pos=(726,536)
307.8350 	DATA 	Mouse: Left button down, pos=(1214,190)
308.1597 	DEPRECATION 	trialnum=56 ERROR,2 frames were longer than 20.06 ms apparently screen refreshes skipped, interframe durs were:[20.7 20.4] and was these frames: [ 0 20]
308.1772 	DATA 	Mouse:  Left button up, pos=(1214,190)
314.0682 	DATA 	Mouse: Left button down, pos=(1106,752)
314.4085 	DATA 	Mouse:  Left button up, pos=(1106,752)
319.7468 	DATA 	Mouse: Left button down, pos=(1252,643)
320.0708 	DEPRECATION 	trialnum=58 ERROR,1 frames were longer than 20.06 ms apparently screen refreshes skipped, interframe durs were:[20.3] and was these frames: [31]
320.0937 	DATA 	Mouse:  Left button up, pos=(1253,642)
324.4644 	DATA 	Mouse: Left button down, pos=(612,114)
324.8040 	DATA 	Mouse:  Left button up, pos=(612,114)
328.7678 	DATA 	Mouse: Left button down, pos=(912,307)
329.0920 	DEPRECATION 	trialnum=60 ERROR,1 frames were longer than 20.06 ms apparently screen refreshes skipped, interframe durs were:[21.8] and was these frames: [18]
329.1084 	DATA 	Mouse:  Left button up, pos=(912,307)
334.2794 	DATA 	Mouse: Left button down, pos=(298,579)
334.6192 	DATA 	Mouse:  Left button up, pos=(298,579)
340.0139 	DATA 	Mouse: Left button down, pos=(369,143)
340.3380 	DEPRECATION 	trialnum=62 ERROR,1 frames were longer than 20.06 ms apparently screen refreshes skipped, interframe durs were:[20.1] and was these frames: [13]
340.3594 	DATA 	Mouse:  Left button up, pos=(369,144)
345.3515 	DATA 	Mouse: Left button down, pos=(1010,73)
345.6753 	DEPRECATION 	trialnum=63 ERROR,1 frames were longer than 20.06 ms apparently screen refreshes skipped, interframe durs were:[20.5] and was these frames: [24]
345.6918 	DATA 	Mouse:  Left button up, pos=(1010,73)
349.8012 	DATA 	Mouse: Left button down, pos=(627,305)
350.1254 	DEPRECATION 	trialnum=64 ERROR,1 frames were longer than 20.06 ms apparently screen refreshes skipped, interframe durs were:[22.] and was these frames: [17]
350.1420 	DATA 	Mouse:  Left button up, pos=(627,305)
354.5013 	DATA 	Mouse: Left button down, pos=(313,88)
354.8254 	DEPRECATION 	trialnum=65 ERROR,1 frames were longer than 20.06 ms apparently screen refreshes skipped, interframe durs were:[20.7] and was these frames: [12]
354.8551 	DATA 	Mouse:  Left button up, pos=(313,88)
360.2681 	DATA 	Mouse: Left button down, pos=(97,674)
360.5922 	DEPRECATION 	trialnum=66 ERROR,1 frames were longer than 20.06 ms apparently screen refreshes skipped, interframe durs were:[20.1] and was these frames: [10]
360.6089 	DATA 	Mouse:  Left button up, pos=(97,674)
366.1852 	DATA 	Mouse: Left button down, pos=(1037,448)
366.5258 	DEPRECATION 	trialnum=67 ERROR,1 frames were longer than 20.06 ms apparently screen refreshes skipped, interframe durs were:[20.5] and was these frames: [25]
366.5416 	DATA 	Mouse:  Left button up, pos=(1037,448)
371.5180 	DATA 	Mouse: Left button down, pos=(1256,308)
371.8576 	DATA 	Mouse:  Left button up, pos=(1256,308)
377.1465 	DATA 	Mouse: Left button down, pos=(566,711)
377.4707 	DEPRECATION 	trialnum=69 ERROR,1 frames were longer than 20.06 ms apparently screen refreshes skipped, interframe durs were:[20.3] and was these frames: [9]
377.4872 	DATA 	Mouse:  Left button up, pos=(566,711)
382.5191 	DATA 	Mouse: Left button down, pos=(353,559)
382.8418 	DEPRECATION 	trialnum=70 ERROR,1 frames were longer than 20.06 ms apparently screen refreshes skipped, interframe durs were:[20.3] and was these frames: [4]
382.8604 	DATA 	Mouse:  Left button up, pos=(353,559)
387.3638 	DATA 	Mouse: Left button down, pos=(690,608)
387.6889 	DEPRECATION 	trialnum=71 ERROR,1 frames were longer than 20.06 ms apparently screen refreshes skipped, interframe durs were:[20.4] and was these frames: [19]
387.7042 	DATA 	Mouse:  Left button up, pos=(690,608)
393.1131 	DATA 	Mouse: Left button down, pos=(1207,101)
393.4383 	DEPRECATION 	trialnum=72 ERROR,1 frames were longer than 20.06 ms apparently screen refreshes skipped, interframe durs were:[20.4] and was these frames: [10]
393.4552 	DATA 	Mouse:  Left button up, pos=(1207,101)
398.3510 	DATA 	Mouse: Left button down, pos=(335,730)
398.6757 	DEPRECATION 	trialnum=73 ERROR,1 frames were longer than 20.06 ms apparently screen refreshes skipped, interframe durs were:[20.7] and was these frames: [3]
398.6930 	DATA 	Mouse:  Left button up, pos=(335,730)
403.9233 	DATA 	Mouse: Left button down, pos=(958,369)
404.2412 	DEPRECATION 	trialnum=74 ERROR,1 frames were longer than 20.06 ms apparently screen refreshes skipped, interframe durs were:[20.6] and was these frames: [8]
404.2603 	DATA 	Mouse:  Left button up, pos=(958,369)
409.0346 	DATA 	Mouse: Left button down, pos=(1082,217)
409.3860 	DATA 	Mouse:  Left button up, pos=(1082,217)
414.5185 	DATA 	Mouse: Left button down, pos=(1008,471)
414.8746 	DATA 	Mouse:  Left button up, pos=(1007,471)
419.7175 	DATA 	Mouse: Left button down, pos=(1132,265)
420.0659 	DATA 	Mouse:  Left button up, pos=(1132,265)
425.2469 	DATA 	Mouse: Left button down, pos=(510,664)
425.5715 	DEPRECATION 	trialnum=78 ERROR,1 frames were longer than 20.06 ms apparently screen refreshes skipped, interframe durs were:[20.4] and was these frames: [11]
425.5871 	DATA 	Mouse:  Left button up, pos=(510,664)
430.5464 	DATA 	Mouse: Left button down, pos=(967,316)
430.8714 	DEPRECATION 	trialnum=79 ERROR,1 frames were longer than 20.06 ms apparently screen refreshes skipped, interframe durs were:[20.5] and was these frames: [39]
430.8869 	DATA 	Mouse:  Left button up, pos=(966,316)
435.3300 	DATA 	Mouse: Left button down, pos=(975,668)
435.6545 	DEPRECATION 	trialnum=80 ERROR,2 frames were longer than 20.06 ms apparently screen refreshes skipped, interframe durs were:[20.5 20.3] and was these frames: [0 5]
435.6690 	DATA 	Mouse:  Left button up, pos=(975,668)
440.2344 	DATA 	Mouse: Left button down, pos=(910,308)
440.5575 	DEPRECATION 	trialnum=81 ERROR,1 frames were longer than 20.06 ms apparently screen refreshes skipped, interframe durs were:[20.7] and was these frames: [31]
440.5775 	DATA 	Mouse:  Left button up, pos=(910,308)
445.6339 	DATA 	Mouse: Left button down, pos=(1170,702)
445.9742 	DATA 	Mouse:  Left button up, pos=(1170,702)
450.0452 	DATA 	Mouse: Left button down, pos=(289,524)
450.3704 	DEPRECATION 	trialnum=83 ERROR,1 frames were longer than 20.06 ms apparently screen refreshes skipped, interframe durs were:[20.3] and was these frames: [11]
450.3929 	DATA 	Mouse:  Left button up, pos=(289,524)
455.6303 	DATA 	Mouse: Left button down, pos=(180,543)
455.9541 	DEPRECATION 	trialnum=84 ERROR,1 frames were longer than 20.06 ms apparently screen refreshes skipped, interframe durs were:[20.6] and was these frames: [0]
455.9716 	DATA 	Mouse:  Left button up, pos=(180,543)
460.7023 	DATA 	Mouse: Left button down, pos=(1156,394)
461.0364 	DATA 	Mouse:  Left button up, pos=(1156,395)
466.4630 	DATA 	Mouse: Left button down, pos=(558,664)
466.8033 	DATA 	Mouse:  Left button up, pos=(558,664)
471.7685 	DATA 	Mouse: Left button down, pos=(1110,189)
472.1083 	DATA 	Mouse:  Left button up, pos=(1110,189)
477.3304 	DATA 	Mouse: Left button down, pos=(859,341)
477.6718 	DATA 	Mouse:  Left button up, pos=(859,341)
483.0613 	DATA 	Mouse: Left button down, pos=(195,357)
483.3960 	DATA 	Mouse:  Left button up, pos=(195,357)
488.1512 	DATA 	Mouse: Left button down, pos=(422,365)
488.4930 	DATA 	Mouse:  Left button up, pos=(422,365)
492.2809 	DATA 	Mouse: Left button down, pos=(1082,831)
492.6233 	DATA 	Mouse:  Left button up, pos=(1082,831)
497.2852 	DATA 	Mouse: Left button down, pos=(114,567)
497.6252 	DATA 	Mouse:  Left button up, pos=(114,567)
501.9973 	DATA 	Mouse: Left button down, pos=(643,93)
502.3237 	DEPRECATION 	trialnum=93 ERROR,1 frames were longer than 20.06 ms apparently screen refreshes skipped, interframe durs were:[28.3] and was these frames: [20]
502.3494 	DATA 	Mouse:  Left button up, pos=(643,93)
508.1852 	DATA 	Mouse: Left button down, pos=(1054,244)
508.5090 	DEPRECATION 	trialnum=94 ERROR,1 frames were longer than 20.06 ms apparently screen refreshes skipped, interframe durs were:[20.6] and was these frames: [33]
508.5245 	DATA 	Mouse:  Left button up, pos=(1055,243)
513.0188 	DATA 	Mouse: Left button down, pos=(164,351)
513.3421 	DEPRECATION 	trialnum=95 ERROR,1 frames were longer than 20.06 ms apparently screen refreshes skipped, interframe durs were:[20.4] and was these frames: [19]
513.3594 	DATA 	Mouse:  Left button up, pos=(164,351)
518.8684 	DATA 	Mouse: Left button down, pos=(256,319)
519.2088 	DATA 	Mouse:  Left button up, pos=(256,319)
524.6472 	DATA 	Mouse: Left button down, pos=(422,87)
524.9885 	DATA 	Mouse:  Left button up, pos=(422,87)
529.9683 	DATA 	Mouse: Left button down, pos=(1113,92)
530.3103 	DATA 	Mouse:  Left button up, pos=(1113,92)
535.6686 	DATA 	Mouse: Left button down, pos=(399,78)
535.9982 	DATA 	Mouse:  Left button up, pos=(399,78)
