11.7048 	WARNING 	User requested fullscreen with size [3360 2100], but screen is actually [1680, 1050]. Using actual size
16.4191 	DATA 	Keypress: space
17.1337 	DATA 	Keypress: space
29.2654 	DATA 	Mouse: Left button down, pos=(1155,766)
29.5867 	ERROR 	trialnum=0 ERROR,20 frames were longer than 20.02 ms apparently screen refreshes skipped, interframe durs were:[25.4 25.4 25.4 25.4 25.5 25.5 25.5 25.5 25.5 25.5 25.6 25.6 25.6 25.6
 25.6 25.6 25.7 25.7 25.7 25.7] and was these frames: [ 0  1  2  3  4  5  6  7  8  9 10 11 12 13 14 15 16 17 18 19]
29.5921 	DATA 	Mouse:  Left button up, pos=(1155,766)
41.1152 	DATA 	Mouse: Left button down, pos=(1052,873)
41.4349 	ERROR 	trialnum=1 ERROR,20 frames were longer than 20.02 ms apparently screen refreshes skipped, interframe durs were:[40.8 40.8 40.8 40.9 40.9 40.9 40.9 40.9 40.9 41.  41.  41.  41.  41.
 41.  41.1 41.1 41.1 41.1 41.1] and was these frames: [ 0  1  2  3  4  5  6  7  8  9 10 11 12 13 14 15 16 17 18 19]
41.4387 	DATA 	Mouse:  Left button up, pos=(1052,873)
52.9988 	DATA 	Mouse: Left button down, pos=(914,219)
53.3195 	ERROR 	trialnum=2 ERROR,20 frames were longer than 20.02 ms apparently screen refreshes skipped, interframe durs were:[52.7 52.7 52.7 52.7 52.8 52.8 52.8 52.8 52.8 52.8 52.9 52.9 52.9 52.9
 52.9 52.9 53.  53.  53.  53. ] and was these frames: [ 0  1  2  3  4  5  6  7  8  9 10 11 12 13 14 15 16 17 18 19]
53.3246 	DATA 	Mouse:  Left button up, pos=(914,219)
66.8341 	DATA 	Mouse: Left button down, pos=(1209,930)
67.1530 	ERROR 	trialnum=3 ERROR,20 frames were longer than 20.02 ms apparently screen refreshes skipped, interframe durs were:[66.5 66.5 66.6 66.6 66.6 66.6 66.6 66.6 66.7 66.7 66.7 66.7 66.7 66.7
 66.8 66.8 66.8 66.8 66.8 66.8] and was these frames: [ 0  1  2  3  4  5  6  7  8  9 10 11 12 13 14 15 16 17 18 19]
67.1581 	DATA 	Mouse:  Left button up, pos=(1209,930)
78.7343 	DATA 	Mouse: Left button down, pos=(1298,845)
79.0523 	ERROR 	trialnum=4 ERROR,20 frames were longer than 20.02 ms apparently screen refreshes skipped, interframe durs were:[78.4 78.4 78.5 78.5 78.5 78.5 78.5 78.5 78.6 78.6 78.6 78.6 78.6 78.6
 78.7 78.7 78.7 78.7 78.7 78.7] and was these frames: [ 0  1  2  3  4  5  6  7  8  9 10 11 12 13 14 15 16 17 18 19]
79.0573 	DATA 	Mouse:  Left button up, pos=(1298,845)
90.1821 	DATA 	Mouse: Left button down, pos=(350,807)
90.5028 	ERROR 	trialnum=5 ERROR,20 frames were longer than 20.02 ms apparently screen refreshes skipped, interframe durs were:[89.9 89.9 89.9 89.9 89.9 90.  90.  90.  90.  90.  90.  90.1 90.1 90.1
 90.1 90.1 90.1 90.2 90.2 90.2] and was these frames: [ 0  1  2  3  4  5  6  7  8  9 10 11 12 13 14 15 16 17 18 19]
90.5076 	DATA 	Mouse:  Left button up, pos=(350,807)
92.9770 	DATA 	Keypress: escape
